Output changed following CE verification
Input: DH_CLIENT_HELLO RSA_CLIENT_HELLO PSK_CLIENT_HELLO PSK_CLIENT_HELLO PSK_CLIENT_HELLO ECDH_CLIENT_KEY_EXCHANGE CHANGE_CIPHER_SPEC ECDH_CLIENT_KEY_EXCHANGE Alert(WARNING,CLOSE_NOTIFY) DH_CLIENT_KEY_EXCHANGE ECDH_CLIENT_HELLO EMPTY_CERTIFICATE RSA_CLIENT_KEY_EXCHANGE ECDH_CLIENT_KEY_EXCHANGE ECDH_CLIENT_HELLO PSK_CLIENT_KEY_EXCHANGE RSA_CLIENT_KEY_EXCHANGE APPLICATION RSA_CLIENT_HELLO RSA_CLIENT_KEY_EXCHANGE PSK_CLIENT_KEY_EXCHANGE CERTIFICATE_VERIFY
Original output: HELLO_VERIFY_REQUEST SERVER_HELLO,CERTIFICATE,CERTIFICATE_REQUEST,SERVER_HELLO_DONE TIMEOUT Alert(FATAL,UNEXPECTED_MESSAGE) TIMEOUT TIMEOUT TIMEOUT TIMEOUT TIMEOUT TIMEOUT TIMEOUT TIMEOUT TIMEOUT TIMEOUT TIMEOUT TIMEOUT TIMEOUT TIMEOUT TIMEOUT TIMEOUT TIMEOUT TIMEOUT
New output: HELLO_VERIFY_REQUEST SERVER_HELLO,CERTIFICATE,CERTIFICATE_REQUEST,SERVER_HELLO_DONE Alert(FATAL,UNEXPECTED_MESSAGE) TIMEOUT TIMEOUT TIMEOUT TIMEOUT TIMEOUT TIMEOUT TIMEOUT TIMEOUT TIMEOUT TIMEOUT TIMEOUT TIMEOUT TIMEOUT TIMEOUT TIMEOUT TIMEOUT TIMEOUT TIMEOUT TIMEOUT
New CE status: not a CE
Output changed following CE verification
Input: DH_CLIENT_HELLO PSK_CLIENT_HELLO PSK_CLIENT_KEY_EXCHANGE CHANGE_CIPHER_SPEC FINISHED DH_CLIENT_KEY_EXCHANGE DH_CLIENT_KEY_EXCHANGE APPLICATION ECDH_CLIENT_HELLO CERTIFICATE_VERIFY CERTIFICATE_VERIFY Alert(WARNING,CLOSE_NOTIFY) PSK_CLIENT_KEY_EXCHANGE CERTIFICATE_VERIFY
Original output: HELLO_VERIFY_REQUEST SERVER_HELLO,SERVER_HELLO_DONE TIMEOUT TIMEOUT TIMEOUT CHANGE_CIPHER_SPEC,UNKNOWN_MESSAGE TIMEOUT UNKNOWN_MESSAGE TIMEOUT TIMEOUT TIMEOUT TIMEOUT TIMEOUT TIMEOUT
New output: HELLO_VERIFY_REQUEST SERVER_HELLO,SERVER_HELLO_DONE TIMEOUT TIMEOUT CHANGE_CIPHER_SPEC,FINISHED TIMEOUT TIMEOUT Alert(FATAL,UNEXPECTED_MESSAGE) TIMEOUT TIMEOUT TIMEOUT TIMEOUT TIMEOUT TIMEOUT
New CE status: not a CE
Output changed following CE verification
Input: RSA_CLIENT_HELLO RSA_CLIENT_HELLO EMPTY_CERTIFICATE RSA_CLIENT_KEY_EXCHANGE RSA_CLIENT_KEY_EXCHANGE Alert(FATAL,UNEXPECTED_MESSAGE) Alert(WARNING,CLOSE_NOTIFY) PSK_CLIENT_KEY_EXCHANGE CHANGE_CIPHER_SPEC DH_CLIENT_HELLO DH_CLIENT_HELLO ECDH_CLIENT_HELLO ECDH_CLIENT_HELLO PSK_CLIENT_HELLO DH_CLIENT_HELLO RSA_CLIENT_KEY_EXCHANGE RSA_CLIENT_HELLO CERTIFICATE DH_CLIENT_KEY_EXCHANGE EMPTY_CERTIFICATE CHANGE_CIPHER_SPEC PSK_CLIENT_KEY_EXCHANGE DH_CLIENT_KEY_EXCHANGE FINISHED
Original output: TIMEOUT HELLO_VERIFY_REQUEST+ Alert(FATAL,UNEXPECTED_MESSAGE) TIMEOUT TIMEOUT TIMEOUT TIMEOUT TIMEOUT TIMEOUT TIMEOUT TIMEOUT TIMEOUT TIMEOUT TIMEOUT TIMEOUT TIMEOUT TIMEOUT TIMEOUT TIMEOUT TIMEOUT TIMEOUT TIMEOUT TIMEOUT TIMEOUT
New output: HELLO_VERIFY_REQUEST SERVER_HELLO,CERTIFICATE,CERTIFICATE_REQUEST,SERVER_HELLO_DONE TIMEOUT TIMEOUT Alert(FATAL,UNEXPECTED_MESSAGE) TIMEOUT TIMEOUT TIMEOUT TIMEOUT TIMEOUT TIMEOUT TIMEOUT TIMEOUT TIMEOUT TIMEOUT TIMEOUT TIMEOUT TIMEOUT TIMEOUT TIMEOUT TIMEOUT TIMEOUT TIMEOUT TIMEOUT
New CE status: not a CE
Output changed following CE verification
Input: ECDH_CLIENT_HELLO RSA_CLIENT_HELLO EMPTY_CERTIFICATE PSK_CLIENT_KEY_EXCHANGE DH_CLIENT_HELLO ECDH_CLIENT_HELLO
Original output: HELLO_VERIFY_REQUEST SERVER_HELLO,CERTIFICATE,CERTIFICATE_REQUEST,SERVER_HELLO_DONE TIMEOUT TIMEOUT TIMEOUT Alert(FATAL,UNEXPECTED_MESSAGE)
New output: HELLO_VERIFY_REQUEST SERVER_HELLO,CERTIFICATE,CERTIFICATE_REQUEST,SERVER_HELLO_DONE TIMEOUT TIMEOUT Alert(FATAL,UNEXPECTED_MESSAGE) TIMEOUT
New CE status: not a CE
Output changed following CE verification
Input: ECDH_CLIENT_HELLO ECDH_CLIENT_HELLO CERTIFICATE Alert(FATAL,UNEXPECTED_MESSAGE) CERTIFICATE_VERIFY APPLICATION
Original output: HELLO_VERIFY_REQUEST SERVER_HELLO CERTIFICATE,ECDHE_SERVER_KEY_EXCHANGE,CERTIFICATE_REQUEST,SERVER_HELLO_DONE TIMEOUT TIMEOUT Alert(FATAL,UNEXPECTED_MESSAGE)
New output: HELLO_VERIFY_REQUEST SERVER_HELLO,CERTIFICATE,ECDHE_SERVER_KEY_EXCHANGE,CERTIFICATE_REQUEST,SERVER_HELLO_DONE TIMEOUT TIMEOUT TIMEOUT Alert(FATAL,UNEXPECTED_MESSAGE)
New CE status: not a CE
