Non determinism when running test multiple times
Test: ECDH_CLIENT_HELLO ECDH_CLIENT_HELLO ECDH_CLIENT_KEY_EXCHANGE CHANGE_CIPHER_SPEC FINISHED CERTIFICATE ECDH_CLIENT_HELLO ECDH_CLIENT_KEY_EXCHANGE CHANGE_CIPHER_SPEC
2 times outputs: HELLO_VERIFY_REQUEST SERVER_HELLO,CERTIFICATE,ECDHE_SERVER_KEY_EXCHANGE,CERTIFICATE_REQUEST,SERVER_HELLO_DONE TIMEOUT TIMEOUT CHANGE_CIPHER_SPEC,FINISHED TIMEOUT Alert(WARNING,NO_RENEGOTIATION) TIMEOUT CHANGE_CIPHER_SPEC,UNKNOWN_MESSAGE
1 times outputs: HELLO_VERIFY_REQUEST SERVER_HELLO,CERTIFICATE,ECDHE_SERVER_KEY_EXCHANGE,CERTIFICATE_REQUEST,SERVER_HELLO_DONE TIMEOUT TIMEOUT CHANGE_CIPHER_SPEC,FINISHED TIMEOUT Alert(WARNING,NO_RENEGOTIATION) TIMEOUT CHANGE_CIPHER_SPEC
Performing probabilistic sanitization
Most likely answer has likelyhood 0.8571428571428571 after 7 runs
Answer deemed to be in acceptable range, returning answer
Output changed following CE verification
Input: ECDH_CLIENT_HELLO ECDH_CLIENT_HELLO ECDH_CLIENT_KEY_EXCHANGE FINISHED CERTIFICATE ECDH_CLIENT_KEY_EXCHANGE EMPTY_CERTIFICATE ECDH_CLIENT_KEY_EXCHANGE FINISHED CHANGE_CIPHER_SPEC Alert(FATAL,UNEXPECTED_MESSAGE) CERTIFICATE_VERIFY ECDH_CLIENT_KEY_EXCHANGE CERTIFICATE_VERIFY CERTIFICATE APPLICATION FINISHED ECDH_CLIENT_HELLO ECDH_CLIENT_KEY_EXCHANGE Alert(FATAL,UNEXPECTED_MESSAGE) Alert(WARNING,CLOSE_NOTIFY) Alert(WARNING,CLOSE_NOTIFY)
Original output: HELLO_VERIFY_REQUEST SERVER_HELLO,CERTIFICATE,ECDHE_SERVER_KEY_EXCHANGE,CERTIFICATE_REQUEST,SERVER_HELLO_DONE TIMEOUT CHANGE_CIPHER_SPEC,FINISHED TIMEOUT TIMEOUT TIMEOUT TIMEOUT TIMEOUT CHANGE_CIPHER_SPEC TIMEOUT TIMEOUT TIMEOUT TIMEOUT TIMEOUT TIMEOUT TIMEOUT TIMEOUT TIMEOUT TIMEOUT TIMEOUT TIMEOUT
New output: HELLO_VERIFY_REQUEST SERVER_HELLO,CERTIFICATE,ECDHE_SERVER_KEY_EXCHANGE,CERTIFICATE_REQUEST,SERVER_HELLO_DONE TIMEOUT CHANGE_CIPHER_SPEC,FINISHED TIMEOUT TIMEOUT TIMEOUT TIMEOUT TIMEOUT CHANGE_CIPHER_SPEC,UNKNOWN_MESSAGE TIMEOUT TIMEOUT TIMEOUT TIMEOUT TIMEOUT TIMEOUT TIMEOUT TIMEOUT TIMEOUT TIMEOUT TIMEOUT TIMEOUT
New CE status: not a CE
Output changed following CE verification
Input: ECDH_CLIENT_HELLO ECDH_CLIENT_HELLO ECDH_CLIENT_KEY_EXCHANGE FINISHED CERTIFICATE ECDH_CLIENT_HELLO ECDH_CLIENT_KEY_EXCHANGE ECDH_CLIENT_KEY_EXCHANGE CHANGE_CIPHER_SPEC Alert(WARNING,CLOSE_NOTIFY) Alert(FATAL,UNEXPECTED_MESSAGE) CERTIFICATE FINISHED CERTIFICATE_VERIFY Alert(FATAL,UNEXPECTED_MESSAGE) ECDH_CLIENT_KEY_EXCHANGE APPLICATION Alert(WARNING,CLOSE_NOTIFY)
Original output: HELLO_VERIFY_REQUEST SERVER_HELLO,CERTIFICATE,ECDHE_SERVER_KEY_EXCHANGE,CERTIFICATE_REQUEST,SERVER_HELLO_DONE TIMEOUT CHANGE_CIPHER_SPEC,FINISHED TIMEOUT HELLO_VERIFY_REQUEST TIMEOUT TIMEOUT CHANGE_CIPHER_SPEC TIMEOUT TIMEOUT TIMEOUT TIMEOUT TIMEOUT TIMEOUT TIMEOUT TIMEOUT TIMEOUT
New output: HELLO_VERIFY_REQUEST SERVER_HELLO,CERTIFICATE,ECDHE_SERVER_KEY_EXCHANGE,CERTIFICATE_REQUEST,SERVER_HELLO_DONE TIMEOUT CHANGE_CIPHER_SPEC,FINISHED TIMEOUT HELLO_VERIFY_REQUEST TIMEOUT TIMEOUT CHANGE_CIPHER_SPEC,UNKNOWN_MESSAGE TIMEOUT TIMEOUT TIMEOUT TIMEOUT TIMEOUT TIMEOUT TIMEOUT TIMEOUT TIMEOUT
New CE status: not a CE
Output changed following CE verification
Input: ECDH_CLIENT_HELLO ECDH_CLIENT_HELLO ECDH_CLIENT_KEY_EXCHANGE FINISHED ECDH_CLIENT_HELLO CERTIFICATE CERTIFICATE ECDH_CLIENT_KEY_EXCHANGE CHANGE_CIPHER_SPEC ECDH_CLIENT_KEY_EXCHANGE EMPTY_CERTIFICATE CERTIFICATE CERTIFICATE CERTIFICATE CHANGE_CIPHER_SPEC Alert(WARNING,CLOSE_NOTIFY)
Original output: HELLO_VERIFY_REQUEST SERVER_HELLO,CERTIFICATE,ECDHE_SERVER_KEY_EXCHANGE,CERTIFICATE_REQUEST,SERVER_HELLO_DONE TIMEOUT CHANGE_CIPHER_SPEC,FINISHED HELLO_VERIFY_REQUEST TIMEOUT TIMEOUT TIMEOUT CHANGE_CIPHER_SPEC TIMEOUT TIMEOUT TIMEOUT TIMEOUT TIMEOUT TIMEOUT TIMEOUT
New output: HELLO_VERIFY_REQUEST SERVER_HELLO,CERTIFICATE,ECDHE_SERVER_KEY_EXCHANGE,CERTIFICATE_REQUEST,SERVER_HELLO_DONE TIMEOUT CHANGE_CIPHER_SPEC,FINISHED HELLO_VERIFY_REQUEST TIMEOUT TIMEOUT TIMEOUT CHANGE_CIPHER_SPEC,UNKNOWN_MESSAGE TIMEOUT TIMEOUT TIMEOUT TIMEOUT TIMEOUT TIMEOUT TIMEOUT
New CE status: not a CE
Output changed following CE verification
Input: ECDH_CLIENT_HELLO ECDH_CLIENT_HELLO ECDH_CLIENT_KEY_EXCHANGE FINISHED CERTIFICATE ECDH_CLIENT_KEY_EXCHANGE CHANGE_CIPHER_SPEC ECDH_CLIENT_KEY_EXCHANGE ECDH_CLIENT_KEY_EXCHANGE EMPTY_CERTIFICATE Alert(FATAL,UNEXPECTED_MESSAGE) Alert(WARNING,CLOSE_NOTIFY) CERTIFICATE_VERIFY ECDH_CLIENT_KEY_EXCHANGE EMPTY_CERTIFICATE APPLICATION CERTIFICATE ECDH_CLIENT_HELLO ECDH_CLIENT_HELLO Alert(WARNING,CLOSE_NOTIFY) Alert(FATAL,UNEXPECTED_MESSAGE) FINISHED CERTIFICATE APPLICATION FINISHED Alert(FATAL,UNEXPECTED_MESSAGE) CERTIFICATE_VERIFY Alert(FATAL,UNEXPECTED_MESSAGE) EMPTY_CERTIFICATE FINISHED CERTIFICATE_VERIFY FINISHED Alert(FATAL,UNEXPECTED_MESSAGE) CERTIFICATE_VERIFY ECDH_CLIENT_HELLO Alert(WARNING,CLOSE_NOTIFY) ECDH_CLIENT_KEY_EXCHANGE APPLICATION CHANGE_CIPHER_SPEC ECDH_CLIENT_KEY_EXCHANGE CERTIFICATE_VERIFY CERTIFICATE CERTIFICATE Alert(WARNING,CLOSE_NOTIFY) EMPTY_CERTIFICATE ECDH_CLIENT_HELLO FINISHED EMPTY_CERTIFICATE EMPTY_CERTIFICATE Alert(WARNING,CLOSE_NOTIFY) CERTIFICATE_VERIFY APPLICATION ECDH_CLIENT_HELLO
Original output: HELLO_VERIFY_REQUEST SERVER_HELLO,CERTIFICATE,ECDHE_SERVER_KEY_EXCHANGE,CERTIFICATE_REQUEST,SERVER_HELLO_DONE TIMEOUT CHANGE_CIPHER_SPEC,FINISHED TIMEOUT TIMEOUT CHANGE_CIPHER_SPEC TIMEOUT TIMEOUT TIMEOUT TIMEOUT TIMEOUT TIMEOUT TIMEOUT TIMEOUT TIMEOUT TIMEOUT TIMEOUT TIMEOUT TIMEOUT TIMEOUT TIMEOUT TIMEOUT TIMEOUT TIMEOUT TIMEOUT TIMEOUT TIMEOUT TIMEOUT TIMEOUT TIMEOUT TIMEOUT TIMEOUT TIMEOUT TIMEOUT TIMEOUT TIMEOUT TIMEOUT TIMEOUT TIMEOUT TIMEOUT TIMEOUT TIMEOUT TIMEOUT TIMEOUT TIMEOUT TIMEOUT TIMEOUT TIMEOUT TIMEOUT TIMEOUT TIMEOUT TIMEOUT
New output: HELLO_VERIFY_REQUEST SERVER_HELLO,CERTIFICATE,ECDHE_SERVER_KEY_EXCHANGE,CERTIFICATE_REQUEST,SERVER_HELLO_DONE TIMEOUT CHANGE_CIPHER_SPEC,FINISHED TIMEOUT TIMEOUT CHANGE_CIPHER_SPEC,UNKNOWN_MESSAGE TIMEOUT TIMEOUT TIMEOUT TIMEOUT TIMEOUT TIMEOUT TIMEOUT TIMEOUT TIMEOUT TIMEOUT TIMEOUT TIMEOUT TIMEOUT TIMEOUT TIMEOUT TIMEOUT TIMEOUT TIMEOUT TIMEOUT TIMEOUT TIMEOUT TIMEOUT TIMEOUT TIMEOUT TIMEOUT TIMEOUT TIMEOUT TIMEOUT TIMEOUT TIMEOUT TIMEOUT TIMEOUT TIMEOUT TIMEOUT TIMEOUT TIMEOUT TIMEOUT TIMEOUT TIMEOUT TIMEOUT TIMEOUT TIMEOUT TIMEOUT TIMEOUT TIMEOUT TIMEOUT
New CE status: not a CE
Output changed following CE verification
Input: ECDH_CLIENT_HELLO ECDH_CLIENT_HELLO ECDH_CLIENT_KEY_EXCHANGE FINISHED CERTIFICATE ECDH_CLIENT_KEY_EXCHANGE ECDH_CLIENT_HELLO CHANGE_CIPHER_SPEC APPLICATION CERTIFICATE APPLICATION EMPTY_CERTIFICATE CERTIFICATE Alert(WARNING,CLOSE_NOTIFY) CHANGE_CIPHER_SPEC ECDH_CLIENT_KEY_EXCHANGE CERTIFICATE FINISHED ECDH_CLIENT_HELLO
Original output: HELLO_VERIFY_REQUEST SERVER_HELLO,CERTIFICATE,ECDHE_SERVER_KEY_EXCHANGE,CERTIFICATE_REQUEST,SERVER_HELLO_DONE TIMEOUT CHANGE_CIPHER_SPEC,FINISHED TIMEOUT TIMEOUT HELLO_VERIFY_REQUEST CHANGE_CIPHER_SPEC TIMEOUT TIMEOUT TIMEOUT TIMEOUT TIMEOUT TIMEOUT TIMEOUT TIMEOUT TIMEOUT TIMEOUT TIMEOUT
New output: HELLO_VERIFY_REQUEST SERVER_HELLO,CERTIFICATE,ECDHE_SERVER_KEY_EXCHANGE,CERTIFICATE_REQUEST,SERVER_HELLO_DONE TIMEOUT CHANGE_CIPHER_SPEC,FINISHED TIMEOUT TIMEOUT HELLO_VERIFY_REQUEST CHANGE_CIPHER_SPEC,UNKNOWN_MESSAGE TIMEOUT TIMEOUT TIMEOUT TIMEOUT TIMEOUT TIMEOUT TIMEOUT TIMEOUT TIMEOUT TIMEOUT TIMEOUT
New CE status: not a CE
Output changed following CE verification
Input: ECDH_CLIENT_HELLO ECDH_CLIENT_HELLO ECDH_CLIENT_KEY_EXCHANGE FINISHED APPLICATION ECDH_CLIENT_HELLO APPLICATION CERTIFICATE_VERIFY APPLICATION EMPTY_CERTIFICATE ECDH_CLIENT_HELLO EMPTY_CERTIFICATE Alert(FATAL,UNEXPECTED_MESSAGE) Alert(FATAL,UNEXPECTED_MESSAGE) Alert(WARNING,CLOSE_NOTIFY) Alert(FATAL,UNEXPECTED_MESSAGE) FINISHED ECDH_CLIENT_HELLO ECDH_CLIENT_KEY_EXCHANGE FINISHED CERTIFICATE ECDH_CLIENT_KEY_EXCHANGE CHANGE_CIPHER_SPEC
Original output: HELLO_VERIFY_REQUEST SERVER_HELLO,CERTIFICATE,ECDHE_SERVER_KEY_EXCHANGE,CERTIFICATE_REQUEST,SERVER_HELLO_DONE TIMEOUT CHANGE_CIPHER_SPEC,FINISHED APPLICATION HELLO_VERIFY_REQUEST APPLICATION TIMEOUT APPLICATION TIMEOUT SERVER_HELLO,CHANGE_CIPHER_SPEC,FINISHED Alert(FATAL,INTERNAL_ERROR) TIMEOUT TIMEOUT TIMEOUT TIMEOUT TIMEOUT SERVER_HELLO,CERTIFICATE,ECDHE_SERVER_KEY_EXCHANGE,CERTIFICATE_REQUEST,SERVER_HELLO_DONE TIMEOUT CHANGE_CIPHER_SPEC,FINISHED TIMEOUT TIMEOUT CHANGE_CIPHER_SPEC
New output: HELLO_VERIFY_REQUEST SERVER_HELLO,CERTIFICATE,ECDHE_SERVER_KEY_EXCHANGE,CERTIFICATE_REQUEST,SERVER_HELLO_DONE TIMEOUT CHANGE_CIPHER_SPEC,FINISHED APPLICATION HELLO_VERIFY_REQUEST APPLICATION TIMEOUT APPLICATION TIMEOUT SERVER_HELLO,CHANGE_CIPHER_SPEC,FINISHED Alert(FATAL,INTERNAL_ERROR) TIMEOUT TIMEOUT TIMEOUT TIMEOUT TIMEOUT SERVER_HELLO,CERTIFICATE,ECDHE_SERVER_KEY_EXCHANGE,CERTIFICATE_REQUEST,SERVER_HELLO_DONE TIMEOUT CHANGE_CIPHER_SPEC,FINISHED TIMEOUT TIMEOUT CHANGE_CIPHER_SPEC,UNKNOWN_MESSAGE
New CE status: not a CE
Output changed following CE verification
Input: ECDH_CLIENT_HELLO ECDH_CLIENT_HELLO ECDH_CLIENT_KEY_EXCHANGE FINISHED ECDH_CLIENT_KEY_EXCHANGE ECDH_CLIENT_HELLO Alert(WARNING,CLOSE_NOTIFY) ECDH_CLIENT_HELLO ECDH_CLIENT_KEY_EXCHANGE FINISHED CERTIFICATE ECDH_CLIENT_KEY_EXCHANGE CHANGE_CIPHER_SPEC
Original output: HELLO_VERIFY_REQUEST SERVER_HELLO,CERTIFICATE,ECDHE_SERVER_KEY_EXCHANGE,CERTIFICATE_REQUEST,SERVER_HELLO_DONE TIMEOUT CHANGE_CIPHER_SPEC,FINISHED TIMEOUT HELLO_VERIFY_REQUEST Alert(WARNING,CLOSE_NOTIFY) SERVER_HELLO,CERTIFICATE,ECDHE_SERVER_KEY_EXCHANGE,CERTIFICATE_REQUEST,SERVER_HELLO_DONE TIMEOUT CHANGE_CIPHER_SPEC,FINISHED TIMEOUT TIMEOUT CHANGE_CIPHER_SPEC
New output: HELLO_VERIFY_REQUEST SERVER_HELLO,CERTIFICATE,ECDHE_SERVER_KEY_EXCHANGE,CERTIFICATE_REQUEST,SERVER_HELLO_DONE TIMEOUT CHANGE_CIPHER_SPEC,FINISHED TIMEOUT HELLO_VERIFY_REQUEST Alert(WARNING,CLOSE_NOTIFY) SERVER_HELLO,CERTIFICATE,ECDHE_SERVER_KEY_EXCHANGE,CERTIFICATE_REQUEST,SERVER_HELLO_DONE TIMEOUT CHANGE_CIPHER_SPEC,FINISHED TIMEOUT TIMEOUT CHANGE_CIPHER_SPEC,UNKNOWN_MESSAGE
New CE status: not a CE
Output changed following CE verification
Input: ECDH_CLIENT_HELLO ECDH_CLIENT_HELLO ECDH_CLIENT_KEY_EXCHANGE FINISHED CERTIFICATE ECDH_CLIENT_KEY_EXCHANGE CHANGE_CIPHER_SPEC ECDH_CLIENT_HELLO ECDH_CLIENT_KEY_EXCHANGE CHANGE_CIPHER_SPEC ECDH_CLIENT_HELLO
Original output: HELLO_VERIFY_REQUEST SERVER_HELLO,CERTIFICATE,ECDHE_SERVER_KEY_EXCHANGE,CERTIFICATE_REQUEST,SERVER_HELLO_DONE TIMEOUT CHANGE_CIPHER_SPEC,FINISHED TIMEOUT TIMEOUT CHANGE_CIPHER_SPEC TIMEOUT TIMEOUT TIMEOUT TIMEOUT
New output: HELLO_VERIFY_REQUEST SERVER_HELLO,CERTIFICATE,ECDHE_SERVER_KEY_EXCHANGE,CERTIFICATE_REQUEST,SERVER_HELLO_DONE TIMEOUT CHANGE_CIPHER_SPEC,FINISHED TIMEOUT TIMEOUT CHANGE_CIPHER_SPEC,UNKNOWN_MESSAGE TIMEOUT TIMEOUT TIMEOUT TIMEOUT
New CE status: not a CE
Output changed following CE verification
Input: ECDH_CLIENT_HELLO ECDH_CLIENT_HELLO ECDH_CLIENT_KEY_EXCHANGE FINISHED ECDH_CLIENT_HELLO APPLICATION ECDH_CLIENT_HELLO APPLICATION FINISHED ECDH_CLIENT_HELLO Alert(WARNING,CLOSE_NOTIFY) ECDH_CLIENT_HELLO ECDH_CLIENT_KEY_EXCHANGE FINISHED CERTIFICATE ECDH_CLIENT_KEY_EXCHANGE CHANGE_CIPHER_SPEC
Original output: HELLO_VERIFY_REQUEST SERVER_HELLO,CERTIFICATE,ECDHE_SERVER_KEY_EXCHANGE,CERTIFICATE_REQUEST,SERVER_HELLO_DONE TIMEOUT CHANGE_CIPHER_SPEC,FINISHED HELLO_VERIFY_REQUEST APPLICATION SERVER_HELLO,CHANGE_CIPHER_SPEC,FINISHED TIMEOUT APPLICATION SERVER_HELLO,CHANGE_CIPHER_SPEC,FINISHED Alert(WARNING,CLOSE_NOTIFY) SERVER_HELLO,CERTIFICATE,ECDHE_SERVER_KEY_EXCHANGE,CERTIFICATE_REQUEST,SERVER_HELLO_DONE TIMEOUT CHANGE_CIPHER_SPEC,FINISHED TIMEOUT TIMEOUT CHANGE_CIPHER_SPEC
New output: HELLO_VERIFY_REQUEST SERVER_HELLO,CERTIFICATE,ECDHE_SERVER_KEY_EXCHANGE,CERTIFICATE_REQUEST,SERVER_HELLO_DONE TIMEOUT CHANGE_CIPHER_SPEC,FINISHED HELLO_VERIFY_REQUEST APPLICATION SERVER_HELLO,CHANGE_CIPHER_SPEC,FINISHED TIMEOUT APPLICATION SERVER_HELLO,CHANGE_CIPHER_SPEC,FINISHED Alert(WARNING,CLOSE_NOTIFY) SERVER_HELLO,CERTIFICATE,ECDHE_SERVER_KEY_EXCHANGE,CERTIFICATE_REQUEST,SERVER_HELLO_DONE TIMEOUT CHANGE_CIPHER_SPEC,FINISHED TIMEOUT TIMEOUT CHANGE_CIPHER_SPEC,UNKNOWN_MESSAGE
New CE status: not a CE
Output changed following CE verification
Input: ECDH_CLIENT_HELLO ECDH_CLIENT_HELLO EMPTY_CERTIFICATE EMPTY_CERTIFICATE EMPTY_CERTIFICATE ECDH_CLIENT_HELLO Alert(WARNING,CLOSE_NOTIFY) ECDH_CLIENT_HELLO ECDH_CLIENT_KEY_EXCHANGE FINISHED CERTIFICATE ECDH_CLIENT_KEY_EXCHANGE CHANGE_CIPHER_SPEC
Original output: HELLO_VERIFY_REQUEST SERVER_HELLO,CERTIFICATE,ECDHE_SERVER_KEY_EXCHANGE,CERTIFICATE_REQUEST,SERVER_HELLO_DONE TIMEOUT TIMEOUT TIMEOUT HELLO_VERIFY_REQUEST Alert(WARNING,CLOSE_NOTIFY) SERVER_HELLO,CERTIFICATE,ECDHE_SERVER_KEY_EXCHANGE,CERTIFICATE_REQUEST,SERVER_HELLO_DONE TIMEOUT CHANGE_CIPHER_SPEC,FINISHED TIMEOUT TIMEOUT CHANGE_CIPHER_SPEC
New output: HELLO_VERIFY_REQUEST SERVER_HELLO,CERTIFICATE,ECDHE_SERVER_KEY_EXCHANGE,CERTIFICATE_REQUEST,SERVER_HELLO_DONE TIMEOUT TIMEOUT TIMEOUT HELLO_VERIFY_REQUEST Alert(WARNING,CLOSE_NOTIFY) SERVER_HELLO,CERTIFICATE,ECDHE_SERVER_KEY_EXCHANGE,CERTIFICATE_REQUEST,SERVER_HELLO_DONE TIMEOUT CHANGE_CIPHER_SPEC,FINISHED TIMEOUT TIMEOUT CHANGE_CIPHER_SPEC,UNKNOWN_MESSAGE
New CE status: not a CE
Output changed following CE verification
Input: ECDH_CLIENT_HELLO ECDH_CLIENT_HELLO ECDH_CLIENT_KEY_EXCHANGE FINISHED ECDH_CLIENT_HELLO APPLICATION ECDH_CLIENT_HELLO CERTIFICATE_VERIFY ECDH_CLIENT_KEY_EXCHANGE ECDH_CLIENT_HELLO ECDH_CLIENT_KEY_EXCHANGE FINISHED CERTIFICATE ECDH_CLIENT_KEY_EXCHANGE CHANGE_CIPHER_SPEC
Original output: HELLO_VERIFY_REQUEST SERVER_HELLO,CERTIFICATE,ECDHE_SERVER_KEY_EXCHANGE,CERTIFICATE_REQUEST,SERVER_HELLO_DONE TIMEOUT CHANGE_CIPHER_SPEC,FINISHED HELLO_VERIFY_REQUEST APPLICATION SERVER_HELLO,CHANGE_CIPHER_SPEC,FINISHED Alert(FATAL,UNEXPECTED_MESSAGE) TIMEOUT SERVER_HELLO,CERTIFICATE,ECDHE_SERVER_KEY_EXCHANGE,CERTIFICATE_REQUEST,SERVER_HELLO_DONE TIMEOUT CHANGE_CIPHER_SPEC,FINISHED TIMEOUT TIMEOUT CHANGE_CIPHER_SPEC
New output: HELLO_VERIFY_REQUEST SERVER_HELLO,CERTIFICATE,ECDHE_SERVER_KEY_EXCHANGE,CERTIFICATE_REQUEST,SERVER_HELLO_DONE TIMEOUT CHANGE_CIPHER_SPEC,FINISHED HELLO_VERIFY_REQUEST APPLICATION SERVER_HELLO,CHANGE_CIPHER_SPEC,FINISHED Alert(FATAL,UNEXPECTED_MESSAGE) TIMEOUT SERVER_HELLO,CERTIFICATE,ECDHE_SERVER_KEY_EXCHANGE,CERTIFICATE_REQUEST,SERVER_HELLO_DONE TIMEOUT CHANGE_CIPHER_SPEC,FINISHED TIMEOUT TIMEOUT CHANGE_CIPHER_SPEC,UNKNOWN_MESSAGE
New CE status: not a CE
Output changed following CE verification
Input: ECDH_CLIENT_HELLO ECDH_CLIENT_HELLO ECDH_CLIENT_KEY_EXCHANGE CHANGE_CIPHER_SPEC FINISHED CERTIFICATE ECDH_CLIENT_KEY_EXCHANGE CERTIFICATE CHANGE_CIPHER_SPEC CHANGE_CIPHER_SPEC
Original output: HELLO_VERIFY_REQUEST SERVER_HELLO,CERTIFICATE,ECDHE_SERVER_KEY_EXCHANGE,CERTIFICATE_REQUEST,SERVER_HELLO_DONE TIMEOUT TIMEOUT CHANGE_CIPHER_SPEC,FINISHED TIMEOUT TIMEOUT TIMEOUT CHANGE_CIPHER_SPEC TIMEOUT
New output: HELLO_VERIFY_REQUEST SERVER_HELLO,CERTIFICATE,ECDHE_SERVER_KEY_EXCHANGE,CERTIFICATE_REQUEST,SERVER_HELLO_DONE TIMEOUT TIMEOUT CHANGE_CIPHER_SPEC,FINISHED TIMEOUT TIMEOUT TIMEOUT CHANGE_CIPHER_SPEC,UNKNOWN_MESSAGE TIMEOUT
New CE status: not a CE
Output changed following CE verification
Input: ECDH_CLIENT_HELLO ECDH_CLIENT_HELLO ECDH_CLIENT_KEY_EXCHANGE FINISHED APPLICATION FINISHED EMPTY_CERTIFICATE ECDH_CLIENT_HELLO Alert(WARNING,CLOSE_NOTIFY) ECDH_CLIENT_HELLO ECDH_CLIENT_KEY_EXCHANGE FINISHED CERTIFICATE ECDH_CLIENT_KEY_EXCHANGE CHANGE_CIPHER_SPEC
Original output: HELLO_VERIFY_REQUEST SERVER_HELLO,CERTIFICATE,ECDHE_SERVER_KEY_EXCHANGE,CERTIFICATE_REQUEST,SERVER_HELLO_DONE TIMEOUT CHANGE_CIPHER_SPEC,FINISHED APPLICATION TIMEOUT TIMEOUT HELLO_VERIFY_REQUEST Alert(WARNING,CLOSE_NOTIFY) SERVER_HELLO,CERTIFICATE,ECDHE_SERVER_KEY_EXCHANGE,CERTIFICATE_REQUEST,SERVER_HELLO_DONE TIMEOUT CHANGE_CIPHER_SPEC,FINISHED TIMEOUT TIMEOUT CHANGE_CIPHER_SPEC
New output: HELLO_VERIFY_REQUEST SERVER_HELLO,CERTIFICATE,ECDHE_SERVER_KEY_EXCHANGE,CERTIFICATE_REQUEST,SERVER_HELLO_DONE TIMEOUT CHANGE_CIPHER_SPEC,FINISHED APPLICATION TIMEOUT TIMEOUT HELLO_VERIFY_REQUEST Alert(WARNING,CLOSE_NOTIFY) SERVER_HELLO,CERTIFICATE,ECDHE_SERVER_KEY_EXCHANGE,CERTIFICATE_REQUEST,SERVER_HELLO_DONE TIMEOUT CHANGE_CIPHER_SPEC,FINISHED TIMEOUT TIMEOUT CHANGE_CIPHER_SPEC,UNKNOWN_MESSAGE
New CE status: not a CE
