Output changed following CE verification
Input: ECDH_CLIENT_HELLO ECDH_CLIENT_HELLO ECDH_CLIENT_KEY_EXCHANGE FINISHED ECDH_CLIENT_HELLO CERTIFICATE ECDH_CLIENT_KEY_EXCHANGE ECDH_CLIENT_KEY_EXCHANGE CERTIFICATE_VERIFY ECDH_CLIENT_HELLO CHANGE_CIPHER_SPEC ECDH_CLIENT_HELLO CERTIFICATE ECDH_CLIENT_HELLO
Original output: HELLO_VERIFY_REQUEST SERVER_HELLO,CERTIFICATE,ECDHE_SERVER_KEY_EXCHANGE,SERVER_HELLO_DONE TIMEOUT CHANGE_CIPHER_SPEC,FINISHED HELLO_VERIFY_REQUEST TIMEOUT TIMEOUT TIMEOUT TIMEOUT TIMEOUT CHANGE_CIPHER_SPEC TIMEOUT TIMEOUT TIMEOUT
New output: HELLO_VERIFY_REQUEST SERVER_HELLO,CERTIFICATE,ECDHE_SERVER_KEY_EXCHANGE,SERVER_HELLO_DONE TIMEOUT CHANGE_CIPHER_SPEC,FINISHED HELLO_VERIFY_REQUEST TIMEOUT TIMEOUT TIMEOUT TIMEOUT TIMEOUT CHANGE_CIPHER_SPEC,UNKNOWN_MESSAGE TIMEOUT TIMEOUT TIMEOUT
New CE status: not a CE
Output changed following CE verification
Input: ECDH_CLIENT_HELLO ECDH_CLIENT_HELLO ECDH_CLIENT_KEY_EXCHANGE FINISHED CERTIFICATE ECDH_CLIENT_KEY_EXCHANGE CHANGE_CIPHER_SPEC CERTIFICATE CHANGE_CIPHER_SPEC CERTIFICATE CERTIFICATE FINISHED ECDH_CLIENT_HELLO Alert(FATAL,UNEXPECTED_MESSAGE) Alert(WARNING,CLOSE_NOTIFY)
Original output: HELLO_VERIFY_REQUEST SERVER_HELLO,CERTIFICATE,ECDHE_SERVER_KEY_EXCHANGE,SERVER_HELLO_DONE TIMEOUT CHANGE_CIPHER_SPEC,FINISHED TIMEOUT TIMEOUT CHANGE_CIPHER_SPEC TIMEOUT TIMEOUT TIMEOUT TIMEOUT TIMEOUT TIMEOUT TIMEOUT TIMEOUT
New output: HELLO_VERIFY_REQUEST SERVER_HELLO,CERTIFICATE,ECDHE_SERVER_KEY_EXCHANGE,SERVER_HELLO_DONE TIMEOUT CHANGE_CIPHER_SPEC,FINISHED TIMEOUT TIMEOUT CHANGE_CIPHER_SPEC,UNKNOWN_MESSAGE TIMEOUT TIMEOUT TIMEOUT TIMEOUT TIMEOUT TIMEOUT TIMEOUT TIMEOUT
New CE status: not a CE
Output changed following CE verification
Input: ECDH_CLIENT_HELLO ECDH_CLIENT_HELLO ECDH_CLIENT_KEY_EXCHANGE FINISHED ECDH_CLIENT_HELLO CERTIFICATE ECDH_CLIENT_KEY_EXCHANGE CHANGE_CIPHER_SPEC EMPTY_CERTIFICATE FINISHED EMPTY_CERTIFICATE ECDH_CLIENT_HELLO ECDH_CLIENT_KEY_EXCHANGE FINISHED ECDH_CLIENT_HELLO ECDH_CLIENT_KEY_EXCHANGE CERTIFICATE CERTIFICATE_VERIFY ECDH_CLIENT_KEY_EXCHANGE EMPTY_CERTIFICATE ECDH_CLIENT_HELLO
Original output: HELLO_VERIFY_REQUEST SERVER_HELLO,CERTIFICATE,ECDHE_SERVER_KEY_EXCHANGE,SERVER_HELLO_DONE TIMEOUT CHANGE_CIPHER_SPEC,FINISHED HELLO_VERIFY_REQUEST TIMEOUT TIMEOUT CHANGE_CIPHER_SPEC TIMEOUT TIMEOUT TIMEOUT TIMEOUT TIMEOUT TIMEOUT TIMEOUT TIMEOUT TIMEOUT TIMEOUT TIMEOUT TIMEOUT TIMEOUT
New output: HELLO_VERIFY_REQUEST SERVER_HELLO,CERTIFICATE,ECDHE_SERVER_KEY_EXCHANGE,SERVER_HELLO_DONE TIMEOUT CHANGE_CIPHER_SPEC,FINISHED HELLO_VERIFY_REQUEST TIMEOUT TIMEOUT CHANGE_CIPHER_SPEC,UNKNOWN_MESSAGE TIMEOUT TIMEOUT TIMEOUT TIMEOUT TIMEOUT TIMEOUT TIMEOUT TIMEOUT TIMEOUT TIMEOUT TIMEOUT TIMEOUT TIMEOUT
New CE status: not a CE
Output changed following CE verification
Input: ECDH_CLIENT_HELLO ECDH_CLIENT_HELLO ECDH_CLIENT_KEY_EXCHANGE FINISHED CERTIFICATE ECDH_CLIENT_KEY_EXCHANGE CHANGE_CIPHER_SPEC APPLICATION APPLICATION CERTIFICATE Alert(WARNING,CLOSE_NOTIFY) Alert(WARNING,CLOSE_NOTIFY) ECDH_CLIENT_HELLO ECDH_CLIENT_HELLO APPLICATION Alert(WARNING,CLOSE_NOTIFY)
Original output: HELLO_VERIFY_REQUEST SERVER_HELLO,CERTIFICATE,ECDHE_SERVER_KEY_EXCHANGE,SERVER_HELLO_DONE TIMEOUT CHANGE_CIPHER_SPEC,FINISHED TIMEOUT TIMEOUT CHANGE_CIPHER_SPEC TIMEOUT TIMEOUT TIMEOUT TIMEOUT TIMEOUT TIMEOUT TIMEOUT TIMEOUT TIMEOUT
New output: HELLO_VERIFY_REQUEST SERVER_HELLO,CERTIFICATE,ECDHE_SERVER_KEY_EXCHANGE,SERVER_HELLO_DONE TIMEOUT CHANGE_CIPHER_SPEC,FINISHED TIMEOUT TIMEOUT CHANGE_CIPHER_SPEC,UNKNOWN_MESSAGE TIMEOUT TIMEOUT TIMEOUT TIMEOUT TIMEOUT TIMEOUT TIMEOUT TIMEOUT TIMEOUT
New CE status: not a CE
Output changed following CE verification
Input: ECDH_CLIENT_HELLO ECDH_CLIENT_HELLO ECDH_CLIENT_KEY_EXCHANGE FINISHED CERTIFICATE ECDH_CLIENT_KEY_EXCHANGE CERTIFICATE CERTIFICATE_VERIFY CHANGE_CIPHER_SPEC EMPTY_CERTIFICATE CERTIFICATE CERTIFICATE_VERIFY APPLICATION ECDH_CLIENT_KEY_EXCHANGE Alert(FATAL,UNEXPECTED_MESSAGE) CERTIFICATE_VERIFY ECDH_CLIENT_KEY_EXCHANGE EMPTY_CERTIFICATE FINISHED CERTIFICATE CERTIFICATE_VERIFY FINISHED EMPTY_CERTIFICATE EMPTY_CERTIFICATE Alert(WARNING,CLOSE_NOTIFY) Alert(WARNING,CLOSE_NOTIFY) CERTIFICATE Alert(WARNING,CLOSE_NOTIFY) CERTIFICATE ECDH_CLIENT_KEY_EXCHANGE FINISHED
Original output: HELLO_VERIFY_REQUEST SERVER_HELLO,CERTIFICATE,ECDHE_SERVER_KEY_EXCHANGE,SERVER_HELLO_DONE TIMEOUT CHANGE_CIPHER_SPEC,FINISHED TIMEOUT TIMEOUT TIMEOUT TIMEOUT CHANGE_CIPHER_SPEC TIMEOUT TIMEOUT TIMEOUT TIMEOUT TIMEOUT TIMEOUT TIMEOUT TIMEOUT TIMEOUT TIMEOUT TIMEOUT TIMEOUT TIMEOUT TIMEOUT TIMEOUT TIMEOUT TIMEOUT TIMEOUT TIMEOUT TIMEOUT TIMEOUT TIMEOUT
New output: HELLO_VERIFY_REQUEST SERVER_HELLO,CERTIFICATE,ECDHE_SERVER_KEY_EXCHANGE,SERVER_HELLO_DONE TIMEOUT CHANGE_CIPHER_SPEC,FINISHED TIMEOUT TIMEOUT TIMEOUT TIMEOUT CHANGE_CIPHER_SPEC,UNKNOWN_MESSAGE TIMEOUT TIMEOUT TIMEOUT TIMEOUT TIMEOUT TIMEOUT TIMEOUT TIMEOUT TIMEOUT TIMEOUT TIMEOUT TIMEOUT TIMEOUT TIMEOUT TIMEOUT TIMEOUT TIMEOUT TIMEOUT TIMEOUT TIMEOUT TIMEOUT TIMEOUT
New CE status: not a CE
Output changed following CE verification
Input: ECDH_CLIENT_HELLO ECDH_CLIENT_HELLO ECDH_CLIENT_KEY_EXCHANGE FINISHED CERTIFICATE ECDH_CLIENT_KEY_EXCHANGE ECDH_CLIENT_HELLO EMPTY_CERTIFICATE CHANGE_CIPHER_SPEC CHANGE_CIPHER_SPEC FINISHED Alert(FATAL,UNEXPECTED_MESSAGE) ECDH_CLIENT_KEY_EXCHANGE APPLICATION CERTIFICATE FINISHED CERTIFICATE_VERIFY ECDH_CLIENT_HELLO EMPTY_CERTIFICATE EMPTY_CERTIFICATE ECDH_CLIENT_HELLO Alert(WARNING,CLOSE_NOTIFY) ECDH_CLIENT_KEY_EXCHANGE FINISHED Alert(WARNING,CLOSE_NOTIFY) FINISHED Alert(WARNING,CLOSE_NOTIFY) CERTIFICATE CERTIFICATE_VERIFY
Original output: HELLO_VERIFY_REQUEST SERVER_HELLO,CERTIFICATE,ECDHE_SERVER_KEY_EXCHANGE,SERVER_HELLO_DONE TIMEOUT CHANGE_CIPHER_SPEC,FINISHED TIMEOUT TIMEOUT HELLO_VERIFY_REQUEST TIMEOUT CHANGE_CIPHER_SPEC TIMEOUT TIMEOUT TIMEOUT TIMEOUT TIMEOUT TIMEOUT TIMEOUT TIMEOUT TIMEOUT TIMEOUT TIMEOUT TIMEOUT TIMEOUT TIMEOUT TIMEOUT TIMEOUT TIMEOUT TIMEOUT TIMEOUT TIMEOUT
New output: HELLO_VERIFY_REQUEST SERVER_HELLO,CERTIFICATE,ECDHE_SERVER_KEY_EXCHANGE,SERVER_HELLO_DONE TIMEOUT CHANGE_CIPHER_SPEC,FINISHED TIMEOUT TIMEOUT HELLO_VERIFY_REQUEST TIMEOUT CHANGE_CIPHER_SPEC,UNKNOWN_MESSAGE TIMEOUT TIMEOUT TIMEOUT TIMEOUT TIMEOUT TIMEOUT TIMEOUT TIMEOUT TIMEOUT TIMEOUT TIMEOUT TIMEOUT TIMEOUT TIMEOUT TIMEOUT TIMEOUT TIMEOUT TIMEOUT TIMEOUT TIMEOUT
New CE status: not a CE
Output changed following CE verification
Input: ECDH_CLIENT_HELLO ECDH_CLIENT_HELLO ECDH_CLIENT_KEY_EXCHANGE FINISHED ECDH_CLIENT_HELLO CERTIFICATE ECDH_CLIENT_KEY_EXCHANGE ECDH_CLIENT_KEY_EXCHANGE FINISHED CERTIFICATE ECDH_CLIENT_KEY_EXCHANGE CHANGE_CIPHER_SPEC
Original output: HELLO_VERIFY_REQUEST SERVER_HELLO,CERTIFICATE,ECDHE_SERVER_KEY_EXCHANGE,SERVER_HELLO_DONE TIMEOUT CHANGE_CIPHER_SPEC,FINISHED HELLO_VERIFY_REQUEST TIMEOUT TIMEOUT TIMEOUT TIMEOUT TIMEOUT TIMEOUT CHANGE_CIPHER_SPEC
New output: HELLO_VERIFY_REQUEST SERVER_HELLO,CERTIFICATE,ECDHE_SERVER_KEY_EXCHANGE,SERVER_HELLO_DONE TIMEOUT CHANGE_CIPHER_SPEC,FINISHED HELLO_VERIFY_REQUEST TIMEOUT TIMEOUT TIMEOUT TIMEOUT TIMEOUT TIMEOUT CHANGE_CIPHER_SPEC,UNKNOWN_MESSAGE
New CE status: not a CE
Output changed following CE verification
Input: ECDH_CLIENT_HELLO ECDH_CLIENT_HELLO ECDH_CLIENT_KEY_EXCHANGE FINISHED ECDH_CLIENT_HELLO APPLICATION FINISHED Alert(WARNING,CLOSE_NOTIFY) ECDH_CLIENT_HELLO ECDH_CLIENT_KEY_EXCHANGE FINISHED CERTIFICATE ECDH_CLIENT_KEY_EXCHANGE CHANGE_CIPHER_SPEC
Original output: HELLO_VERIFY_REQUEST SERVER_HELLO,CERTIFICATE,ECDHE_SERVER_KEY_EXCHANGE,SERVER_HELLO_DONE TIMEOUT CHANGE_CIPHER_SPEC,FINISHED HELLO_VERIFY_REQUEST APPLICATION TIMEOUT Alert(WARNING,CLOSE_NOTIFY) SERVER_HELLO,CERTIFICATE,ECDHE_SERVER_KEY_EXCHANGE,SERVER_HELLO_DONE TIMEOUT CHANGE_CIPHER_SPEC,FINISHED TIMEOUT TIMEOUT CHANGE_CIPHER_SPEC
New output: HELLO_VERIFY_REQUEST SERVER_HELLO,CERTIFICATE,ECDHE_SERVER_KEY_EXCHANGE,SERVER_HELLO_DONE TIMEOUT CHANGE_CIPHER_SPEC,FINISHED HELLO_VERIFY_REQUEST APPLICATION TIMEOUT Alert(WARNING,CLOSE_NOTIFY) SERVER_HELLO,CERTIFICATE,ECDHE_SERVER_KEY_EXCHANGE,SERVER_HELLO_DONE TIMEOUT CHANGE_CIPHER_SPEC,FINISHED TIMEOUT TIMEOUT CHANGE_CIPHER_SPEC,UNKNOWN_MESSAGE
New CE status: not a CE
Output changed following CE verification
Input: ECDH_CLIENT_HELLO ECDH_CLIENT_HELLO ECDH_CLIENT_KEY_EXCHANGE ECDH_CLIENT_HELLO Alert(FATAL,UNEXPECTED_MESSAGE) ECDH_CLIENT_HELLO ECDH_CLIENT_KEY_EXCHANGE FINISHED CERTIFICATE ECDH_CLIENT_KEY_EXCHANGE CHANGE_CIPHER_SPEC
Original output: HELLO_VERIFY_REQUEST SERVER_HELLO,CERTIFICATE,ECDHE_SERVER_KEY_EXCHANGE,SERVER_HELLO_DONE TIMEOUT HELLO_VERIFY_REQUEST TIMEOUT SERVER_HELLO,CERTIFICATE,ECDHE_SERVER_KEY_EXCHANGE,SERVER_HELLO_DONE TIMEOUT CHANGE_CIPHER_SPEC,FINISHED TIMEOUT TIMEOUT CHANGE_CIPHER_SPEC
New output: HELLO_VERIFY_REQUEST SERVER_HELLO,CERTIFICATE,ECDHE_SERVER_KEY_EXCHANGE,SERVER_HELLO_DONE TIMEOUT HELLO_VERIFY_REQUEST TIMEOUT SERVER_HELLO,CERTIFICATE,ECDHE_SERVER_KEY_EXCHANGE,SERVER_HELLO_DONE TIMEOUT CHANGE_CIPHER_SPEC,FINISHED TIMEOUT TIMEOUT CHANGE_CIPHER_SPEC,UNKNOWN_MESSAGE
New CE status: not a CE
Output changed following CE verification
Input: ECDH_CLIENT_HELLO ECDH_CLIENT_HELLO ECDH_CLIENT_KEY_EXCHANGE FINISHED ECDH_CLIENT_HELLO CERTIFICATE ECDH_CLIENT_KEY_EXCHANGE FINISHED FINISHED CHANGE_CIPHER_SPEC
Original output: HELLO_VERIFY_REQUEST SERVER_HELLO,CERTIFICATE,ECDHE_SERVER_KEY_EXCHANGE,SERVER_HELLO_DONE TIMEOUT CHANGE_CIPHER_SPEC,FINISHED HELLO_VERIFY_REQUEST TIMEOUT TIMEOUT TIMEOUT TIMEOUT CHANGE_CIPHER_SPEC
New output: HELLO_VERIFY_REQUEST SERVER_HELLO,CERTIFICATE,ECDHE_SERVER_KEY_EXCHANGE,SERVER_HELLO_DONE TIMEOUT CHANGE_CIPHER_SPEC,FINISHED HELLO_VERIFY_REQUEST TIMEOUT TIMEOUT TIMEOUT TIMEOUT CHANGE_CIPHER_SPEC,UNKNOWN_MESSAGE
New CE status: not a CE
Output changed following CE verification
Input: ECDH_CLIENT_HELLO ECDH_CLIENT_HELLO EMPTY_CERTIFICATE EMPTY_CERTIFICATE ECDH_CLIENT_KEY_EXCHANGE Alert(WARNING,CLOSE_NOTIFY) ECDH_CLIENT_HELLO ECDH_CLIENT_HELLO ECDH_CLIENT_KEY_EXCHANGE FINISHED CERTIFICATE ECDH_CLIENT_KEY_EXCHANGE CHANGE_CIPHER_SPEC
Original output: HELLO_VERIFY_REQUEST SERVER_HELLO,CERTIFICATE,ECDHE_SERVER_KEY_EXCHANGE,SERVER_HELLO_DONE TIMEOUT TIMEOUT TIMEOUT Alert(WARNING,CLOSE_NOTIFY) HELLO_VERIFY_REQUEST SERVER_HELLO,CERTIFICATE,ECDHE_SERVER_KEY_EXCHANGE,SERVER_HELLO_DONE TIMEOUT CHANGE_CIPHER_SPEC,FINISHED TIMEOUT TIMEOUT CHANGE_CIPHER_SPEC
New output: HELLO_VERIFY_REQUEST SERVER_HELLO,CERTIFICATE,ECDHE_SERVER_KEY_EXCHANGE,SERVER_HELLO_DONE TIMEOUT TIMEOUT TIMEOUT Alert(WARNING,CLOSE_NOTIFY) HELLO_VERIFY_REQUEST SERVER_HELLO,CERTIFICATE,ECDHE_SERVER_KEY_EXCHANGE,SERVER_HELLO_DONE TIMEOUT CHANGE_CIPHER_SPEC,FINISHED TIMEOUT TIMEOUT CHANGE_CIPHER_SPEC,UNKNOWN_MESSAGE
New CE status: not a CE
