Non determinism when running test multiple times
Test: DH_CLIENT_HELLO ECDH_CLIENT_HELLO CHANGE_CIPHER_SPEC ECDH_CLIENT_KEY_EXCHANGE DH_CLIENT_KEY_EXCHANGE ECDH_CLIENT_KEY_EXCHANGE PSK_CLIENT_KEY_EXCHANGE DH_CLIENT_KEY_EXCHANGE
2 times outputs: TIMEOUT SOCKET_CLOSED SOCKET_CLOSED SOCKET_CLOSED SOCKET_CLOSED SOCKET_CLOSED SOCKET_CLOSED SOCKET_CLOSED
1 times outputs: HELLO_VERIFY_REQUEST SERVER_HELLO,CERTIFICATE,ECDHE_SERVER_KEY_EXCHANGE,SERVER_HELLO_DONE TIMEOUT TIMEOUT TIMEOUT TIMEOUT TIMEOUT TIMEOUT
Performing probabilistic sanitization
Most likely answer has likelyhood 1.0 after 7 runs
Answer deemed to be in acceptable range, returning answer
Output changed following CE verification
Input: DH_CLIENT_HELLO ECDH_CLIENT_HELLO CHANGE_CIPHER_SPEC ECDH_CLIENT_KEY_EXCHANGE DH_CLIENT_KEY_EXCHANGE ECDH_CLIENT_KEY_EXCHANGE PSK_CLIENT_KEY_EXCHANGE DH_CLIENT_KEY_EXCHANGE
Original output: TIMEOUT SOCKET_CLOSED SOCKET_CLOSED SOCKET_CLOSED SOCKET_CLOSED SOCKET_CLOSED SOCKET_CLOSED SOCKET_CLOSED
New output: HELLO_VERIFY_REQUEST SERVER_HELLO,CERTIFICATE,ECDHE_SERVER_KEY_EXCHANGE,SERVER_HELLO_DONE TIMEOUT TIMEOUT TIMEOUT TIMEOUT TIMEOUT TIMEOUT
New CE status: not a CE
Output changed following CE verification
Input: ECDH_CLIENT_HELLO RSA_CLIENT_HELLO DH_CLIENT_KEY_EXCHANGE CHANGE_CIPHER_SPEC Alert(FATAL,UNEXPECTED_MESSAGE) Alert(FATAL,UNEXPECTED_MESSAGE) PSK_CLIENT_HELLO ECDH_CLIENT_HELLO CHANGE_CIPHER_SPEC ECDH_CLIENT_HELLO DH_CLIENT_HELLO DH_CLIENT_KEY_EXCHANGE FINISHED RSA_CLIENT_HELLO EMPTY_CERTIFICATE CERTIFICATE APPLICATION DH_CLIENT_KEY_EXCHANGE
Original output: CLIENT_HELLO SOCKET_CLOSED SOCKET_CLOSED SOCKET_CLOSED SOCKET_CLOSED SOCKET_CLOSED SOCKET_CLOSED SOCKET_CLOSED SOCKET_CLOSED SOCKET_CLOSED SOCKET_CLOSED SOCKET_CLOSED SOCKET_CLOSED SOCKET_CLOSED SOCKET_CLOSED SOCKET_CLOSED SOCKET_CLOSED SOCKET_CLOSED
New output: HELLO_VERIFY_REQUEST SERVER_HELLO,CERTIFICATE,SERVER_HELLO_DONE TIMEOUT TIMEOUT Alert(FATAL,BAD_RECORD_MAC) TIMEOUT TIMEOUT TIMEOUT TIMEOUT TIMEOUT TIMEOUT TIMEOUT TIMEOUT TIMEOUT TIMEOUT TIMEOUT TIMEOUT TIMEOUT
New CE status: not a CE
Output changed following CE verification
Input: PSK_CLIENT_HELLO PSK_CLIENT_HELLO PSK_CLIENT_KEY_EXCHANGE CHANGE_CIPHER_SPEC Alert(FATAL,UNEXPECTED_MESSAGE) EMPTY_CERTIFICATE RSA_CLIENT_KEY_EXCHANGE RSA_CLIENT_KEY_EXCHANGE RSA_CLIENT_KEY_EXCHANGE Alert(WARNING,CLOSE_NOTIFY) CHANGE_CIPHER_SPEC PSK_CLIENT_HELLO CERTIFICATE ECDH_CLIENT_HELLO Alert(WARNING,CLOSE_NOTIFY) DH_CLIENT_HELLO EMPTY_CERTIFICATE PSK_CLIENT_KEY_EXCHANGE FINISHED RSA_CLIENT_HELLO ECDH_CLIENT_HELLO Alert(WARNING,CLOSE_NOTIFY) APPLICATION CERTIFICATE ECDH_CLIENT_HELLO APPLICATION
Original output: CLIENT_HELLO SOCKET_CLOSED SOCKET_CLOSED SOCKET_CLOSED SOCKET_CLOSED SOCKET_CLOSED SOCKET_CLOSED SOCKET_CLOSED SOCKET_CLOSED SOCKET_CLOSED SOCKET_CLOSED SOCKET_CLOSED SOCKET_CLOSED SOCKET_CLOSED SOCKET_CLOSED SOCKET_CLOSED SOCKET_CLOSED SOCKET_CLOSED SOCKET_CLOSED SOCKET_CLOSED SOCKET_CLOSED SOCKET_CLOSED SOCKET_CLOSED SOCKET_CLOSED SOCKET_CLOSED SOCKET_CLOSED
New output: HELLO_VERIFY_REQUEST SERVER_HELLO,SERVER_HELLO_DONE TIMEOUT TIMEOUT TIMEOUT TIMEOUT TIMEOUT TIMEOUT TIMEOUT TIMEOUT TIMEOUT TIMEOUT TIMEOUT TIMEOUT TIMEOUT TIMEOUT TIMEOUT TIMEOUT TIMEOUT TIMEOUT TIMEOUT TIMEOUT TIMEOUT TIMEOUT TIMEOUT TIMEOUT
New CE status: not a CE
