Output inconsistent with cache, rerunning membership query
Input: ECDH_CLIENT_HELLO ECDH_CLIENT_HELLO ECDH_CLIENT_KEY_EXCHANGE ECDH_CLIENT_HELLO CERTIFICATE_VERIFY CHANGE_CIPHER_SPEC
Unexpected output: HELLO_VERIFY_REQUEST+ SERVER_HELLO,CERTIFICATE,ECDHE_SERVER_KEY_EXCHANGE,CERTIFICATE_REQUEST,SERVER_HELLO_DONE SOCKET_CLOSED SOCKET_CLOSED SOCKET_CLOSED SOCKET_CLOSED SOCKET_CLOSED SOCKET_CLOSED SOCKET_CLOSED
Cached output: HELLO_VERIFY_REQUEST+ SERVER_HELLO,CERTIFICATE,ECDHE_SERVER_KEY_EXCHANGE,CERTIFICATE_REQUEST,SERVER_HELLO_DONE TIMEOUT TIMEOUT TIMEOUT TIMEOUT
Output changed following rerun
Input: ECDH_CLIENT_HELLO ECDH_CLIENT_HELLO ECDH_CLIENT_KEY_EXCHANGE ECDH_CLIENT_HELLO CERTIFICATE_VERIFY CHANGE_CIPHER_SPEC CERTIFICATE ECDH_CLIENT_KEY_EXCHANGE FINISHED
Original output: HELLO_VERIFY_REQUEST+ SERVER_HELLO,CERTIFICATE,ECDHE_SERVER_KEY_EXCHANGE,CERTIFICATE_REQUEST,SERVER_HELLO_DONE SOCKET_CLOSED SOCKET_CLOSED SOCKET_CLOSED SOCKET_CLOSED SOCKET_CLOSED SOCKET_CLOSED SOCKET_CLOSED
New output: HELLO_VERIFY_REQUEST+ SERVER_HELLO,CERTIFICATE,ECDHE_SERVER_KEY_EXCHANGE,CERTIFICATE_REQUEST,SERVER_HELLO_DONE TIMEOUT TIMEOUT TIMEOUT TIMEOUT TIMEOUT TIMEOUT TIMEOUT
Output changed following CE verification
Input: ECDH_CLIENT_HELLO ECDH_CLIENT_HELLO CERTIFICATE EMPTY_CERTIFICATE ECDH_CLIENT_KEY_EXCHANGE CHANGE_CIPHER_SPEC CERTIFICATE_VERIFY EMPTY_CERTIFICATE CERTIFICATE ECDH_CLIENT_KEY_EXCHANGE ECDH_CLIENT_HELLO CERTIFICATE Alert(WARNING,CLOSE_NOTIFY) ECDH_CLIENT_KEY_EXCHANGE ECDH_CLIENT_HELLO Alert(FATAL,UNEXPECTED_MESSAGE) EMPTY_CERTIFICATE ECDH_CLIENT_HELLO
Original output: HELLO_VERIFY_REQUEST+ SERVER_HELLO,CERTIFICATE,ECDHE_SERVER_KEY_EXCHANGE,CERTIFICATE_REQUEST,SERVER_HELLO_DONE TIMEOUT TIMEOUT TIMEOUT TIMEOUT SOCKET_CLOSED SOCKET_CLOSED SOCKET_CLOSED SOCKET_CLOSED SOCKET_CLOSED SOCKET_CLOSED SOCKET_CLOSED SOCKET_CLOSED SOCKET_CLOSED SOCKET_CLOSED SOCKET_CLOSED SOCKET_CLOSED
New output: HELLO_VERIFY_REQUEST+ SERVER_HELLO,CERTIFICATE,ECDHE_SERVER_KEY_EXCHANGE,CERTIFICATE_REQUEST,SERVER_HELLO_DONE TIMEOUT TIMEOUT TIMEOUT TIMEOUT Alert(FATAL,NO_CERTIFICATE_RESERVED) SOCKET_CLOSED SOCKET_CLOSED SOCKET_CLOSED SOCKET_CLOSED SOCKET_CLOSED SOCKET_CLOSED SOCKET_CLOSED SOCKET_CLOSED SOCKET_CLOSED SOCKET_CLOSED SOCKET_CLOSED
New CE status: not a CE
Output changed following CE verification
Input: ECDH_CLIENT_HELLO ECDH_CLIENT_HELLO CERTIFICATE ECDH_CLIENT_KEY_EXCHANGE CERTIFICATE_VERIFY CERTIFICATE CHANGE_CIPHER_SPEC ECDH_CLIENT_KEY_EXCHANGE ECDH_CLIENT_KEY_EXCHANGE CHANGE_CIPHER_SPEC CHANGE_CIPHER_SPEC CHANGE_CIPHER_SPEC CHANGE_CIPHER_SPEC ECDH_CLIENT_HELLO CHANGE_CIPHER_SPEC Alert(FATAL,UNEXPECTED_MESSAGE) EMPTY_CERTIFICATE EMPTY_CERTIFICATE ECDH_CLIENT_KEY_EXCHANGE CERTIFICATE ECDH_CLIENT_KEY_EXCHANGE
Original output: HELLO_VERIFY_REQUEST+ SOCKET_CLOSED SOCKET_CLOSED SOCKET_CLOSED SOCKET_CLOSED SOCKET_CLOSED SOCKET_CLOSED SOCKET_CLOSED SOCKET_CLOSED SOCKET_CLOSED SOCKET_CLOSED SOCKET_CLOSED SOCKET_CLOSED SOCKET_CLOSED SOCKET_CLOSED SOCKET_CLOSED SOCKET_CLOSED SOCKET_CLOSED SOCKET_CLOSED SOCKET_CLOSED SOCKET_CLOSED
New output: HELLO_VERIFY_REQUEST+ SERVER_HELLO,CERTIFICATE,ECDHE_SERVER_KEY_EXCHANGE,CERTIFICATE_REQUEST,SERVER_HELLO_DONE TIMEOUT TIMEOUT TIMEOUT TIMEOUT TIMEOUT TIMEOUT TIMEOUT Alert(FATAL,DECODE_ERROR) SOCKET_CLOSED SOCKET_CLOSED SOCKET_CLOSED SOCKET_CLOSED SOCKET_CLOSED SOCKET_CLOSED SOCKET_CLOSED SOCKET_CLOSED SOCKET_CLOSED SOCKET_CLOSED SOCKET_CLOSED
New CE status: not a CE
Output changed following CE verification
Input: ECDH_CLIENT_HELLO ECDH_CLIENT_HELLO ECDH_CLIENT_KEY_EXCHANGE CHANGE_CIPHER_SPEC EMPTY_CERTIFICATE CERTIFICATE_VERIFY EMPTY_CERTIFICATE ECDH_CLIENT_HELLO Alert(WARNING,CLOSE_NOTIFY) CHANGE_CIPHER_SPEC CHANGE_CIPHER_SPEC CERTIFICATE_VERIFY ECDH_CLIENT_HELLO ECDH_CLIENT_HELLO
Original output: HELLO_VERIFY_REQUEST+ SERVER_HELLO,CERTIFICATE,ECDHE_SERVER_KEY_EXCHANGE,CERTIFICATE_REQUEST,SERVER_HELLO_DONE SOCKET_CLOSED SOCKET_CLOSED SOCKET_CLOSED SOCKET_CLOSED SOCKET_CLOSED SOCKET_CLOSED SOCKET_CLOSED SOCKET_CLOSED SOCKET_CLOSED SOCKET_CLOSED SOCKET_CLOSED SOCKET_CLOSED
New output: HELLO_VERIFY_REQUEST+ SERVER_HELLO,CERTIFICATE,ECDHE_SERVER_KEY_EXCHANGE,CERTIFICATE_REQUEST,SERVER_HELLO_DONE TIMEOUT TIMEOUT TIMEOUT TIMEOUT TIMEOUT TIMEOUT Alert(FATAL,CLOSE_NOTIFY) SOCKET_CLOSED SOCKET_CLOSED SOCKET_CLOSED SOCKET_CLOSED SOCKET_CLOSED
New CE status: not a CE
Output changed following CE verification
Input: ECDH_CLIENT_HELLO ECDH_CLIENT_HELLO ECDH_CLIENT_KEY_EXCHANGE ECDH_CLIENT_KEY_EXCHANGE CERTIFICATE_VERIFY CHANGE_CIPHER_SPEC ECDH_CLIENT_HELLO APPLICATION FINISHED CERTIFICATE_VERIFY Alert(WARNING,CLOSE_NOTIFY) ECDH_CLIENT_KEY_EXCHANGE CERTIFICATE_VERIFY CERTIFICATE ECDH_CLIENT_HELLO ECDH_CLIENT_HELLO
Original output: HELLO_VERIFY_REQUEST+ SERVER_HELLO,CERTIFICATE,ECDHE_SERVER_KEY_EXCHANGE,CERTIFICATE_REQUEST,SERVER_HELLO_DONE SOCKET_CLOSED SOCKET_CLOSED SOCKET_CLOSED SOCKET_CLOSED SOCKET_CLOSED SOCKET_CLOSED SOCKET_CLOSED SOCKET_CLOSED SOCKET_CLOSED SOCKET_CLOSED SOCKET_CLOSED SOCKET_CLOSED SOCKET_CLOSED SOCKET_CLOSED
New output: HELLO_VERIFY_REQUEST+ SERVER_HELLO,CERTIFICATE,ECDHE_SERVER_KEY_EXCHANGE,CERTIFICATE_REQUEST,SERVER_HELLO_DONE TIMEOUT TIMEOUT Alert(FATAL,NO_CERTIFICATE_RESERVED) SOCKET_CLOSED SOCKET_CLOSED SOCKET_CLOSED SOCKET_CLOSED SOCKET_CLOSED SOCKET_CLOSED SOCKET_CLOSED SOCKET_CLOSED SOCKET_CLOSED SOCKET_CLOSED SOCKET_CLOSED
New CE status: not a CE
Output changed following CE verification
Input: ECDH_CLIENT_HELLO ECDH_CLIENT_HELLO ECDH_CLIENT_HELLO EMPTY_CERTIFICATE EMPTY_CERTIFICATE CERTIFICATE_VERIFY FINISHED
Original output: HELLO_VERIFY_REQUEST+ SOCKET_CLOSED SOCKET_CLOSED SOCKET_CLOSED SOCKET_CLOSED SOCKET_CLOSED SOCKET_CLOSED
New output: HELLO_VERIFY_REQUEST+ SERVER_HELLO,CERTIFICATE,ECDHE_SERVER_KEY_EXCHANGE,CERTIFICATE_REQUEST,SERVER_HELLO_DONE TIMEOUT TIMEOUT TIMEOUT TIMEOUT TIMEOUT
New CE status: not a CE
