Output changed following CE verification
Input: RSA_CLIENT_HELLO RSA_CLIENT_HELLO DH_CLIENT_KEY_EXCHANGE DH_CLIENT_HELLO PSK_CLIENT_HELLO Alert(FATAL,UNEXPECTED_MESSAGE) EMPTY_CERTIFICATE EMPTY_CERTIFICATE APPLICATION
Original output: TIMEOUT HELLO_VERIFY_REQUEST+ Alert(FATAL,UNEXPECTED_MESSAGE) TIMEOUT TIMEOUT TIMEOUT TIMEOUT TIMEOUT Alert(FATAL,UNEXPECTED_MESSAGE)
New output: HELLO_VERIFY_REQUEST SERVER_HELLO,CERTIFICATE,CERTIFICATE_REQUEST,SERVER_HELLO_DONE Alert(FATAL,UNEXPECTED_MESSAGE) TIMEOUT TIMEOUT TIMEOUT TIMEOUT TIMEOUT Alert(FATAL,UNEXPECTED_MESSAGE)
New CE status: not a CE
Output changed following CE verification
Input: DH_CLIENT_HELLO PSK_CLIENT_HELLO PSK_CLIENT_KEY_EXCHANGE CHANGE_CIPHER_SPEC FINISHED ECDH_CLIENT_KEY_EXCHANGE RSA_CLIENT_KEY_EXCHANGE CERTIFICATE_VERIFY Alert(FATAL,UNEXPECTED_MESSAGE) FINISHED Alert(WARNING,CLOSE_NOTIFY) FINISHED RSA_CLIENT_KEY_EXCHANGE EMPTY_CERTIFICATE Alert(FATAL,UNEXPECTED_MESSAGE) RSA_CLIENT_KEY_EXCHANGE PSK_CLIENT_HELLO CHANGE_CIPHER_SPEC CHANGE_CIPHER_SPEC DH_CLIENT_HELLO CERTIFICATE_VERIFY Alert(FATAL,UNEXPECTED_MESSAGE) CHANGE_CIPHER_SPEC CHANGE_CIPHER_SPEC Alert(FATAL,UNEXPECTED_MESSAGE) CERTIFICATE_VERIFY
Original output: TIMEOUT HELLO_VERIFY_REQUEST+ Alert(FATAL,UNEXPECTED_MESSAGE) TIMEOUT TIMEOUT TIMEOUT TIMEOUT TIMEOUT TIMEOUT TIMEOUT TIMEOUT TIMEOUT TIMEOUT TIMEOUT TIMEOUT TIMEOUT TIMEOUT TIMEOUT TIMEOUT TIMEOUT TIMEOUT TIMEOUT TIMEOUT TIMEOUT TIMEOUT TIMEOUT
New output: HELLO_VERIFY_REQUEST SERVER_HELLO,SERVER_HELLO_DONE TIMEOUT TIMEOUT CHANGE_CIPHER_SPEC,FINISHED TIMEOUT TIMEOUT TIMEOUT TIMEOUT TIMEOUT TIMEOUT TIMEOUT TIMEOUT TIMEOUT TIMEOUT TIMEOUT TIMEOUT TIMEOUT TIMEOUT TIMEOUT TIMEOUT TIMEOUT TIMEOUT TIMEOUT TIMEOUT TIMEOUT
New CE status: not a CE
Output changed following CE verification
Input: ECDH_CLIENT_HELLO PSK_CLIENT_HELLO PSK_CLIENT_KEY_EXCHANGE CHANGE_CIPHER_SPEC FINISHED RSA_CLIENT_KEY_EXCHANGE APPLICATION ECDH_CLIENT_KEY_EXCHANGE FINISHED PSK_CLIENT_KEY_EXCHANGE RSA_CLIENT_HELLO PSK_CLIENT_HELLO RSA_CLIENT_HELLO ECDH_CLIENT_KEY_EXCHANGE CERTIFICATE EMPTY_CERTIFICATE ECDH_CLIENT_HELLO ECDH_CLIENT_HELLO DH_CLIENT_HELLO DH_CLIENT_HELLO Alert(FATAL,UNEXPECTED_MESSAGE) EMPTY_CERTIFICATE DH_CLIENT_KEY_EXCHANGE RSA_CLIENT_HELLO CERTIFICATE_VERIFY
Original output: HELLO_VERIFY_REQUEST SERVER_HELLO,SERVER_HELLO_DONE TIMEOUT TIMEOUT TIMEOUT CHANGE_CIPHER_SPEC,UNKNOWN_MESSAGE UNKNOWN_MESSAGE TIMEOUT TIMEOUT TIMEOUT TIMEOUT TIMEOUT TIMEOUT TIMEOUT TIMEOUT TIMEOUT TIMEOUT TIMEOUT TIMEOUT TIMEOUT TIMEOUT TIMEOUT TIMEOUT TIMEOUT TIMEOUT
New output: HELLO_VERIFY_REQUEST SERVER_HELLO,SERVER_HELLO_DONE TIMEOUT TIMEOUT CHANGE_CIPHER_SPEC,FINISHED TIMEOUT Alert(FATAL,UNEXPECTED_MESSAGE) TIMEOUT TIMEOUT TIMEOUT TIMEOUT TIMEOUT TIMEOUT TIMEOUT TIMEOUT TIMEOUT TIMEOUT TIMEOUT TIMEOUT TIMEOUT TIMEOUT TIMEOUT TIMEOUT TIMEOUT TIMEOUT
New CE status: not a CE
Output changed following CE verification
Input: DH_CLIENT_HELLO DH_CLIENT_HELLO DH_CLIENT_KEY_EXCHANGE RSA_CLIENT_KEY_EXCHANGE CERTIFICATE EMPTY_CERTIFICATE CERTIFICATE ECDH_CLIENT_KEY_EXCHANGE
Original output: HELLO_VERIFY_REQUEST SERVER_HELLO,CERTIFICATE,DHE_SERVER_KEY_EXCHANGE,CERTIFICATE_REQUEST,SERVER_HELLO_DONE TIMEOUT Alert(FATAL,UNEXPECTED_MESSAGE) TIMEOUT TIMEOUT TIMEOUT TIMEOUT
New output: HELLO_VERIFY_REQUEST SERVER_HELLO,CERTIFICATE,DHE_SERVER_KEY_EXCHANGE,CERTIFICATE_REQUEST,SERVER_HELLO_DONE Alert(FATAL,UNEXPECTED_MESSAGE) TIMEOUT TIMEOUT TIMEOUT TIMEOUT TIMEOUT
New CE status: not a CE
Output changed following CE verification
Input: PSK_CLIENT_HELLO ECDH_CLIENT_HELLO Alert(WARNING,CLOSE_NOTIFY) RSA_CLIENT_KEY_EXCHANGE PSK_CLIENT_KEY_EXCHANGE CERTIFICATE FINISHED APPLICATION APPLICATION
Original output: HELLO_VERIFY_REQUEST SERVER_HELLO,CERTIFICATE,ECDHE_SERVER_KEY_EXCHANGE,CERTIFICATE_REQUEST,SERVER_HELLO_DONE TIMEOUT TIMEOUT TIMEOUT TIMEOUT TIMEOUT Alert(FATAL,UNEXPECTED_MESSAGE) TIMEOUT
New output: HELLO_VERIFY_REQUEST SERVER_HELLO,CERTIFICATE,ECDHE_SERVER_KEY_EXCHANGE,CERTIFICATE_REQUEST,SERVER_HELLO_DONE TIMEOUT TIMEOUT TIMEOUT TIMEOUT TIMEOUT Alert(FATAL,UNEXPECTED_MESSAGE) Alert(FATAL,UNEXPECTED_MESSAGE)
New CE status: not a CE
