Output changed following CE verification
Input: DH_CLIENT_HELLO DH_CLIENT_HELLO EMPTY_CERTIFICATE CERTIFICATE_VERIFY CERTIFICATE_VERIFY CERTIFICATE CHANGE_CIPHER_SPEC DH_CLIENT_KEY_EXCHANGE CERTIFICATE EMPTY_CERTIFICATE CHANGE_CIPHER_SPEC APPLICATION FINISHED APPLICATION Alert(FATAL,UNEXPECTED_MESSAGE) DH_CLIENT_HELLO Alert(WARNING,CLOSE_NOTIFY) CHANGE_CIPHER_SPEC CHANGE_CIPHER_SPEC Alert(FATAL,UNEXPECTED_MESSAGE) CERTIFICATE_VERIFY DH_CLIENT_HELLO FINISHED CERTIFICATE_VERIFY EMPTY_CERTIFICATE DH_CLIENT_HELLO CERTIFICATE APPLICATION Alert(FATAL,UNEXPECTED_MESSAGE) CERTIFICATE DH_CLIENT_KEY_EXCHANGE CHANGE_CIPHER_SPEC Alert(FATAL,UNEXPECTED_MESSAGE) Alert(WARNING,CLOSE_NOTIFY) Alert(FATAL,UNEXPECTED_MESSAGE) CERTIFICATE CERTIFICATE DH_CLIENT_KEY_EXCHANGE CERTIFICATE FINISHED CHANGE_CIPHER_SPEC DH_CLIENT_HELLO
Original output: HELLO_VERIFY_REQUEST SERVER_HELLO,CERTIFICATE,DHE_SERVER_KEY_EXCHANGE,CERTIFICATE_REQUEST,SERVER_HELLO_DONE TIMEOUT Alert(FATAL,HANDSHAKE_FAILURE) TIMEOUT SOCKET_CLOSED SOCKET_CLOSED SOCKET_CLOSED SOCKET_CLOSED SOCKET_CLOSED SOCKET_CLOSED SOCKET_CLOSED SOCKET_CLOSED SOCKET_CLOSED SOCKET_CLOSED SOCKET_CLOSED SOCKET_CLOSED SOCKET_CLOSED SOCKET_CLOSED SOCKET_CLOSED SOCKET_CLOSED SOCKET_CLOSED SOCKET_CLOSED SOCKET_CLOSED SOCKET_CLOSED SOCKET_CLOSED SOCKET_CLOSED SOCKET_CLOSED SOCKET_CLOSED SOCKET_CLOSED SOCKET_CLOSED SOCKET_CLOSED SOCKET_CLOSED SOCKET_CLOSED SOCKET_CLOSED SOCKET_CLOSED SOCKET_CLOSED SOCKET_CLOSED SOCKET_CLOSED SOCKET_CLOSED SOCKET_CLOSED SOCKET_CLOSED
New output: HELLO_VERIFY_REQUEST SERVER_HELLO,CERTIFICATE,DHE_SERVER_KEY_EXCHANGE,CERTIFICATE_REQUEST,SERVER_HELLO_DONE TIMEOUT TIMEOUT TIMEOUT TIMEOUT TIMEOUT TIMEOUT TIMEOUT TIMEOUT TIMEOUT TIMEOUT TIMEOUT TIMEOUT TIMEOUT TIMEOUT TIMEOUT TIMEOUT TIMEOUT TIMEOUT TIMEOUT TIMEOUT TIMEOUT TIMEOUT TIMEOUT TIMEOUT TIMEOUT TIMEOUT TIMEOUT TIMEOUT TIMEOUT TIMEOUT TIMEOUT TIMEOUT TIMEOUT TIMEOUT TIMEOUT TIMEOUT TIMEOUT TIMEOUT TIMEOUT TIMEOUT
New CE status: not a CE
Output inconsistent with cache, rerunning membership query
Input: DH_CLIENT_HELLO DH_CLIENT_HELLO EMPTY_CERTIFICATE CERTIFICATE_VERIFY DH_CLIENT_HELLO DH_CLIENT_KEY_EXCHANGE
Unexpected output: TIMEOUT TIMEOUT TIMEOUT TIMEOUT TIMEOUT TIMEOUT TIMEOUT
Cached output: HELLO_VERIFY_REQUEST SERVER_HELLO,CERTIFICATE,DHE_SERVER_KEY_EXCHANGE,CERTIFICATE_REQUEST,SERVER_HELLO_DONE TIMEOUT TIMEOUT TIMEOUT TIMEOUT
Output changed following rerun
Input: DH_CLIENT_HELLO DH_CLIENT_HELLO EMPTY_CERTIFICATE CERTIFICATE_VERIFY DH_CLIENT_HELLO DH_CLIENT_KEY_EXCHANGE Alert(FATAL,UNEXPECTED_MESSAGE)
Original output: TIMEOUT TIMEOUT TIMEOUT TIMEOUT TIMEOUT TIMEOUT TIMEOUT
New output: HELLO_VERIFY_REQUEST SERVER_HELLO,CERTIFICATE,DHE_SERVER_KEY_EXCHANGE,CERTIFICATE_REQUEST,SERVER_HELLO_DONE TIMEOUT TIMEOUT TIMEOUT TIMEOUT TIMEOUT
Output changed following CE verification
Input: DH_CLIENT_HELLO DH_CLIENT_HELLO DH_CLIENT_KEY_EXCHANGE CHANGE_CIPHER_SPEC DH_CLIENT_HELLO FINISHED DH_CLIENT_KEY_EXCHANGE Alert(WARNING,CLOSE_NOTIFY) CERTIFICATE DH_CLIENT_HELLO DH_CLIENT_HELLO APPLICATION Alert(WARNING,CLOSE_NOTIFY) CERTIFICATE CERTIFICATE_VERIFY DH_CLIENT_HELLO CHANGE_CIPHER_SPEC Alert(FATAL,UNEXPECTED_MESSAGE) CERTIFICATE DH_CLIENT_HELLO
Original output: HELLO_VERIFY_REQUEST,Alert(FATAL,UNEXPECTED_MESSAGE) TIMEOUT SOCKET_CLOSED SOCKET_CLOSED SOCKET_CLOSED SOCKET_CLOSED SOCKET_CLOSED SOCKET_CLOSED SOCKET_CLOSED SOCKET_CLOSED SOCKET_CLOSED SOCKET_CLOSED SOCKET_CLOSED SOCKET_CLOSED SOCKET_CLOSED SOCKET_CLOSED SOCKET_CLOSED SOCKET_CLOSED SOCKET_CLOSED SOCKET_CLOSED
New output: HELLO_VERIFY_REQUEST SERVER_HELLO,CERTIFICATE,DHE_SERVER_KEY_EXCHANGE,CERTIFICATE_REQUEST,SERVER_HELLO_DONE TIMEOUT TIMEOUT TIMEOUT TIMEOUT TIMEOUT Alert(WARNING,CLOSE_NOTIFY) TIMEOUT SOCKET_CLOSED SOCKET_CLOSED SOCKET_CLOSED SOCKET_CLOSED SOCKET_CLOSED SOCKET_CLOSED SOCKET_CLOSED SOCKET_CLOSED SOCKET_CLOSED SOCKET_CLOSED SOCKET_CLOSED
New CE status: not a CE
Output changed following CE verification
Input: DH_CLIENT_HELLO DH_CLIENT_HELLO DH_CLIENT_KEY_EXCHANGE CHANGE_CIPHER_SPEC CERTIFICATE_VERIFY CERTIFICATE_VERIFY CERTIFICATE Alert(WARNING,CLOSE_NOTIFY) FINISHED CERTIFICATE CHANGE_CIPHER_SPEC EMPTY_CERTIFICATE FINISHED DH_CLIENT_KEY_EXCHANGE EMPTY_CERTIFICATE CHANGE_CIPHER_SPEC APPLICATION CERTIFICATE CHANGE_CIPHER_SPEC DH_CLIENT_HELLO DH_CLIENT_HELLO DH_CLIENT_HELLO
Original output: HELLO_VERIFY_REQUEST SERVER_HELLO,CERTIFICATE,DHE_SERVER_KEY_EXCHANGE,CERTIFICATE_REQUEST,SERVER_HELLO_DONE TIMEOUT TIMEOUT TIMEOUT TIMEOUT TIMEOUT Alert(WARNING,CLOSE_NOTIFY) TIMEOUT TIMEOUT TIMEOUT SOCKET_CLOSED SOCKET_CLOSED SOCKET_CLOSED SOCKET_CLOSED SOCKET_CLOSED SOCKET_CLOSED SOCKET_CLOSED SOCKET_CLOSED SOCKET_CLOSED SOCKET_CLOSED SOCKET_CLOSED
New output: HELLO_VERIFY_REQUEST SERVER_HELLO,CERTIFICATE,DHE_SERVER_KEY_EXCHANGE,CERTIFICATE_REQUEST,SERVER_HELLO_DONE TIMEOUT TIMEOUT TIMEOUT TIMEOUT TIMEOUT Alert(WARNING,CLOSE_NOTIFY) TIMEOUT SOCKET_CLOSED SOCKET_CLOSED SOCKET_CLOSED SOCKET_CLOSED SOCKET_CLOSED SOCKET_CLOSED SOCKET_CLOSED SOCKET_CLOSED SOCKET_CLOSED SOCKET_CLOSED SOCKET_CLOSED SOCKET_CLOSED SOCKET_CLOSED
New CE status: not a CE
Output changed following CE verification
Input: DH_CLIENT_HELLO FINISHED CHANGE_CIPHER_SPEC CERTIFICATE_VERIFY EMPTY_CERTIFICATE CERTIFICATE_VERIFY CHANGE_CIPHER_SPEC CERTIFICATE CERTIFICATE Alert(FATAL,UNEXPECTED_MESSAGE) CERTIFICATE EMPTY_CERTIFICATE Alert(WARNING,CLOSE_NOTIFY) DH_CLIENT_HELLO DH_CLIENT_HELLO
Original output: HELLO_VERIFY_REQUEST,Alert(FATAL,UNEXPECTED_MESSAGE) TIMEOUT SOCKET_CLOSED SOCKET_CLOSED SOCKET_CLOSED SOCKET_CLOSED SOCKET_CLOSED SOCKET_CLOSED SOCKET_CLOSED SOCKET_CLOSED SOCKET_CLOSED SOCKET_CLOSED SOCKET_CLOSED SOCKET_CLOSED SOCKET_CLOSED
New output: HELLO_VERIFY_REQUEST TIMEOUT TIMEOUT TIMEOUT TIMEOUT TIMEOUT TIMEOUT TIMEOUT TIMEOUT TIMEOUT TIMEOUT TIMEOUT TIMEOUT TIMEOUT TIMEOUT
New CE status: not a CE
