wolfSSL Entering wolfSSL_Init
wolfSSL Entering wolfCrypt_Init
wolfSSL Entering DTLSv1_2_server_method_ex
wolfSSL Entering wolfSSL_CTX_new_ex
wolfSSL Entering wolfSSL_CertManagerNew
wolfSSL Leaving WOLFSSL_CTX_new, return 0
wolfSSL Entering wolfSSL_CTX_set_cipher_list
wolfSSL Entering wolfSSL_CTX_use_certificate_chain_file
Getting dynamic buffer
wolfSSL Entering PemToDer
Checking cert signature type
wolfSSL Entering GetExplicitVersion
wolfSSL Entering GetSerialNumber
Got Cert Header
wolfSSL Entering GetAlgoId
wolfSSL Entering GetObjectId()
Got Algo ID
Getting Cert Name
Getting Cert Name
Got Subject Name
wolfSSL Entering GetAlgoId
wolfSSL Entering GetObjectId()
Got Key
Not ECDSA cert signature
wolfSSL Entering wolfSSL_CTX_use_PrivateKey_file
Getting dynamic buffer
wolfSSL Entering PemToDer
wolfSSL Entering GetAlgoId
wolfSSL Entering GetObjectId()
wolfSSL Entering SSL_new
wolfSSL Entering wolfSSL_DTLS_SetCookieSecret
wolfSSL Leaving wolfSSL_DTLS_SetCookieSecret, return 0
wolfSSL Leaving SSL_new, return 0
wolfSSL Entering wolfSSL_SetHsDoneCb
wolfSSL Entering SSL_set_fd
wolfSSL Entering SSL_set_read_fd
wolfSSL Leaving SSL_set_read_fd, return 1
wolfSSL Entering SSL_set_write_fd
wolfSSL Leaving SSL_set_write_fd, return 1
Getting dynamic buffer
wolfSSL Entering PemToDer
wolfSSL Entering wolfSSL_SetTmpDH
wolfSSL Leaving wolfSSL_SetTmpDH, return 0
wolfSSL Entering SSL_accept()
growing input buffer

wolfSSL Leaving wolfSSL_dtls_get_current_timeout(), return 16
wolfSSL Entering EmbedReceiveFrom()
wolfSSL Entering wolfSSL_dtls_get_using_nonblock
received record layer msg
wolfSSL Entering DoDtlsHandShakeMsg()
wolfSSL Entering DoHandShakeMsgType
processing client hello
wolfSSL Entering DoClientHello
growing output buffer

wolfSSL Entering EmbedSendTo()
Shrinking output buffer

Shrinking input buffer

wolfSSL Leaving DoHandShakeMsgType(), return 0
wolfSSL Leaving DoDtlsHandShakeMsg(), return 0
growing input buffer

wolfSSL Leaving wolfSSL_dtls_get_current_timeout(), return 16
wolfSSL Entering EmbedReceiveFrom()
wolfSSL Entering wolfSSL_dtls_get_using_nonblock
received record layer msg
wolfSSL Entering DoDtlsHandShakeMsg()
wolfSSL Entering DoHandShakeMsgType
processing client hello
wolfSSL Entering DoClientHello
Matched No Compression
Adding signature algorithms extension
SNI extension received
Signature Algorithms extension received
TLSX SigAlgo list exceeds max, truncating
wolfSSL Entering MatchSuite
Sanity checks on received suite, suite size 2
Looking for matching suite
Comparing 02f with 02f 
wolfSSL Entering VerifyServerSuite
Requires RSA
Verified suite validity
wolfSSL Leaving DoClientHello, return 0
Shrinking input buffer

wolfSSL Leaving DoHandShakeMsgType(), return 0
wolfSSL Leaving DoDtlsHandShakeMsg(), return 0
accept state ACCEPT_FIRST_REPLY_DONE
wolfSSL Entering SendServerHello
growing output buffer

wolfSSL Entering DtlsMsgPoolSave()
wolfSSL Leaving DtlsMsgPoolSave(), return 0
wolfSSL Entering EmbedSendTo()
Shrinking output buffer

wolfSSL Leaving SendServerHello, return 0
accept state SERVER_HELLO_SENT
wolfSSL Entering SendCertificate
growing output buffer

wolfSSL Entering DtlsMsgPoolSave()
wolfSSL Leaving DtlsMsgPoolSave(), return 0
wolfSSL Entering EmbedSendTo()
Shrinking output buffer

wolfSSL Leaving SendCertificate, return 0
accept state CERT_SENT
wolfSSL Entering SendCertificateStatus
wolfSSL Leaving SendCertificateStatus, return 0
accept state CERT_STATUS_SENT
wolfSSL Entering SendServerKeyExchange
wolfSSL Leaving SendServerKeyExchange, return 0
accept state KEY_EXCHANGE_SENT
accept state CERT_REQ_SENT
wolfSSL Entering SendServerHelloDone
growing output buffer

wolfSSL Entering DtlsMsgPoolSave()
wolfSSL Leaving DtlsMsgPoolSave(), return 0
wolfSSL Entering EmbedSendTo()
Shrinking output buffer

wolfSSL Leaving SendServerHelloDone, return 0
accept state SERVER_HELLO_DONE
growing input buffer

wolfSSL Leaving wolfSSL_dtls_get_current_timeout(), return 16
wolfSSL Entering EmbedReceiveFrom()
wolfSSL Entering wolfSSL_dtls_get_using_nonblock
received record layer msg
got CHANGE CIPHER SPEC
No ClientKeyExchange before ChangeCipher
wolfSSL Entering DtlsMsgPoolSend()
growing output buffer

wolfSSL Entering EmbedSendTo()
Shrinking output buffer

wolfSSL Leaving DtlsMsgPoolSend(), return 0
wolfSSL Leaving wolfSSL_dtls_get_current_timeout(), return 16
wolfSSL Entering EmbedReceiveFrom()
wolfSSL Entering wolfSSL_dtls_get_using_nonblock
wolfSSL Leaving GetRecordHeader(), return -370
Silently dropping out of order DTLS message
wolfSSL Leaving wolfSSL_dtls_get_current_timeout(), return 16
wolfSSL Entering EmbedReceiveFrom()
wolfSSL Entering wolfSSL_dtls_get_using_nonblock

