Output changed following CE verification
Input: ECDH_CLIENT_HELLO ECDH_CLIENT_HELLO EMPTY_CERTIFICATE FINISHED APPLICATION FINISHED EMPTY_CERTIFICATE ECDH_CLIENT_HELLO Alert(WARNING,CLOSE_NOTIFY) CERTIFICATE CERTIFICATE_VERIFY CERTIFICATE_VERIFY FINISHED CHANGE_CIPHER_SPEC ECDH_CLIENT_KEY_EXCHANGE Alert(WARNING,CLOSE_NOTIFY)
Original output: TIMEOUT SOCKET_CLOSED SOCKET_CLOSED SOCKET_CLOSED SOCKET_CLOSED SOCKET_CLOSED SOCKET_CLOSED SOCKET_CLOSED SOCKET_CLOSED SOCKET_CLOSED SOCKET_CLOSED SOCKET_CLOSED SOCKET_CLOSED SOCKET_CLOSED SOCKET_CLOSED SOCKET_CLOSED
New output: HELLO_VERIFY_REQUEST+ SERVER_HELLO,CERTIFICATE,ECDHE_SERVER_KEY_EXCHANGE,SERVER_HELLO_DONE TIMEOUT TIMEOUT TIMEOUT TIMEOUT TIMEOUT TIMEOUT TIMEOUT TIMEOUT TIMEOUT TIMEOUT TIMEOUT TIMEOUT TIMEOUT TIMEOUT
New CE status: not a CE
Output changed following CE verification
Input: ECDH_CLIENT_HELLO ECDH_CLIENT_HELLO ECDH_CLIENT_KEY_EXCHANGE CERTIFICATE CHANGE_CIPHER_SPEC FINISHED CERTIFICATE ECDH_CLIENT_KEY_EXCHANGE ECDH_CLIENT_HELLO ECDH_CLIENT_KEY_EXCHANGE CHANGE_CIPHER_SPEC FINISHED CHANGE_CIPHER_SPEC APPLICATION ECDH_CLIENT_KEY_EXCHANGE FINISHED CHANGE_CIPHER_SPEC EMPTY_CERTIFICATE FINISHED Alert(FATAL,UNEXPECTED_MESSAGE) EMPTY_CERTIFICATE APPLICATION CHANGE_CIPHER_SPEC CHANGE_CIPHER_SPEC Alert(WARNING,CLOSE_NOTIFY)
Original output: HELLO_VERIFY_REQUEST+ SERVER_HELLO,CERTIFICATE,ECDHE_SERVER_KEY_EXCHANGE,SERVER_HELLO_DONE TIMEOUT TIMEOUT TIMEOUT SOCKET_CLOSED SOCKET_CLOSED SOCKET_CLOSED SOCKET_CLOSED SOCKET_CLOSED SOCKET_CLOSED SOCKET_CLOSED SOCKET_CLOSED SOCKET_CLOSED SOCKET_CLOSED SOCKET_CLOSED SOCKET_CLOSED SOCKET_CLOSED SOCKET_CLOSED SOCKET_CLOSED SOCKET_CLOSED SOCKET_CLOSED SOCKET_CLOSED SOCKET_CLOSED SOCKET_CLOSED
New output: HELLO_VERIFY_REQUEST+ SERVER_HELLO,CERTIFICATE,ECDHE_SERVER_KEY_EXCHANGE,SERVER_HELLO_DONE TIMEOUT TIMEOUT TIMEOUT TIMEOUT TIMEOUT Alert(FATAL,HANDSHAKE_FAILURE) SOCKET_CLOSED SOCKET_CLOSED SOCKET_CLOSED SOCKET_CLOSED SOCKET_CLOSED SOCKET_CLOSED SOCKET_CLOSED SOCKET_CLOSED SOCKET_CLOSED SOCKET_CLOSED SOCKET_CLOSED SOCKET_CLOSED SOCKET_CLOSED SOCKET_CLOSED SOCKET_CLOSED SOCKET_CLOSED SOCKET_CLOSED
New CE status: not a CE
Output changed following CE verification
Input: ECDH_CLIENT_HELLO ECDH_CLIENT_HELLO CERTIFICATE CERTIFICATE_VERIFY CHANGE_CIPHER_SPEC CHANGE_CIPHER_SPEC CERTIFICATE CERTIFICATE ECDH_CLIENT_KEY_EXCHANGE EMPTY_CERTIFICATE APPLICATION Alert(WARNING,CLOSE_NOTIFY) APPLICATION CERTIFICATE_VERIFY EMPTY_CERTIFICATE Alert(FATAL,UNEXPECTED_MESSAGE) FINISHED EMPTY_CERTIFICATE Alert(WARNING,CLOSE_NOTIFY)
Original output: HELLO_VERIFY_REQUEST+ SERVER_HELLO,CERTIFICATE,ECDHE_SERVER_KEY_EXCHANGE,SERVER_HELLO_DONE TIMEOUT TIMEOUT SOCKET_CLOSED SOCKET_CLOSED SOCKET_CLOSED SOCKET_CLOSED SOCKET_CLOSED SOCKET_CLOSED SOCKET_CLOSED SOCKET_CLOSED SOCKET_CLOSED SOCKET_CLOSED SOCKET_CLOSED SOCKET_CLOSED SOCKET_CLOSED SOCKET_CLOSED SOCKET_CLOSED
New output: HELLO_VERIFY_REQUEST+ SERVER_HELLO,CERTIFICATE,ECDHE_SERVER_KEY_EXCHANGE,SERVER_HELLO_DONE TIMEOUT TIMEOUT TIMEOUT TIMEOUT TIMEOUT TIMEOUT TIMEOUT TIMEOUT TIMEOUT TIMEOUT TIMEOUT TIMEOUT TIMEOUT TIMEOUT TIMEOUT TIMEOUT TIMEOUT
New CE status: not a CE
Output changed following CE verification
Input: ECDH_CLIENT_HELLO ECDH_CLIENT_HELLO EMPTY_CERTIFICATE Alert(FATAL,UNEXPECTED_MESSAGE) CERTIFICATE ECDH_CLIENT_HELLO APPLICATION ECDH_CLIENT_KEY_EXCHANGE FINISHED
Original output: HELLO_VERIFY_REQUEST+ SERVER_HELLO,CERTIFICATE,ECDHE_SERVER_KEY_EXCHANGE,SERVER_HELLO_DONE TIMEOUT SOCKET_CLOSED SOCKET_CLOSED SOCKET_CLOSED SOCKET_CLOSED SOCKET_CLOSED SOCKET_CLOSED
New output: HELLO_VERIFY_REQUEST+ SERVER_HELLO,CERTIFICATE,ECDHE_SERVER_KEY_EXCHANGE,SERVER_HELLO_DONE TIMEOUT TIMEOUT SOCKET_CLOSED SOCKET_CLOSED SOCKET_CLOSED SOCKET_CLOSED SOCKET_CLOSED
New CE status: not a CE
