Output inconsistent with cache, rerunning membership query
Input: ECDH_CLIENT_HELLO ECDH_CLIENT_HELLO CERTIFICATE ECDH_CLIENT_KEY_EXCHANGE CERTIFICATE_VERIFY CHANGE_CIPHER_SPEC FINISHED ECDH_CLIENT_HELLO CERTIFICATE
Unexpected output: HELLO_VERIFY_REQUEST SERVER_HELLO,CERTIFICATE,ECDHE_SERVER_KEY_EXCHANGE,CERTIFICATE_REQUEST,SERVER_HELLO_DONE TIMEOUT TIMEOUT Alert(FATAL,DECODE_ERROR) TIMEOUT TIMEOUT TIMEOUT TIMEOUT TIMEOUT TIMEOUT TIMEOUT TIMEOUT
Cached output: HELLO_VERIFY_REQUEST SERVER_HELLO,CERTIFICATE,ECDHE_SERVER_KEY_EXCHANGE,CERTIFICATE_REQUEST,SERVER_HELLO_DONE TIMEOUT TIMEOUT TIMEOUT TIMEOUT CHANGE_CIPHER_SPEC,FINISHED SERVER_HELLO,CERTIFICATE,ECDHE_SERVER_KEY_EXCHANGE,CERTIFICATE_REQUEST,SERVER_HELLO_DONE TIMEOUT
Output changed following rerun
Input: ECDH_CLIENT_HELLO ECDH_CLIENT_HELLO CERTIFICATE ECDH_CLIENT_KEY_EXCHANGE CERTIFICATE_VERIFY CHANGE_CIPHER_SPEC FINISHED ECDH_CLIENT_HELLO CERTIFICATE CERTIFICATE EMPTY_CERTIFICATE Alert(FATAL,UNEXPECTED_MESSAGE) ECDH_CLIENT_HELLO
Original output: HELLO_VERIFY_REQUEST SERVER_HELLO,CERTIFICATE,ECDHE_SERVER_KEY_EXCHANGE,CERTIFICATE_REQUEST,SERVER_HELLO_DONE TIMEOUT TIMEOUT Alert(FATAL,DECODE_ERROR) TIMEOUT TIMEOUT TIMEOUT TIMEOUT TIMEOUT TIMEOUT TIMEOUT TIMEOUT
New output: HELLO_VERIFY_REQUEST SERVER_HELLO,CERTIFICATE,ECDHE_SERVER_KEY_EXCHANGE,CERTIFICATE_REQUEST,SERVER_HELLO_DONE TIMEOUT TIMEOUT TIMEOUT TIMEOUT CHANGE_CIPHER_SPEC,FINISHED SERVER_HELLO,CERTIFICATE,ECDHE_SERVER_KEY_EXCHANGE,CERTIFICATE_REQUEST,SERVER_HELLO_DONE TIMEOUT Alert(FATAL,UNEXPECTED_MESSAGE) TIMEOUT TIMEOUT TIMEOUT
Output changed following CE verification
Input: ECDH_CLIENT_HELLO ECDH_CLIENT_HELLO CERTIFICATE ECDH_CLIENT_KEY_EXCHANGE CERTIFICATE_VERIFY CHANGE_CIPHER_SPEC EMPTY_CERTIFICATE FINISHED CERTIFICATE_VERIFY CERTIFICATE_VERIFY ECDH_CLIENT_HELLO ECDH_CLIENT_HELLO FINISHED Alert(WARNING,CLOSE_NOTIFY) ECDH_CLIENT_KEY_EXCHANGE Alert(WARNING,CLOSE_NOTIFY) ECDH_CLIENT_HELLO
Original output: HELLO_VERIFY_REQUEST SERVER_HELLO,CERTIFICATE,ECDHE_SERVER_KEY_EXCHANGE,CERTIFICATE_REQUEST,SERVER_HELLO_DONE TIMEOUT TIMEOUT Alert(FATAL,DECODE_ERROR) TIMEOUT TIMEOUT TIMEOUT TIMEOUT TIMEOUT TIMEOUT TIMEOUT TIMEOUT TIMEOUT TIMEOUT TIMEOUT TIMEOUT
New output: HELLO_VERIFY_REQUEST SERVER_HELLO,CERTIFICATE,ECDHE_SERVER_KEY_EXCHANGE,CERTIFICATE_REQUEST,SERVER_HELLO_DONE TIMEOUT TIMEOUT TIMEOUT TIMEOUT Alert(FATAL,UNEXPECTED_MESSAGE) TIMEOUT TIMEOUT TIMEOUT TIMEOUT TIMEOUT TIMEOUT TIMEOUT TIMEOUT TIMEOUT TIMEOUT
New CE status: not a CE
Output inconsistent with cache, rerunning membership query
Input: ECDH_CLIENT_HELLO ECDH_CLIENT_HELLO CERTIFICATE ECDH_CLIENT_KEY_EXCHANGE CERTIFICATE_VERIFY CHANGE_CIPHER_SPEC FINISHED ECDH_CLIENT_HELLO CERTIFICATE ECDH_CLIENT_KEY_EXCHANGE CERTIFICATE_VERIFY Alert(WARNING,CLOSE_NOTIFY)
Unexpected output: HELLO_VERIFY_REQUEST SERVER_HELLO,CERTIFICATE,ECDHE_SERVER_KEY_EXCHANGE,CERTIFICATE_REQUEST,SERVER_HELLO_DONE TIMEOUT TIMEOUT Alert(FATAL,DECODE_ERROR) TIMEOUT TIMEOUT TIMEOUT TIMEOUT TIMEOUT TIMEOUT TIMEOUT TIMEOUT
Cached output: HELLO_VERIFY_REQUEST SERVER_HELLO,CERTIFICATE,ECDHE_SERVER_KEY_EXCHANGE,CERTIFICATE_REQUEST,SERVER_HELLO_DONE TIMEOUT TIMEOUT TIMEOUT TIMEOUT CHANGE_CIPHER_SPEC,FINISHED SERVER_HELLO,CERTIFICATE,ECDHE_SERVER_KEY_EXCHANGE,CERTIFICATE_REQUEST,SERVER_HELLO_DONE TIMEOUT TIMEOUT TIMEOUT Alert(FATAL,CLOSE_NOTIFY)
Output changed following rerun
Input: ECDH_CLIENT_HELLO ECDH_CLIENT_HELLO CERTIFICATE ECDH_CLIENT_KEY_EXCHANGE CERTIFICATE_VERIFY CHANGE_CIPHER_SPEC FINISHED ECDH_CLIENT_HELLO CERTIFICATE ECDH_CLIENT_KEY_EXCHANGE CERTIFICATE_VERIFY Alert(WARNING,CLOSE_NOTIFY) ECDH_CLIENT_HELLO
Original output: HELLO_VERIFY_REQUEST SERVER_HELLO,CERTIFICATE,ECDHE_SERVER_KEY_EXCHANGE,CERTIFICATE_REQUEST,SERVER_HELLO_DONE TIMEOUT TIMEOUT Alert(FATAL,DECODE_ERROR) TIMEOUT TIMEOUT TIMEOUT TIMEOUT TIMEOUT TIMEOUT TIMEOUT TIMEOUT
New output: HELLO_VERIFY_REQUEST SERVER_HELLO,CERTIFICATE,ECDHE_SERVER_KEY_EXCHANGE,CERTIFICATE_REQUEST,SERVER_HELLO_DONE TIMEOUT TIMEOUT TIMEOUT TIMEOUT CHANGE_CIPHER_SPEC,FINISHED SERVER_HELLO,CERTIFICATE,ECDHE_SERVER_KEY_EXCHANGE,CERTIFICATE_REQUEST,SERVER_HELLO_DONE TIMEOUT TIMEOUT TIMEOUT Alert(FATAL,CLOSE_NOTIFY) TIMEOUT
Output changed following CE verification
Input: ECDH_CLIENT_HELLO ECDH_CLIENT_HELLO EMPTY_CERTIFICATE ECDH_CLIENT_KEY_EXCHANGE CERTIFICATE_VERIFY CHANGE_CIPHER_SPEC FINISHED ECDH_CLIENT_HELLO CERTIFICATE ECDH_CLIENT_KEY_EXCHANGE CERTIFICATE_VERIFY EMPTY_CERTIFICATE CERTIFICATE FINISHED Alert(WARNING,CLOSE_NOTIFY) ECDH_CLIENT_KEY_EXCHANGE Alert(WARNING,CLOSE_NOTIFY) EMPTY_CERTIFICATE Alert(FATAL,UNEXPECTED_MESSAGE) ECDH_CLIENT_KEY_EXCHANGE APPLICATION CERTIFICATE_VERIFY Alert(WARNING,CLOSE_NOTIFY) ECDH_CLIENT_KEY_EXCHANGE ECDH_CLIENT_HELLO EMPTY_CERTIFICATE CERTIFICATE APPLICATION CHANGE_CIPHER_SPEC ECDH_CLIENT_KEY_EXCHANGE Alert(FATAL,UNEXPECTED_MESSAGE) EMPTY_CERTIFICATE CERTIFICATE
Original output: HELLO_VERIFY_REQUEST SERVER_HELLO,CERTIFICATE,ECDHE_SERVER_KEY_EXCHANGE,CERTIFICATE_REQUEST,SERVER_HELLO_DONE TIMEOUT TIMEOUT Alert(FATAL,DECODE_ERROR) TIMEOUT TIMEOUT TIMEOUT TIMEOUT TIMEOUT TIMEOUT TIMEOUT TIMEOUT TIMEOUT TIMEOUT TIMEOUT TIMEOUT TIMEOUT TIMEOUT TIMEOUT TIMEOUT TIMEOUT TIMEOUT TIMEOUT TIMEOUT TIMEOUT TIMEOUT TIMEOUT TIMEOUT TIMEOUT TIMEOUT TIMEOUT TIMEOUT
New output: HELLO_VERIFY_REQUEST SERVER_HELLO,CERTIFICATE,ECDHE_SERVER_KEY_EXCHANGE,CERTIFICATE_REQUEST,SERVER_HELLO_DONE TIMEOUT TIMEOUT TIMEOUT TIMEOUT CHANGE_CIPHER_SPEC,FINISHED SERVER_HELLO,CERTIFICATE,ECDHE_SERVER_KEY_EXCHANGE,CERTIFICATE_REQUEST,SERVER_HELLO_DONE TIMEOUT TIMEOUT TIMEOUT Alert(FATAL,UNEXPECTED_MESSAGE) TIMEOUT TIMEOUT TIMEOUT TIMEOUT TIMEOUT TIMEOUT TIMEOUT TIMEOUT TIMEOUT TIMEOUT TIMEOUT TIMEOUT TIMEOUT TIMEOUT TIMEOUT TIMEOUT TIMEOUT TIMEOUT TIMEOUT TIMEOUT TIMEOUT
New CE status: not a CE
Output changed following CE verification
Input: ECDH_CLIENT_HELLO ECDH_CLIENT_HELLO EMPTY_CERTIFICATE ECDH_CLIENT_KEY_EXCHANGE CERTIFICATE_VERIFY CHANGE_CIPHER_SPEC ECDH_CLIENT_KEY_EXCHANGE Alert(FATAL,UNEXPECTED_MESSAGE) Alert(WARNING,CLOSE_NOTIFY) CHANGE_CIPHER_SPEC CERTIFICATE FINISHED ECDH_CLIENT_HELLO ECDH_CLIENT_HELLO
Original output: HELLO_VERIFY_REQUEST SERVER_HELLO,CERTIFICATE,ECDHE_SERVER_KEY_EXCHANGE,CERTIFICATE_REQUEST,SERVER_HELLO_DONE TIMEOUT TIMEOUT Alert(FATAL,DECODE_ERROR) TIMEOUT TIMEOUT TIMEOUT TIMEOUT TIMEOUT TIMEOUT TIMEOUT TIMEOUT TIMEOUT
New output: HELLO_VERIFY_REQUEST SERVER_HELLO,CERTIFICATE,ECDHE_SERVER_KEY_EXCHANGE,CERTIFICATE_REQUEST,SERVER_HELLO_DONE TIMEOUT TIMEOUT TIMEOUT TIMEOUT Alert(FATAL,UNEXPECTED_MESSAGE) TIMEOUT TIMEOUT TIMEOUT TIMEOUT TIMEOUT TIMEOUT TIMEOUT
New CE status: not a CE
Output changed following CE verification
Input: ECDH_CLIENT_HELLO ECDH_CLIENT_HELLO EMPTY_CERTIFICATE ECDH_CLIENT_KEY_EXCHANGE CERTIFICATE_VERIFY CHANGE_CIPHER_SPEC FINISHED ECDH_CLIENT_HELLO CERTIFICATE ECDH_CLIENT_KEY_EXCHANGE CERTIFICATE_VERIFY CHANGE_CIPHER_SPEC Alert(FATAL,UNEXPECTED_MESSAGE) ECDH_CLIENT_HELLO CERTIFICATE CERTIFICATE_VERIFY CERTIFICATE EMPTY_CERTIFICATE ECDH_CLIENT_HELLO
Original output: HELLO_VERIFY_REQUEST SERVER_HELLO,CERTIFICATE,ECDHE_SERVER_KEY_EXCHANGE,CERTIFICATE_REQUEST,SERVER_HELLO_DONE TIMEOUT TIMEOUT TIMEOUT TIMEOUT CHANGE_CIPHER_SPEC,FINISHED SERVER_HELLO,CERTIFICATE,ECDHE_SERVER_KEY_EXCHANGE,CERTIFICATE_REQUEST,SERVER_HELLO_DONE TIMEOUT TIMEOUT Alert(FATAL,DECODE_ERROR) TIMEOUT TIMEOUT TIMEOUT TIMEOUT TIMEOUT TIMEOUT TIMEOUT TIMEOUT
New output: HELLO_VERIFY_REQUEST SERVER_HELLO,CERTIFICATE,ECDHE_SERVER_KEY_EXCHANGE,CERTIFICATE_REQUEST,SERVER_HELLO_DONE TIMEOUT TIMEOUT TIMEOUT TIMEOUT CHANGE_CIPHER_SPEC,FINISHED SERVER_HELLO,CERTIFICATE,ECDHE_SERVER_KEY_EXCHANGE,CERTIFICATE_REQUEST,SERVER_HELLO_DONE TIMEOUT TIMEOUT TIMEOUT TIMEOUT TIMEOUT TIMEOUT TIMEOUT TIMEOUT TIMEOUT TIMEOUT TIMEOUT
New CE status: not a CE
Output changed following CE verification
Input: ECDH_CLIENT_HELLO ECDH_CLIENT_HELLO EMPTY_CERTIFICATE ECDH_CLIENT_KEY_EXCHANGE CERTIFICATE_VERIFY CHANGE_CIPHER_SPEC FINISHED ECDH_CLIENT_HELLO EMPTY_CERTIFICATE ECDH_CLIENT_KEY_EXCHANGE CERTIFICATE_VERIFY ECDH_CLIENT_KEY_EXCHANGE EMPTY_CERTIFICATE ECDH_CLIENT_KEY_EXCHANGE CHANGE_CIPHER_SPEC ECDH_CLIENT_HELLO CERTIFICATE_VERIFY CERTIFICATE_VERIFY CERTIFICATE ECDH_CLIENT_KEY_EXCHANGE CHANGE_CIPHER_SPEC ECDH_CLIENT_HELLO
Original output: HELLO_VERIFY_REQUEST SERVER_HELLO,CERTIFICATE,ECDHE_SERVER_KEY_EXCHANGE,CERTIFICATE_REQUEST,SERVER_HELLO_DONE TIMEOUT TIMEOUT TIMEOUT TIMEOUT CHANGE_CIPHER_SPEC,FINISHED SERVER_HELLO,CERTIFICATE,ECDHE_SERVER_KEY_EXCHANGE,CERTIFICATE_REQUEST,SERVER_HELLO_DONE TIMEOUT TIMEOUT Alert(FATAL,DECODE_ERROR) TIMEOUT TIMEOUT TIMEOUT TIMEOUT TIMEOUT TIMEOUT TIMEOUT TIMEOUT TIMEOUT TIMEOUT TIMEOUT
New output: HELLO_VERIFY_REQUEST SERVER_HELLO,CERTIFICATE,ECDHE_SERVER_KEY_EXCHANGE,CERTIFICATE_REQUEST,SERVER_HELLO_DONE TIMEOUT TIMEOUT TIMEOUT TIMEOUT CHANGE_CIPHER_SPEC,FINISHED SERVER_HELLO,CERTIFICATE,ECDHE_SERVER_KEY_EXCHANGE,CERTIFICATE_REQUEST,SERVER_HELLO_DONE TIMEOUT TIMEOUT TIMEOUT Alert(FATAL,UNEXPECTED_MESSAGE) TIMEOUT TIMEOUT TIMEOUT TIMEOUT TIMEOUT TIMEOUT TIMEOUT TIMEOUT TIMEOUT TIMEOUT
New CE status: not a CE
Output changed following CE verification
Input: ECDH_CLIENT_HELLO ECDH_CLIENT_HELLO EMPTY_CERTIFICATE ECDH_CLIENT_KEY_EXCHANGE CERTIFICATE_VERIFY CHANGE_CIPHER_SPEC EMPTY_CERTIFICATE Alert(WARNING,CLOSE_NOTIFY) ECDH_CLIENT_HELLO CERTIFICATE EMPTY_CERTIFICATE ECDH_CLIENT_HELLO CHANGE_CIPHER_SPEC ECDH_CLIENT_KEY_EXCHANGE Alert(WARNING,CLOSE_NOTIFY) CERTIFICATE Alert(WARNING,CLOSE_NOTIFY) Alert(WARNING,CLOSE_NOTIFY) ECDH_CLIENT_KEY_EXCHANGE Alert(WARNING,CLOSE_NOTIFY) CHANGE_CIPHER_SPEC Alert(FATAL,UNEXPECTED_MESSAGE) Alert(WARNING,CLOSE_NOTIFY) CERTIFICATE FINISHED Alert(FATAL,UNEXPECTED_MESSAGE) APPLICATION Alert(FATAL,UNEXPECTED_MESSAGE) CERTIFICATE_VERIFY APPLICATION CHANGE_CIPHER_SPEC EMPTY_CERTIFICATE EMPTY_CERTIFICATE ECDH_CLIENT_HELLO CERTIFICATE CERTIFICATE_VERIFY CHANGE_CIPHER_SPEC EMPTY_CERTIFICATE APPLICATION EMPTY_CERTIFICATE ECDH_CLIENT_KEY_EXCHANGE CERTIFICATE Alert(WARNING,CLOSE_NOTIFY) Alert(WARNING,CLOSE_NOTIFY) Alert(WARNING,CLOSE_NOTIFY) CHANGE_CIPHER_SPEC APPLICATION Alert(WARNING,CLOSE_NOTIFY) FINISHED FINISHED CHANGE_CIPHER_SPEC ECDH_CLIENT_HELLO
Original output: HELLO_VERIFY_REQUEST SERVER_HELLO,CERTIFICATE,ECDHE_SERVER_KEY_EXCHANGE,CERTIFICATE_REQUEST,SERVER_HELLO_DONE TIMEOUT TIMEOUT Alert(FATAL,DECODE_ERROR) TIMEOUT TIMEOUT TIMEOUT TIMEOUT TIMEOUT TIMEOUT TIMEOUT TIMEOUT TIMEOUT TIMEOUT TIMEOUT TIMEOUT TIMEOUT TIMEOUT TIMEOUT TIMEOUT TIMEOUT TIMEOUT TIMEOUT TIMEOUT TIMEOUT TIMEOUT TIMEOUT TIMEOUT TIMEOUT TIMEOUT TIMEOUT TIMEOUT TIMEOUT TIMEOUT TIMEOUT TIMEOUT TIMEOUT TIMEOUT TIMEOUT TIMEOUT TIMEOUT TIMEOUT TIMEOUT TIMEOUT TIMEOUT TIMEOUT TIMEOUT TIMEOUT TIMEOUT TIMEOUT TIMEOUT
New output: HELLO_VERIFY_REQUEST SERVER_HELLO,CERTIFICATE,ECDHE_SERVER_KEY_EXCHANGE,CERTIFICATE_REQUEST,SERVER_HELLO_DONE TIMEOUT TIMEOUT TIMEOUT TIMEOUT Alert(FATAL,UNEXPECTED_MESSAGE) TIMEOUT TIMEOUT TIMEOUT TIMEOUT TIMEOUT TIMEOUT TIMEOUT TIMEOUT TIMEOUT TIMEOUT TIMEOUT TIMEOUT TIMEOUT TIMEOUT TIMEOUT TIMEOUT TIMEOUT TIMEOUT TIMEOUT TIMEOUT TIMEOUT TIMEOUT TIMEOUT TIMEOUT TIMEOUT TIMEOUT TIMEOUT TIMEOUT TIMEOUT TIMEOUT TIMEOUT TIMEOUT TIMEOUT TIMEOUT TIMEOUT TIMEOUT TIMEOUT TIMEOUT TIMEOUT TIMEOUT TIMEOUT TIMEOUT TIMEOUT TIMEOUT TIMEOUT
New CE status: not a CE
Output changed following CE verification
Input: ECDH_CLIENT_HELLO ECDH_CLIENT_HELLO EMPTY_CERTIFICATE ECDH_CLIENT_KEY_EXCHANGE CERTIFICATE_VERIFY CHANGE_CIPHER_SPEC Alert(FATAL,UNEXPECTED_MESSAGE) CHANGE_CIPHER_SPEC EMPTY_CERTIFICATE CERTIFICATE ECDH_CLIENT_KEY_EXCHANGE CERTIFICATE ECDH_CLIENT_KEY_EXCHANGE CHANGE_CIPHER_SPEC ECDH_CLIENT_HELLO
Original output: HELLO_VERIFY_REQUEST SERVER_HELLO,CERTIFICATE,ECDHE_SERVER_KEY_EXCHANGE,CERTIFICATE_REQUEST,SERVER_HELLO_DONE TIMEOUT TIMEOUT Alert(FATAL,DECODE_ERROR) TIMEOUT TIMEOUT TIMEOUT TIMEOUT TIMEOUT TIMEOUT TIMEOUT TIMEOUT TIMEOUT TIMEOUT
New output: HELLO_VERIFY_REQUEST SERVER_HELLO,CERTIFICATE,ECDHE_SERVER_KEY_EXCHANGE,CERTIFICATE_REQUEST,SERVER_HELLO_DONE TIMEOUT TIMEOUT TIMEOUT TIMEOUT TIMEOUT TIMEOUT TIMEOUT TIMEOUT TIMEOUT TIMEOUT TIMEOUT TIMEOUT TIMEOUT
New CE status: not a CE
Output changed following CE verification
Input: ECDH_CLIENT_HELLO ECDH_CLIENT_HELLO CERTIFICATE ECDH_CLIENT_KEY_EXCHANGE CERTIFICATE_VERIFY CHANGE_CIPHER_SPEC FINISHED ECDH_CLIENT_HELLO Alert(FATAL,UNEXPECTED_MESSAGE) ECDH_CLIENT_KEY_EXCHANGE Alert(FATAL,UNEXPECTED_MESSAGE) CHANGE_CIPHER_SPEC CERTIFICATE_VERIFY APPLICATION EMPTY_CERTIFICATE Alert(WARNING,CLOSE_NOTIFY) FINISHED CERTIFICATE ECDH_CLIENT_KEY_EXCHANGE EMPTY_CERTIFICATE CHANGE_CIPHER_SPEC Alert(FATAL,UNEXPECTED_MESSAGE) CERTIFICATE_VERIFY ECDH_CLIENT_KEY_EXCHANGE APPLICATION CERTIFICATE Alert(WARNING,CLOSE_NOTIFY) Alert(WARNING,CLOSE_NOTIFY) ECDH_CLIENT_HELLO CHANGE_CIPHER_SPEC ECDH_CLIENT_HELLO ECDH_CLIENT_HELLO
Original output: HELLO_VERIFY_REQUEST SERVER_HELLO,CERTIFICATE,ECDHE_SERVER_KEY_EXCHANGE,CERTIFICATE_REQUEST,SERVER_HELLO_DONE TIMEOUT TIMEOUT Alert(FATAL,DECODE_ERROR) TIMEOUT TIMEOUT TIMEOUT TIMEOUT TIMEOUT TIMEOUT TIMEOUT TIMEOUT TIMEOUT TIMEOUT TIMEOUT TIMEOUT TIMEOUT TIMEOUT TIMEOUT TIMEOUT TIMEOUT TIMEOUT TIMEOUT TIMEOUT TIMEOUT TIMEOUT TIMEOUT TIMEOUT TIMEOUT TIMEOUT TIMEOUT
New output: HELLO_VERIFY_REQUEST SERVER_HELLO,CERTIFICATE,ECDHE_SERVER_KEY_EXCHANGE,CERTIFICATE_REQUEST,SERVER_HELLO_DONE TIMEOUT TIMEOUT TIMEOUT TIMEOUT CHANGE_CIPHER_SPEC,FINISHED SERVER_HELLO,CERTIFICATE,ECDHE_SERVER_KEY_EXCHANGE,CERTIFICATE_REQUEST,SERVER_HELLO_DONE TIMEOUT TIMEOUT TIMEOUT TIMEOUT TIMEOUT TIMEOUT TIMEOUT TIMEOUT TIMEOUT TIMEOUT TIMEOUT TIMEOUT TIMEOUT TIMEOUT TIMEOUT TIMEOUT TIMEOUT TIMEOUT TIMEOUT TIMEOUT TIMEOUT TIMEOUT TIMEOUT TIMEOUT
New CE status: not a CE
Output changed following CE verification
Input: ECDH_CLIENT_HELLO ECDH_CLIENT_HELLO EMPTY_CERTIFICATE ECDH_CLIENT_KEY_EXCHANGE CERTIFICATE_VERIFY CHANGE_CIPHER_SPEC FINISHED ECDH_CLIENT_HELLO EMPTY_CERTIFICATE ECDH_CLIENT_KEY_EXCHANGE CERTIFICATE APPLICATION EMPTY_CERTIFICATE Alert(WARNING,CLOSE_NOTIFY) FINISHED ECDH_CLIENT_KEY_EXCHANGE ECDH_CLIENT_HELLO ECDH_CLIENT_HELLO
Original output: HELLO_VERIFY_REQUEST SERVER_HELLO,CERTIFICATE,ECDHE_SERVER_KEY_EXCHANGE,CERTIFICATE_REQUEST,SERVER_HELLO_DONE TIMEOUT TIMEOUT Alert(FATAL,DECODE_ERROR) TIMEOUT TIMEOUT TIMEOUT TIMEOUT TIMEOUT TIMEOUT TIMEOUT TIMEOUT TIMEOUT TIMEOUT TIMEOUT TIMEOUT TIMEOUT
New output: HELLO_VERIFY_REQUEST SERVER_HELLO,CERTIFICATE,ECDHE_SERVER_KEY_EXCHANGE,CERTIFICATE_REQUEST,SERVER_HELLO_DONE TIMEOUT TIMEOUT TIMEOUT TIMEOUT CHANGE_CIPHER_SPEC,FINISHED SERVER_HELLO,CERTIFICATE,ECDHE_SERVER_KEY_EXCHANGE,CERTIFICATE_REQUEST,SERVER_HELLO_DONE TIMEOUT TIMEOUT Alert(FATAL,UNEXPECTED_MESSAGE) TIMEOUT TIMEOUT TIMEOUT TIMEOUT TIMEOUT TIMEOUT TIMEOUT
New CE status: not a CE
Output changed following CE verification
Input: ECDH_CLIENT_HELLO ECDH_CLIENT_HELLO EMPTY_CERTIFICATE ECDH_CLIENT_KEY_EXCHANGE CERTIFICATE_VERIFY CHANGE_CIPHER_SPEC FINISHED ECDH_CLIENT_HELLO EMPTY_CERTIFICATE Alert(FATAL,UNEXPECTED_MESSAGE) CERTIFICATE_VERIFY ECDH_CLIENT_KEY_EXCHANGE CHANGE_CIPHER_SPEC Alert(WARNING,CLOSE_NOTIFY) ECDH_CLIENT_HELLO
Original output: HELLO_VERIFY_REQUEST SERVER_HELLO,CERTIFICATE,ECDHE_SERVER_KEY_EXCHANGE,CERTIFICATE_REQUEST,SERVER_HELLO_DONE TIMEOUT TIMEOUT Alert(FATAL,DECODE_ERROR) TIMEOUT TIMEOUT TIMEOUT TIMEOUT TIMEOUT TIMEOUT TIMEOUT TIMEOUT TIMEOUT TIMEOUT
New output: HELLO_VERIFY_REQUEST SERVER_HELLO,CERTIFICATE,ECDHE_SERVER_KEY_EXCHANGE,CERTIFICATE_REQUEST,SERVER_HELLO_DONE TIMEOUT TIMEOUT TIMEOUT TIMEOUT CHANGE_CIPHER_SPEC,FINISHED SERVER_HELLO,CERTIFICATE,ECDHE_SERVER_KEY_EXCHANGE,CERTIFICATE_REQUEST,SERVER_HELLO_DONE TIMEOUT TIMEOUT TIMEOUT TIMEOUT TIMEOUT TIMEOUT TIMEOUT
New CE status: not a CE
Output changed following CE verification
Input: ECDH_CLIENT_HELLO ECDH_CLIENT_HELLO EMPTY_CERTIFICATE ECDH_CLIENT_KEY_EXCHANGE CERTIFICATE_VERIFY CHANGE_CIPHER_SPEC FINISHED ECDH_CLIENT_HELLO CERTIFICATE ECDH_CLIENT_KEY_EXCHANGE ECDH_CLIENT_HELLO Alert(WARNING,CLOSE_NOTIFY) APPLICATION ECDH_CLIENT_KEY_EXCHANGE CERTIFICATE_VERIFY CHANGE_CIPHER_SPEC Alert(WARNING,CLOSE_NOTIFY) ECDH_CLIENT_HELLO
Original output: HELLO_VERIFY_REQUEST SERVER_HELLO,CERTIFICATE,ECDHE_SERVER_KEY_EXCHANGE,CERTIFICATE_REQUEST,SERVER_HELLO_DONE TIMEOUT TIMEOUT Alert(FATAL,DECODE_ERROR) TIMEOUT TIMEOUT TIMEOUT TIMEOUT TIMEOUT TIMEOUT TIMEOUT TIMEOUT TIMEOUT TIMEOUT TIMEOUT TIMEOUT TIMEOUT
New output: HELLO_VERIFY_REQUEST SERVER_HELLO,CERTIFICATE,ECDHE_SERVER_KEY_EXCHANGE,CERTIFICATE_REQUEST,SERVER_HELLO_DONE TIMEOUT TIMEOUT TIMEOUT TIMEOUT CHANGE_CIPHER_SPEC,FINISHED SERVER_HELLO,CERTIFICATE,ECDHE_SERVER_KEY_EXCHANGE,CERTIFICATE_REQUEST,SERVER_HELLO_DONE TIMEOUT TIMEOUT Alert(FATAL,UNEXPECTED_MESSAGE) TIMEOUT TIMEOUT TIMEOUT TIMEOUT TIMEOUT TIMEOUT TIMEOUT
New CE status: not a CE
Output changed following CE verification
Input: ECDH_CLIENT_HELLO ECDH_CLIENT_HELLO EMPTY_CERTIFICATE ECDH_CLIENT_KEY_EXCHANGE CERTIFICATE_VERIFY CHANGE_CIPHER_SPEC FINISHED ECDH_CLIENT_HELLO EMPTY_CERTIFICATE CHANGE_CIPHER_SPEC CHANGE_CIPHER_SPEC CERTIFICATE Alert(WARNING,CLOSE_NOTIFY) Alert(FATAL,UNEXPECTED_MESSAGE) ECDH_CLIENT_KEY_EXCHANGE APPLICATION APPLICATION CHANGE_CIPHER_SPEC EMPTY_CERTIFICATE ECDH_CLIENT_HELLO CHANGE_CIPHER_SPEC ECDH_CLIENT_HELLO ECDH_CLIENT_HELLO
Original output: HELLO_VERIFY_REQUEST SERVER_HELLO,CERTIFICATE,ECDHE_SERVER_KEY_EXCHANGE,CERTIFICATE_REQUEST,SERVER_HELLO_DONE TIMEOUT TIMEOUT Alert(FATAL,DECODE_ERROR) TIMEOUT TIMEOUT TIMEOUT TIMEOUT TIMEOUT TIMEOUT TIMEOUT TIMEOUT TIMEOUT TIMEOUT TIMEOUT TIMEOUT TIMEOUT TIMEOUT TIMEOUT TIMEOUT TIMEOUT TIMEOUT
New output: HELLO_VERIFY_REQUEST SERVER_HELLO,CERTIFICATE,ECDHE_SERVER_KEY_EXCHANGE,CERTIFICATE_REQUEST,SERVER_HELLO_DONE TIMEOUT TIMEOUT TIMEOUT TIMEOUT CHANGE_CIPHER_SPEC,FINISHED SERVER_HELLO,CERTIFICATE,ECDHE_SERVER_KEY_EXCHANGE,CERTIFICATE_REQUEST,SERVER_HELLO_DONE TIMEOUT TIMEOUT Alert(FATAL,DECRYPT_ERROR) TIMEOUT TIMEOUT TIMEOUT TIMEOUT TIMEOUT TIMEOUT TIMEOUT TIMEOUT TIMEOUT TIMEOUT TIMEOUT TIMEOUT
New CE status: not a CE
Output changed following CE verification
Input: ECDH_CLIENT_HELLO ECDH_CLIENT_HELLO CERTIFICATE ECDH_CLIENT_KEY_EXCHANGE CERTIFICATE_VERIFY CHANGE_CIPHER_SPEC FINISHED ECDH_CLIENT_HELLO CERTIFICATE ECDH_CLIENT_KEY_EXCHANGE Alert(FATAL,UNEXPECTED_MESSAGE) Alert(FATAL,UNEXPECTED_MESSAGE) CERTIFICATE ECDH_CLIENT_KEY_EXCHANGE EMPTY_CERTIFICATE Alert(WARNING,CLOSE_NOTIFY) ECDH_CLIENT_HELLO
Original output: HELLO_VERIFY_REQUEST SERVER_HELLO,CERTIFICATE,ECDHE_SERVER_KEY_EXCHANGE,CERTIFICATE_REQUEST,SERVER_HELLO_DONE TIMEOUT TIMEOUT Alert(FATAL,DECODE_ERROR) TIMEOUT TIMEOUT TIMEOUT TIMEOUT TIMEOUT TIMEOUT TIMEOUT TIMEOUT TIMEOUT TIMEOUT TIMEOUT TIMEOUT
New output: HELLO_VERIFY_REQUEST SERVER_HELLO,CERTIFICATE,ECDHE_SERVER_KEY_EXCHANGE,CERTIFICATE_REQUEST,SERVER_HELLO_DONE TIMEOUT TIMEOUT TIMEOUT TIMEOUT CHANGE_CIPHER_SPEC,FINISHED SERVER_HELLO,CERTIFICATE,ECDHE_SERVER_KEY_EXCHANGE,CERTIFICATE_REQUEST,SERVER_HELLO_DONE TIMEOUT TIMEOUT TIMEOUT TIMEOUT TIMEOUT TIMEOUT TIMEOUT TIMEOUT TIMEOUT
New CE status: not a CE
Output changed following CE verification
Input: ECDH_CLIENT_HELLO ECDH_CLIENT_HELLO CERTIFICATE ECDH_CLIENT_KEY_EXCHANGE CERTIFICATE_VERIFY CHANGE_CIPHER_SPEC APPLICATION EMPTY_CERTIFICATE EMPTY_CERTIFICATE FINISHED APPLICATION CHANGE_CIPHER_SPEC APPLICATION FINISHED CERTIFICATE ECDH_CLIENT_KEY_EXCHANGE CHANGE_CIPHER_SPEC ECDH_CLIENT_HELLO
Original output: HELLO_VERIFY_REQUEST SERVER_HELLO,CERTIFICATE,ECDHE_SERVER_KEY_EXCHANGE,CERTIFICATE_REQUEST,SERVER_HELLO_DONE TIMEOUT TIMEOUT Alert(FATAL,DECODE_ERROR) TIMEOUT TIMEOUT TIMEOUT TIMEOUT TIMEOUT TIMEOUT TIMEOUT TIMEOUT TIMEOUT TIMEOUT TIMEOUT TIMEOUT TIMEOUT
New output: HELLO_VERIFY_REQUEST SERVER_HELLO,CERTIFICATE,ECDHE_SERVER_KEY_EXCHANGE,CERTIFICATE_REQUEST,SERVER_HELLO_DONE TIMEOUT TIMEOUT TIMEOUT TIMEOUT TIMEOUT Alert(FATAL,UNEXPECTED_MESSAGE) TIMEOUT TIMEOUT TIMEOUT TIMEOUT TIMEOUT TIMEOUT TIMEOUT TIMEOUT TIMEOUT TIMEOUT
New CE status: not a CE
Output changed following CE verification
Input: ECDH_CLIENT_HELLO ECDH_CLIENT_HELLO EMPTY_CERTIFICATE ECDH_CLIENT_KEY_EXCHANGE CERTIFICATE_VERIFY CHANGE_CIPHER_SPEC FINISHED CERTIFICATE ECDH_CLIENT_KEY_EXCHANGE Alert(FATAL,UNEXPECTED_MESSAGE) CHANGE_CIPHER_SPEC FINISHED APPLICATION Alert(FATAL,UNEXPECTED_MESSAGE) CHANGE_CIPHER_SPEC Alert(WARNING,CLOSE_NOTIFY) ECDH_CLIENT_KEY_EXCHANGE Alert(WARNING,CLOSE_NOTIFY) ECDH_CLIENT_HELLO ECDH_CLIENT_HELLO
Original output: HELLO_VERIFY_REQUEST SERVER_HELLO,CERTIFICATE,ECDHE_SERVER_KEY_EXCHANGE,CERTIFICATE_REQUEST,SERVER_HELLO_DONE TIMEOUT TIMEOUT Alert(FATAL,DECODE_ERROR) TIMEOUT TIMEOUT TIMEOUT TIMEOUT TIMEOUT TIMEOUT TIMEOUT TIMEOUT TIMEOUT TIMEOUT TIMEOUT TIMEOUT TIMEOUT TIMEOUT TIMEOUT
New output: HELLO_VERIFY_REQUEST SERVER_HELLO,CERTIFICATE,ECDHE_SERVER_KEY_EXCHANGE,CERTIFICATE_REQUEST,SERVER_HELLO_DONE TIMEOUT TIMEOUT TIMEOUT TIMEOUT CHANGE_CIPHER_SPEC,FINISHED TIMEOUT TIMEOUT TIMEOUT TIMEOUT TIMEOUT TIMEOUT TIMEOUT TIMEOUT TIMEOUT TIMEOUT TIMEOUT TIMEOUT TIMEOUT
New CE status: not a CE
Output changed following CE verification
Input: ECDH_CLIENT_HELLO ECDH_CLIENT_HELLO EMPTY_CERTIFICATE ECDH_CLIENT_KEY_EXCHANGE CERTIFICATE_VERIFY CHANGE_CIPHER_SPEC FINISHED ECDH_CLIENT_HELLO CERTIFICATE ECDH_CLIENT_KEY_EXCHANGE CERTIFICATE_VERIFY Alert(WARNING,CLOSE_NOTIFY) FINISHED CERTIFICATE_VERIFY APPLICATION CERTIFICATE CHANGE_CIPHER_SPEC CERTIFICATE_VERIFY ECDH_CLIENT_HELLO ECDH_CLIENT_HELLO ECDH_CLIENT_HELLO CHANGE_CIPHER_SPEC CHANGE_CIPHER_SPEC ECDH_CLIENT_HELLO ECDH_CLIENT_HELLO
Original output: HELLO_VERIFY_REQUEST SERVER_HELLO,CERTIFICATE,ECDHE_SERVER_KEY_EXCHANGE,CERTIFICATE_REQUEST,SERVER_HELLO_DONE TIMEOUT TIMEOUT TIMEOUT TIMEOUT CHANGE_CIPHER_SPEC,FINISHED SERVER_HELLO,CERTIFICATE,ECDHE_SERVER_KEY_EXCHANGE,CERTIFICATE_REQUEST,SERVER_HELLO_DONE TIMEOUT TIMEOUT Alert(FATAL,DECODE_ERROR) TIMEOUT TIMEOUT TIMEOUT TIMEOUT TIMEOUT TIMEOUT TIMEOUT TIMEOUT TIMEOUT TIMEOUT TIMEOUT TIMEOUT TIMEOUT TIMEOUT
New output: HELLO_VERIFY_REQUEST SERVER_HELLO,CERTIFICATE,ECDHE_SERVER_KEY_EXCHANGE,CERTIFICATE_REQUEST,SERVER_HELLO_DONE TIMEOUT TIMEOUT TIMEOUT TIMEOUT CHANGE_CIPHER_SPEC,FINISHED SERVER_HELLO,CERTIFICATE,ECDHE_SERVER_KEY_EXCHANGE,CERTIFICATE_REQUEST,SERVER_HELLO_DONE TIMEOUT TIMEOUT TIMEOUT Alert(FATAL,CLOSE_NOTIFY) TIMEOUT TIMEOUT TIMEOUT TIMEOUT TIMEOUT TIMEOUT TIMEOUT TIMEOUT TIMEOUT TIMEOUT TIMEOUT TIMEOUT TIMEOUT
New CE status: not a CE
Output changed following CE verification
Input: ECDH_CLIENT_HELLO ECDH_CLIENT_HELLO CERTIFICATE ECDH_CLIENT_KEY_EXCHANGE CERTIFICATE_VERIFY CHANGE_CIPHER_SPEC FINISHED CERTIFICATE_VERIFY ECDH_CLIENT_HELLO FINISHED
Original output: HELLO_VERIFY_REQUEST SERVER_HELLO,CERTIFICATE,ECDHE_SERVER_KEY_EXCHANGE,CERTIFICATE_REQUEST,SERVER_HELLO_DONE TIMEOUT TIMEOUT Alert(FATAL,DECODE_ERROR) TIMEOUT TIMEOUT TIMEOUT TIMEOUT TIMEOUT
New output: HELLO_VERIFY_REQUEST SERVER_HELLO,CERTIFICATE,ECDHE_SERVER_KEY_EXCHANGE,CERTIFICATE_REQUEST,SERVER_HELLO_DONE TIMEOUT TIMEOUT TIMEOUT TIMEOUT CHANGE_CIPHER_SPEC,FINISHED TIMEOUT SERVER_HELLO,CERTIFICATE,ECDHE_SERVER_KEY_EXCHANGE,CERTIFICATE_REQUEST,SERVER_HELLO_DONE Alert(FATAL,UNEXPECTED_MESSAGE)
New CE status: not a CE
Output changed following CE verification
Input: ECDH_CLIENT_HELLO ECDH_CLIENT_HELLO CERTIFICATE ECDH_CLIENT_KEY_EXCHANGE CERTIFICATE_VERIFY CHANGE_CIPHER_SPEC FINISHED Alert(WARNING,CLOSE_NOTIFY) FINISHED ECDH_CLIENT_HELLO
Original output: HELLO_VERIFY_REQUEST SERVER_HELLO,CERTIFICATE,ECDHE_SERVER_KEY_EXCHANGE,CERTIFICATE_REQUEST,SERVER_HELLO_DONE TIMEOUT TIMEOUT Alert(FATAL,DECODE_ERROR) TIMEOUT TIMEOUT TIMEOUT TIMEOUT TIMEOUT
New output: HELLO_VERIFY_REQUEST SERVER_HELLO,CERTIFICATE,ECDHE_SERVER_KEY_EXCHANGE,CERTIFICATE_REQUEST,SERVER_HELLO_DONE TIMEOUT TIMEOUT TIMEOUT TIMEOUT CHANGE_CIPHER_SPEC,FINISHED Alert(FATAL,CLOSE_NOTIFY) TIMEOUT TIMEOUT
New CE status: not a CE
Output changed following CE verification
Input: ECDH_CLIENT_HELLO ECDH_CLIENT_HELLO CERTIFICATE ECDH_CLIENT_KEY_EXCHANGE CERTIFICATE_VERIFY CHANGE_CIPHER_SPEC FINISHED ECDH_CLIENT_HELLO CERTIFICATE ECDH_CLIENT_KEY_EXCHANGE CERTIFICATE_VERIFY FINISHED APPLICATION ECDH_CLIENT_HELLO
Original output: HELLO_VERIFY_REQUEST SERVER_HELLO,CERTIFICATE,ECDHE_SERVER_KEY_EXCHANGE,CERTIFICATE_REQUEST,SERVER_HELLO_DONE TIMEOUT TIMEOUT TIMEOUT TIMEOUT CHANGE_CIPHER_SPEC,FINISHED SERVER_HELLO,CERTIFICATE,ECDHE_SERVER_KEY_EXCHANGE,CERTIFICATE_REQUEST,SERVER_HELLO_DONE TIMEOUT TIMEOUT Alert(FATAL,DECODE_ERROR) TIMEOUT TIMEOUT TIMEOUT
New output: HELLO_VERIFY_REQUEST SERVER_HELLO,CERTIFICATE,ECDHE_SERVER_KEY_EXCHANGE,CERTIFICATE_REQUEST,SERVER_HELLO_DONE TIMEOUT TIMEOUT TIMEOUT TIMEOUT CHANGE_CIPHER_SPEC,FINISHED SERVER_HELLO,CERTIFICATE,ECDHE_SERVER_KEY_EXCHANGE,CERTIFICATE_REQUEST,SERVER_HELLO_DONE TIMEOUT TIMEOUT TIMEOUT Alert(FATAL,UNEXPECTED_MESSAGE) TIMEOUT TIMEOUT
New CE status: not a CE
Output changed following CE verification
Input: ECDH_CLIENT_HELLO ECDH_CLIENT_HELLO CERTIFICATE ECDH_CLIENT_KEY_EXCHANGE CERTIFICATE_VERIFY CERTIFICATE_VERIFY EMPTY_CERTIFICATE Alert(WARNING,CLOSE_NOTIFY) ECDH_CLIENT_HELLO
Original output: HELLO_VERIFY_REQUEST SERVER_HELLO,CERTIFICATE,ECDHE_SERVER_KEY_EXCHANGE,CERTIFICATE_REQUEST,SERVER_HELLO_DONE TIMEOUT TIMEOUT Alert(FATAL,DECODE_ERROR) TIMEOUT TIMEOUT TIMEOUT SERVER_HELLO,CERTIFICATE,ECDHE_SERVER_KEY_EXCHANGE,CERTIFICATE_REQUEST,SERVER_HELLO_DONE
New output: HELLO_VERIFY_REQUEST SERVER_HELLO,CERTIFICATE,ECDHE_SERVER_KEY_EXCHANGE,CERTIFICATE_REQUEST,SERVER_HELLO_DONE TIMEOUT TIMEOUT TIMEOUT Alert(FATAL,UNEXPECTED_MESSAGE) TIMEOUT TIMEOUT SERVER_HELLO,CERTIFICATE,ECDHE_SERVER_KEY_EXCHANGE,CERTIFICATE_REQUEST,SERVER_HELLO_DONE
New CE status: not a CE
Output changed following CE verification
Input: ECDH_CLIENT_HELLO ECDH_CLIENT_HELLO CERTIFICATE ECDH_CLIENT_KEY_EXCHANGE CERTIFICATE_VERIFY CHANGE_CIPHER_SPEC FINISHED ECDH_CLIENT_HELLO CERTIFICATE ECDH_CLIENT_KEY_EXCHANGE CERTIFICATE_VERIFY APPLICATION Alert(WARNING,CLOSE_NOTIFY) Alert(WARNING,CLOSE_NOTIFY) ECDH_CLIENT_HELLO
Original output: HELLO_VERIFY_REQUEST SERVER_HELLO,CERTIFICATE,ECDHE_SERVER_KEY_EXCHANGE,CERTIFICATE_REQUEST,SERVER_HELLO_DONE TIMEOUT TIMEOUT TIMEOUT TIMEOUT CHANGE_CIPHER_SPEC,FINISHED SERVER_HELLO,CERTIFICATE,ECDHE_SERVER_KEY_EXCHANGE,CERTIFICATE_REQUEST,SERVER_HELLO_DONE TIMEOUT TIMEOUT Alert(FATAL,DECODE_ERROR) TIMEOUT TIMEOUT TIMEOUT TIMEOUT
New output: HELLO_VERIFY_REQUEST SERVER_HELLO,CERTIFICATE,ECDHE_SERVER_KEY_EXCHANGE,CERTIFICATE_REQUEST,SERVER_HELLO_DONE TIMEOUT TIMEOUT TIMEOUT TIMEOUT CHANGE_CIPHER_SPEC,FINISHED SERVER_HELLO,CERTIFICATE,ECDHE_SERVER_KEY_EXCHANGE,CERTIFICATE_REQUEST,SERVER_HELLO_DONE TIMEOUT TIMEOUT TIMEOUT TIMEOUT Alert(FATAL,CLOSE_NOTIFY) TIMEOUT TIMEOUT
New CE status: not a CE
