Output changed following CE verification
Input: FINISHED RSA_CLIENT_HELLO RSA_CLIENT_HELLO Alert(FATAL,UNEXPECTED_MESSAGE) RSA_CLIENT_HELLO RSA_CLIENT_KEY_EXCHANGE Alert(WARNING,CLOSE_NOTIFY) CERTIFICATE APPLICATION EMPTY_CERTIFICATE EMPTY_CERTIFICATE CHANGE_CIPHER_SPEC
Original output: FINISHED SOCKET_CLOSED SOCKET_CLOSED SOCKET_CLOSED SOCKET_CLOSED SOCKET_CLOSED SOCKET_CLOSED SOCKET_CLOSED SOCKET_CLOSED SOCKET_CLOSED SOCKET_CLOSED SOCKET_CLOSED
New output: TIMEOUT HELLO_VERIFY_REQUEST SERVER_HELLO,CERTIFICATE,SERVER_HELLO_DONE TIMEOUT HELLO_VERIFY_REQUEST TIMEOUT TIMEOUT TIMEOUT Alert(FATAL,UNEXPECTED_MESSAGE) TIMEOUT TIMEOUT TIMEOUT
New CE status: not a CE
Output changed following CE verification
Input: RSA_CLIENT_HELLO RSA_CLIENT_HELLO RSA_CLIENT_KEY_EXCHANGE APPLICATION CHANGE_CIPHER_SPEC APPLICATION CHANGE_CIPHER_SPEC RSA_CLIENT_KEY_EXCHANGE CERTIFICATE RSA_CLIENT_HELLO Alert(WARNING,CLOSE_NOTIFY) RSA_CLIENT_KEY_EXCHANGE CHANGE_CIPHER_SPEC
Original output: CLIENT_HELLO SOCKET_CLOSED SOCKET_CLOSED SOCKET_CLOSED SOCKET_CLOSED SOCKET_CLOSED SOCKET_CLOSED SOCKET_CLOSED SOCKET_CLOSED SOCKET_CLOSED SOCKET_CLOSED SOCKET_CLOSED SOCKET_CLOSED
New output: HELLO_VERIFY_REQUEST SERVER_HELLO,CERTIFICATE,SERVER_HELLO_DONE TIMEOUT Alert(FATAL,UNEXPECTED_MESSAGE) TIMEOUT TIMEOUT TIMEOUT TIMEOUT TIMEOUT TIMEOUT TIMEOUT TIMEOUT TIMEOUT
New CE status: not a CE
Output changed following CE verification
Input: RSA_CLIENT_HELLO RSA_CLIENT_HELLO RSA_CLIENT_KEY_EXCHANGE EMPTY_CERTIFICATE CHANGE_CIPHER_SPEC CERTIFICATE CHANGE_CIPHER_SPEC RSA_CLIENT_KEY_EXCHANGE CERTIFICATE RSA_CLIENT_HELLO APPLICATION Alert(WARNING,CLOSE_NOTIFY) CERTIFICATE FINISHED CERTIFICATE
Original output: CLIENT_HELLO SOCKET_CLOSED SOCKET_CLOSED SOCKET_CLOSED SOCKET_CLOSED SOCKET_CLOSED SOCKET_CLOSED SOCKET_CLOSED SOCKET_CLOSED SOCKET_CLOSED SOCKET_CLOSED SOCKET_CLOSED SOCKET_CLOSED SOCKET_CLOSED SOCKET_CLOSED
New output: HELLO_VERIFY_REQUEST SERVER_HELLO,CERTIFICATE,SERVER_HELLO_DONE TIMEOUT TIMEOUT TIMEOUT TIMEOUT TIMEOUT TIMEOUT TIMEOUT TIMEOUT TIMEOUT TIMEOUT TIMEOUT TIMEOUT TIMEOUT
New CE status: not a CE
Output changed following CE verification
Input: RSA_CLIENT_KEY_EXCHANGE RSA_CLIENT_HELLO RSA_CLIENT_HELLO Alert(FATAL,UNEXPECTED_MESSAGE) CERTIFICATE APPLICATION Alert(FATAL,UNEXPECTED_MESSAGE) EMPTY_CERTIFICATE RSA_CLIENT_KEY_EXCHANGE EMPTY_CERTIFICATE RSA_CLIENT_KEY_EXCHANGE RSA_CLIENT_HELLO APPLICATION RSA_CLIENT_KEY_EXCHANGE CERTIFICATE CHANGE_CIPHER_SPEC CERTIFICATE_VERIFY FINISHED CHANGE_CIPHER_SPEC FINISHED Alert(WARNING,CLOSE_NOTIFY) CERTIFICATE CHANGE_CIPHER_SPEC EMPTY_CERTIFICATE EMPTY_CERTIFICATE EMPTY_CERTIFICATE CHANGE_CIPHER_SPEC RSA_CLIENT_KEY_EXCHANGE CHANGE_CIPHER_SPEC RSA_CLIENT_HELLO RSA_CLIENT_KEY_EXCHANGE APPLICATION Alert(WARNING,CLOSE_NOTIFY) APPLICATION CERTIFICATE_VERIFY RSA_CLIENT_KEY_EXCHANGE Alert(WARNING,CLOSE_NOTIFY) CERTIFICATE_VERIFY APPLICATION FINISHED CERTIFICATE_VERIFY APPLICATION Alert(WARNING,CLOSE_NOTIFY) CERTIFICATE_VERIFY CERTIFICATE_VERIFY RSA_CLIENT_HELLO
Original output: UNKNOWN SOCKET_CLOSED SOCKET_CLOSED SOCKET_CLOSED SOCKET_CLOSED SOCKET_CLOSED SOCKET_CLOSED SOCKET_CLOSED SOCKET_CLOSED SOCKET_CLOSED SOCKET_CLOSED SOCKET_CLOSED SOCKET_CLOSED SOCKET_CLOSED SOCKET_CLOSED SOCKET_CLOSED SOCKET_CLOSED SOCKET_CLOSED SOCKET_CLOSED SOCKET_CLOSED SOCKET_CLOSED SOCKET_CLOSED SOCKET_CLOSED SOCKET_CLOSED SOCKET_CLOSED SOCKET_CLOSED SOCKET_CLOSED SOCKET_CLOSED SOCKET_CLOSED SOCKET_CLOSED SOCKET_CLOSED SOCKET_CLOSED SOCKET_CLOSED SOCKET_CLOSED SOCKET_CLOSED SOCKET_CLOSED SOCKET_CLOSED SOCKET_CLOSED SOCKET_CLOSED SOCKET_CLOSED SOCKET_CLOSED SOCKET_CLOSED SOCKET_CLOSED SOCKET_CLOSED SOCKET_CLOSED SOCKET_CLOSED
New output: TIMEOUT HELLO_VERIFY_REQUEST SERVER_HELLO,CERTIFICATE,SERVER_HELLO_DONE TIMEOUT TIMEOUT Alert(FATAL,UNEXPECTED_MESSAGE) TIMEOUT TIMEOUT TIMEOUT TIMEOUT TIMEOUT HELLO_VERIFY_REQUEST Alert(FATAL,UNEXPECTED_MESSAGE) TIMEOUT TIMEOUT TIMEOUT TIMEOUT TIMEOUT TIMEOUT TIMEOUT TIMEOUT TIMEOUT TIMEOUT TIMEOUT TIMEOUT TIMEOUT TIMEOUT TIMEOUT TIMEOUT TIMEOUT TIMEOUT TIMEOUT TIMEOUT TIMEOUT TIMEOUT TIMEOUT TIMEOUT TIMEOUT TIMEOUT TIMEOUT TIMEOUT TIMEOUT TIMEOUT TIMEOUT TIMEOUT TIMEOUT
New CE status: not a CE
Output changed following CE verification
Input: EMPTY_CERTIFICATE RSA_CLIENT_HELLO RSA_CLIENT_HELLO APPLICATION CHANGE_CIPHER_SPEC EMPTY_CERTIFICATE CERTIFICATE_VERIFY Alert(WARNING,CLOSE_NOTIFY) Alert(FATAL,UNEXPECTED_MESSAGE) CERTIFICATE EMPTY_CERTIFICATE APPLICATION
Original output: CERTIFICATE SOCKET_CLOSED SOCKET_CLOSED SOCKET_CLOSED SOCKET_CLOSED SOCKET_CLOSED SOCKET_CLOSED SOCKET_CLOSED SOCKET_CLOSED SOCKET_CLOSED SOCKET_CLOSED SOCKET_CLOSED
New output: TIMEOUT HELLO_VERIFY_REQUEST SERVER_HELLO,CERTIFICATE,SERVER_HELLO_DONE Alert(FATAL,UNEXPECTED_MESSAGE) TIMEOUT TIMEOUT TIMEOUT TIMEOUT TIMEOUT TIMEOUT TIMEOUT TIMEOUT
New CE status: not a CE
Output changed following CE verification
Input: RSA_CLIENT_HELLO RSA_CLIENT_HELLO RSA_CLIENT_KEY_EXCHANGE RSA_CLIENT_KEY_EXCHANGE FINISHED Alert(WARNING,CLOSE_NOTIFY) FINISHED CERTIFICATE_VERIFY RSA_CLIENT_HELLO EMPTY_CERTIFICATE FINISHED
Original output: CLIENT_HELLO SOCKET_CLOSED SOCKET_CLOSED SOCKET_CLOSED SOCKET_CLOSED SOCKET_CLOSED SOCKET_CLOSED SOCKET_CLOSED SOCKET_CLOSED SOCKET_CLOSED SOCKET_CLOSED
New output: HELLO_VERIFY_REQUEST SERVER_HELLO,CERTIFICATE,SERVER_HELLO_DONE TIMEOUT TIMEOUT TIMEOUT TIMEOUT TIMEOUT TIMEOUT HELLO_VERIFY_REQUEST TIMEOUT TIMEOUT
New CE status: not a CE
Output inconsistent with cache, discarding it and returning automaton output
Input: RSA_CLIENT_HELLO RSA_CLIENT_HELLO RSA_CLIENT_KEY_EXCHANGE CHANGE_CIPHER_SPEC RSA_CLIENT_KEY_EXCHANGE APPLICATION
Spurious output: TIMEOUT SOCKET_CLOSED SOCKET_CLOSED SOCKET_CLOSED SOCKET_CLOSED SOCKET_CLOSED SOCKET_CLOSED SOCKET_CLOSED SOCKET_CLOSED SOCKET_CLOSED
Cached output: HELLO_VERIFY_REQUEST SERVER_HELLO,CERTIFICATE,SERVER_HELLO_DONE TIMEOUT TIMEOUT TIMEOUT TIMEOUT
Output inconsistent with cache, discarding it and returning automaton output
Input: RSA_CLIENT_HELLO RSA_CLIENT_HELLO RSA_CLIENT_KEY_EXCHANGE EMPTY_CERTIFICATE CHANGE_CIPHER_SPEC FINISHED CHANGE_CIPHER_SPEC
Spurious output: TIMEOUT SOCKET_CLOSED SOCKET_CLOSED SOCKET_CLOSED SOCKET_CLOSED SOCKET_CLOSED SOCKET_CLOSED SOCKET_CLOSED SOCKET_CLOSED SOCKET_CLOSED SOCKET_CLOSED SOCKET_CLOSED SOCKET_CLOSED SOCKET_CLOSED SOCKET_CLOSED SOCKET_CLOSED SOCKET_CLOSED SOCKET_CLOSED SOCKET_CLOSED
Cached output: HELLO_VERIFY_REQUEST SERVER_HELLO,CERTIFICATE,SERVER_HELLO_DONE TIMEOUT TIMEOUT TIMEOUT CHANGE_CIPHER_SPEC,FINISHED APPLICATION
Output inconsistent with cache, discarding it and returning automaton output
Input: RSA_CLIENT_HELLO RSA_CLIENT_HELLO EMPTY_CERTIFICATE CERTIFICATE_VERIFY Alert(WARNING,CLOSE_NOTIFY)
Spurious output: TIMEOUT SOCKET_CLOSED SOCKET_CLOSED SOCKET_CLOSED SOCKET_CLOSED SOCKET_CLOSED SOCKET_CLOSED SOCKET_CLOSED SOCKET_CLOSED SOCKET_CLOSED SOCKET_CLOSED SOCKET_CLOSED SOCKET_CLOSED SOCKET_CLOSED SOCKET_CLOSED SOCKET_CLOSED SOCKET_CLOSED
Cached output: HELLO_VERIFY_REQUEST SERVER_HELLO,CERTIFICATE,SERVER_HELLO_DONE TIMEOUT TIMEOUT TIMEOUT
Non determinism when running test multiple times
Test: RSA_CLIENT_HELLO RSA_CLIENT_HELLO EMPTY_CERTIFICATE CERTIFICATE_VERIFY RSA_CLIENT_KEY_EXCHANGE CHANGE_CIPHER_SPEC RSA_CLIENT_KEY_EXCHANGE RSA_CLIENT_KEY_EXCHANGE RSA_CLIENT_HELLO APPLICATION CHANGE_CIPHER_SPEC APPLICATION FINISHED RSA_CLIENT_KEY_EXCHANGE Alert(WARNING,CLOSE_NOTIFY) RSA_CLIENT_KEY_EXCHANGE APPLICATION CERTIFICATE_VERIFY EMPTY_CERTIFICATE RSA_CLIENT_KEY_EXCHANGE EMPTY_CERTIFICATE Alert(WARNING,CLOSE_NOTIFY) APPLICATION CHANGE_CIPHER_SPEC CERTIFICATE_VERIFY CERTIFICATE Alert(FATAL,UNEXPECTED_MESSAGE) Alert(FATAL,UNEXPECTED_MESSAGE) CHANGE_CIPHER_SPEC
1 times outputs: TIMEOUT SOCKET_CLOSED SOCKET_CLOSED SOCKET_CLOSED SOCKET_CLOSED SOCKET_CLOSED SOCKET_CLOSED SOCKET_CLOSED SOCKET_CLOSED SOCKET_CLOSED SOCKET_CLOSED SOCKET_CLOSED SOCKET_CLOSED SOCKET_CLOSED SOCKET_CLOSED SOCKET_CLOSED SOCKET_CLOSED SOCKET_CLOSED SOCKET_CLOSED SOCKET_CLOSED SOCKET_CLOSED SOCKET_CLOSED SOCKET_CLOSED SOCKET_CLOSED SOCKET_CLOSED SOCKET_CLOSED SOCKET_CLOSED SOCKET_CLOSED SOCKET_CLOSED
2 times outputs: HELLO_VERIFY_REQUEST SERVER_HELLO,CERTIFICATE,SERVER_HELLO_DONE TIMEOUT TIMEOUT TIMEOUT TIMEOUT TIMEOUT TIMEOUT TIMEOUT TIMEOUT TIMEOUT TIMEOUT TIMEOUT TIMEOUT TIMEOUT TIMEOUT TIMEOUT TIMEOUT TIMEOUT TIMEOUT TIMEOUT TIMEOUT TIMEOUT TIMEOUT TIMEOUT TIMEOUT TIMEOUT TIMEOUT TIMEOUT
Performing probabilistic sanitization
Most likely answer has likelyhood 1.0 after 7 runs
Answer deemed to be in acceptable range, returning answer
Output changed following CE verification
Input: RSA_CLIENT_HELLO RSA_CLIENT_HELLO EMPTY_CERTIFICATE CERTIFICATE_VERIFY RSA_CLIENT_KEY_EXCHANGE CHANGE_CIPHER_SPEC RSA_CLIENT_KEY_EXCHANGE RSA_CLIENT_KEY_EXCHANGE RSA_CLIENT_HELLO APPLICATION CHANGE_CIPHER_SPEC APPLICATION FINISHED RSA_CLIENT_KEY_EXCHANGE Alert(WARNING,CLOSE_NOTIFY) RSA_CLIENT_KEY_EXCHANGE APPLICATION CERTIFICATE_VERIFY EMPTY_CERTIFICATE RSA_CLIENT_KEY_EXCHANGE EMPTY_CERTIFICATE Alert(WARNING,CLOSE_NOTIFY) APPLICATION CHANGE_CIPHER_SPEC CERTIFICATE_VERIFY CERTIFICATE Alert(FATAL,UNEXPECTED_MESSAGE) Alert(FATAL,UNEXPECTED_MESSAGE) CHANGE_CIPHER_SPEC
Original output: TIMEOUT SOCKET_CLOSED SOCKET_CLOSED SOCKET_CLOSED SOCKET_CLOSED SOCKET_CLOSED SOCKET_CLOSED SOCKET_CLOSED SOCKET_CLOSED SOCKET_CLOSED SOCKET_CLOSED SOCKET_CLOSED SOCKET_CLOSED SOCKET_CLOSED SOCKET_CLOSED SOCKET_CLOSED SOCKET_CLOSED SOCKET_CLOSED SOCKET_CLOSED SOCKET_CLOSED SOCKET_CLOSED SOCKET_CLOSED SOCKET_CLOSED SOCKET_CLOSED SOCKET_CLOSED SOCKET_CLOSED SOCKET_CLOSED SOCKET_CLOSED SOCKET_CLOSED
New output: HELLO_VERIFY_REQUEST SERVER_HELLO,CERTIFICATE,SERVER_HELLO_DONE TIMEOUT TIMEOUT TIMEOUT TIMEOUT TIMEOUT TIMEOUT TIMEOUT TIMEOUT TIMEOUT TIMEOUT TIMEOUT TIMEOUT TIMEOUT TIMEOUT TIMEOUT TIMEOUT TIMEOUT TIMEOUT TIMEOUT TIMEOUT TIMEOUT TIMEOUT TIMEOUT TIMEOUT TIMEOUT TIMEOUT TIMEOUT
New CE status: not a CE
Output changed following CE verification
Input: RSA_CLIENT_HELLO RSA_CLIENT_HELLO Alert(WARNING,CLOSE_NOTIFY) CERTIFICATE RSA_CLIENT_HELLO RSA_CLIENT_HELLO CERTIFICATE FINISHED EMPTY_CERTIFICATE EMPTY_CERTIFICATE CERTIFICATE Alert(WARNING,CLOSE_NOTIFY) CHANGE_CIPHER_SPEC RSA_CLIENT_HELLO Alert(WARNING,CLOSE_NOTIFY) CERTIFICATE_VERIFY RSA_CLIENT_KEY_EXCHANGE RSA_CLIENT_KEY_EXCHANGE RSA_CLIENT_KEY_EXCHANGE CHANGE_CIPHER_SPEC Alert(FATAL,UNEXPECTED_MESSAGE) RSA_CLIENT_KEY_EXCHANGE FINISHED CERTIFICATE_VERIFY Alert(WARNING,CLOSE_NOTIFY) CHANGE_CIPHER_SPEC Alert(FATAL,UNEXPECTED_MESSAGE) RSA_CLIENT_HELLO CERTIFICATE CHANGE_CIPHER_SPEC Alert(WARNING,CLOSE_NOTIFY) EMPTY_CERTIFICATE RSA_CLIENT_HELLO APPLICATION FINISHED FINISHED CHANGE_CIPHER_SPEC Alert(WARNING,CLOSE_NOTIFY) CHANGE_CIPHER_SPEC EMPTY_CERTIFICATE CHANGE_CIPHER_SPEC RSA_CLIENT_KEY_EXCHANGE RSA_CLIENT_KEY_EXCHANGE CERTIFICATE Alert(FATAL,UNEXPECTED_MESSAGE) EMPTY_CERTIFICATE RSA_CLIENT_KEY_EXCHANGE Alert(WARNING,CLOSE_NOTIFY) CHANGE_CIPHER_SPEC
Original output: CLIENT_HELLO SOCKET_CLOSED SOCKET_CLOSED SOCKET_CLOSED SOCKET_CLOSED SOCKET_CLOSED SOCKET_CLOSED SOCKET_CLOSED SOCKET_CLOSED SOCKET_CLOSED SOCKET_CLOSED SOCKET_CLOSED SOCKET_CLOSED SOCKET_CLOSED SOCKET_CLOSED SOCKET_CLOSED SOCKET_CLOSED SOCKET_CLOSED SOCKET_CLOSED SOCKET_CLOSED SOCKET_CLOSED SOCKET_CLOSED SOCKET_CLOSED SOCKET_CLOSED SOCKET_CLOSED SOCKET_CLOSED SOCKET_CLOSED SOCKET_CLOSED SOCKET_CLOSED SOCKET_CLOSED SOCKET_CLOSED SOCKET_CLOSED SOCKET_CLOSED SOCKET_CLOSED SOCKET_CLOSED SOCKET_CLOSED SOCKET_CLOSED SOCKET_CLOSED SOCKET_CLOSED SOCKET_CLOSED SOCKET_CLOSED SOCKET_CLOSED SOCKET_CLOSED SOCKET_CLOSED SOCKET_CLOSED SOCKET_CLOSED SOCKET_CLOSED SOCKET_CLOSED SOCKET_CLOSED
New output: HELLO_VERIFY_REQUEST SERVER_HELLO,CERTIFICATE,SERVER_HELLO_DONE TIMEOUT TIMEOUT HELLO_VERIFY_REQUEST SERVER_HELLO,CERTIFICATE,SERVER_HELLO_DONE TIMEOUT TIMEOUT TIMEOUT TIMEOUT TIMEOUT TIMEOUT TIMEOUT TIMEOUT TIMEOUT TIMEOUT TIMEOUT TIMEOUT TIMEOUT TIMEOUT TIMEOUT TIMEOUT TIMEOUT TIMEOUT TIMEOUT TIMEOUT TIMEOUT TIMEOUT TIMEOUT TIMEOUT TIMEOUT TIMEOUT TIMEOUT TIMEOUT TIMEOUT TIMEOUT TIMEOUT TIMEOUT TIMEOUT TIMEOUT TIMEOUT TIMEOUT TIMEOUT TIMEOUT TIMEOUT TIMEOUT TIMEOUT TIMEOUT TIMEOUT
New CE status: not a CE
Output changed following CE verification
Input: CERTIFICATE_VERIFY EMPTY_CERTIFICATE RSA_CLIENT_KEY_EXCHANGE CHANGE_CIPHER_SPEC Alert(FATAL,UNEXPECTED_MESSAGE) Alert(WARNING,CLOSE_NOTIFY) Alert(FATAL,UNEXPECTED_MESSAGE) CERTIFICATE Alert(WARNING,CLOSE_NOTIFY) RSA_CLIENT_HELLO CERTIFICATE CHANGE_CIPHER_SPEC CHANGE_CIPHER_SPEC APPLICATION CHANGE_CIPHER_SPEC
Original output: CERTIFICATE_VERIFY SOCKET_CLOSED SOCKET_CLOSED SOCKET_CLOSED SOCKET_CLOSED SOCKET_CLOSED SOCKET_CLOSED SOCKET_CLOSED SOCKET_CLOSED SOCKET_CLOSED SOCKET_CLOSED SOCKET_CLOSED SOCKET_CLOSED SOCKET_CLOSED SOCKET_CLOSED
New output: TIMEOUT TIMEOUT TIMEOUT TIMEOUT TIMEOUT TIMEOUT TIMEOUT TIMEOUT TIMEOUT TIMEOUT TIMEOUT TIMEOUT TIMEOUT TIMEOUT TIMEOUT
New CE status: not a CE
Output inconsistent with cache, discarding it and returning automaton output
Input: RSA_CLIENT_KEY_EXCHANGE RSA_CLIENT_HELLO
Spurious output: TIMEOUT SOCKET_CLOSED SOCKET_CLOSED SOCKET_CLOSED SOCKET_CLOSED
Cached output: TIMEOUT HELLO_VERIFY_REQUEST
Output inconsistent with cache, discarding it and returning automaton output
Input: RSA_CLIENT_KEY_EXCHANGE RSA_CLIENT_HELLO
Spurious output: TIMEOUT SOCKET_CLOSED SOCKET_CLOSED SOCKET_CLOSED SOCKET_CLOSED
Cached output: TIMEOUT HELLO_VERIFY_REQUEST
Output inconsistent with cache, discarding it and returning automaton output
Input: RSA_CLIENT_KEY_EXCHANGE RSA_CLIENT_HELLO
Spurious output: TIMEOUT SOCKET_CLOSED SOCKET_CLOSED SOCKET_CLOSED SOCKET_CLOSED
Cached output: TIMEOUT HELLO_VERIFY_REQUEST
Output inconsistent with cache, discarding it and returning automaton output
Input: RSA_CLIENT_KEY_EXCHANGE RSA_CLIENT_HELLO
Spurious output: TIMEOUT SOCKET_CLOSED SOCKET_CLOSED SOCKET_CLOSED SOCKET_CLOSED SOCKET_CLOSED
Cached output: TIMEOUT HELLO_VERIFY_REQUEST
Output inconsistent with cache, discarding it and returning automaton output
Input: RSA_CLIENT_KEY_EXCHANGE RSA_CLIENT_HELLO
Spurious output: TIMEOUT SOCKET_CLOSED SOCKET_CLOSED SOCKET_CLOSED SOCKET_CLOSED SOCKET_CLOSED
Cached output: TIMEOUT HELLO_VERIFY_REQUEST
Output changed following CE verification
Input: RSA_CLIENT_KEY_EXCHANGE RSA_CLIENT_HELLO RSA_CLIENT_HELLO EMPTY_CERTIFICATE CERTIFICATE_VERIFY RSA_CLIENT_HELLO
Original output: TIMEOUT SOCKET_CLOSED SOCKET_CLOSED SOCKET_CLOSED SOCKET_CLOSED SOCKET_CLOSED
New output: TIMEOUT HELLO_VERIFY_REQUEST SERVER_HELLO,CERTIFICATE,SERVER_HELLO_DONE TIMEOUT TIMEOUT TIMEOUT
New CE status: not a CE
Output changed following CE verification
Input: RSA_CLIENT_HELLO RSA_CLIENT_HELLO RSA_CLIENT_KEY_EXCHANGE CHANGE_CIPHER_SPEC APPLICATION Alert(FATAL,UNEXPECTED_MESSAGE) CHANGE_CIPHER_SPEC
Original output: CLIENT_HELLO SOCKET_CLOSED SOCKET_CLOSED SOCKET_CLOSED SOCKET_CLOSED SOCKET_CLOSED SOCKET_CLOSED
New output: HELLO_VERIFY_REQUEST SERVER_HELLO,CERTIFICATE,SERVER_HELLO_DONE TIMEOUT TIMEOUT Alert(FATAL,UNEXPECTED_MESSAGE) TIMEOUT TIMEOUT
New CE status: not a CE
