Non determinism when running test multiple times
Test: RSA_CLIENT_KEY_EXCHANGE EMPTY_CERTIFICATE RSA_CLIENT_HELLO FINISHED EMPTY_CERTIFICATE CHANGE_CIPHER_SPEC RSA_CLIENT_KEY_EXCHANGE Alert(FATAL,UNEXPECTED_MESSAGE) CERTIFICATE_VERIFY
2 times outputs: TIMEOUT TIMEOUT TIMEOUT TIMEOUT TIMEOUT TIMEOUT TIMEOUT TIMEOUT TIMEOUT
1 times outputs: TIMEOUT TIMEOUT TIMEOUT TIMEOUT SOCKET_CLOSED SOCKET_CLOSED SOCKET_CLOSED SOCKET_CLOSED SOCKET_CLOSED
Performing probabilistic sanitization
Most likely answer has likelyhood 1.0 after 7 runs
Answer deemed to be in acceptable range, returning answer
Non determinism when running test multiple times
Test: RSA_CLIENT_KEY_EXCHANGE CERTIFICATE_VERIFY FINISHED CERTIFICATE RSA_CLIENT_HELLO RSA_CLIENT_HELLO
2 times outputs: TIMEOUT TIMEOUT TIMEOUT TIMEOUT TIMEOUT TIMEOUT
1 times outputs: TIMEOUT TIMEOUT TIMEOUT SOCKET_CLOSED SOCKET_CLOSED SOCKET_CLOSED
Performing probabilistic sanitization
Most likely answer has likelyhood 1.0 after 7 runs
Answer deemed to be in acceptable range, returning answer
Output changed following CE verification
Input: RSA_CLIENT_HELLO RSA_CLIENT_KEY_EXCHANGE FINISHED Alert(WARNING,CLOSE_NOTIFY) CERTIFICATE_VERIFY CHANGE_CIPHER_SPEC CERTIFICATE_VERIFY Alert(FATAL,UNEXPECTED_MESSAGE) RSA_CLIENT_HELLO FINISHED RSA_CLIENT_KEY_EXCHANGE CERTIFICATE_VERIFY CHANGE_CIPHER_SPEC RSA_CLIENT_HELLO RSA_CLIENT_HELLO RSA_CLIENT_HELLO
Original output: HELLO_VERIFY_REQUEST TIMEOUT TIMEOUT Alert(WARNING,CLOSE_NOTIFY) TIMEOUT TIMEOUT TIMEOUT TIMEOUT SOCKET_CLOSED SOCKET_CLOSED SOCKET_CLOSED SOCKET_CLOSED SOCKET_CLOSED SOCKET_CLOSED SOCKET_CLOSED SOCKET_CLOSED
New output: HELLO_VERIFY_REQUEST TIMEOUT TIMEOUT Alert(WARNING,CLOSE_NOTIFY) TIMEOUT SOCKET_CLOSED SOCKET_CLOSED SOCKET_CLOSED SOCKET_CLOSED SOCKET_CLOSED SOCKET_CLOSED SOCKET_CLOSED SOCKET_CLOSED SOCKET_CLOSED SOCKET_CLOSED SOCKET_CLOSED
New CE status: not a CE
Output changed following CE verification
Input: RSA_CLIENT_HELLO EMPTY_CERTIFICATE FINISHED RSA_CLIENT_KEY_EXCHANGE CERTIFICATE_VERIFY Alert(WARNING,CLOSE_NOTIFY) RSA_CLIENT_KEY_EXCHANGE Alert(WARNING,CLOSE_NOTIFY) FINISHED CHANGE_CIPHER_SPEC Alert(WARNING,CLOSE_NOTIFY) EMPTY_CERTIFICATE Alert(WARNING,CLOSE_NOTIFY) RSA_CLIENT_HELLO RSA_CLIENT_HELLO
Original output: HELLO_VERIFY_REQUEST TIMEOUT TIMEOUT TIMEOUT TIMEOUT Alert(WARNING,CLOSE_NOTIFY) TIMEOUT TIMEOUT TIMEOUT TIMEOUT TIMEOUT TIMEOUT TIMEOUT TIMEOUT TIMEOUT
New output: HELLO_VERIFY_REQUEST TIMEOUT TIMEOUT TIMEOUT TIMEOUT Alert(WARNING,CLOSE_NOTIFY) TIMEOUT SOCKET_CLOSED SOCKET_CLOSED SOCKET_CLOSED SOCKET_CLOSED SOCKET_CLOSED SOCKET_CLOSED SOCKET_CLOSED SOCKET_CLOSED
New CE status: not a CE
Output changed following CE verification
Input: RSA_CLIENT_HELLO CERTIFICATE CERTIFICATE_VERIFY FINISHED RSA_CLIENT_KEY_EXCHANGE CHANGE_CIPHER_SPEC APPLICATION FINISHED Alert(WARNING,CLOSE_NOTIFY) FINISHED CERTIFICATE_VERIFY RSA_CLIENT_HELLO RSA_CLIENT_KEY_EXCHANGE EMPTY_CERTIFICATE APPLICATION RSA_CLIENT_KEY_EXCHANGE FINISHED RSA_CLIENT_HELLO
Original output: HELLO_VERIFY_REQUEST,Alert(FATAL,UNEXPECTED_MESSAGE) TIMEOUT SOCKET_CLOSED SOCKET_CLOSED SOCKET_CLOSED SOCKET_CLOSED SOCKET_CLOSED SOCKET_CLOSED SOCKET_CLOSED SOCKET_CLOSED SOCKET_CLOSED SOCKET_CLOSED SOCKET_CLOSED SOCKET_CLOSED SOCKET_CLOSED SOCKET_CLOSED SOCKET_CLOSED SOCKET_CLOSED
New output: HELLO_VERIFY_REQUEST TIMEOUT TIMEOUT TIMEOUT TIMEOUT TIMEOUT TIMEOUT Alert(FATAL,UNEXPECTED_MESSAGE) TIMEOUT SOCKET_CLOSED SOCKET_CLOSED SOCKET_CLOSED SOCKET_CLOSED SOCKET_CLOSED SOCKET_CLOSED SOCKET_CLOSED SOCKET_CLOSED SOCKET_CLOSED
New CE status: not a CE
