Output changed following CE verification
Input: EMPTY_CERTIFICATE RSA_CLIENT_KEY_EXCHANGE RSA_CLIENT_HELLO RSA_CLIENT_KEY_EXCHANGE Alert(WARNING,CLOSE_NOTIFY) FINISHED CHANGE_CIPHER_SPEC Alert(FATAL,UNEXPECTED_MESSAGE) FINISHED CERTIFICATE_VERIFY Alert(FATAL,UNEXPECTED_MESSAGE) RSA_CLIENT_HELLO APPLICATION RSA_CLIENT_KEY_EXCHANGE CHANGE_CIPHER_SPEC RSA_CLIENT_HELLO RSA_CLIENT_HELLO RSA_CLIENT_HELLO
Original output: TIMEOUT TIMEOUT TIMEOUT TIMEOUT TIMEOUT TIMEOUT TIMEOUT TIMEOUT TIMEOUT TIMEOUT SOCKET_CLOSED SOCKET_CLOSED SOCKET_CLOSED SOCKET_CLOSED SOCKET_CLOSED SOCKET_CLOSED SOCKET_CLOSED SOCKET_CLOSED
New output: TIMEOUT TIMEOUT TIMEOUT TIMEOUT TIMEOUT TIMEOUT SOCKET_CLOSED SOCKET_CLOSED SOCKET_CLOSED SOCKET_CLOSED SOCKET_CLOSED SOCKET_CLOSED SOCKET_CLOSED SOCKET_CLOSED SOCKET_CLOSED SOCKET_CLOSED SOCKET_CLOSED SOCKET_CLOSED
New CE status: not a CE
Output changed following CE verification
Input: RSA_CLIENT_HELLO RSA_CLIENT_HELLO RSA_CLIENT_HELLO APPLICATION RSA_CLIENT_KEY_EXCHANGE CERTIFICATE Alert(WARNING,CLOSE_NOTIFY) CERTIFICATE_VERIFY Alert(FATAL,UNEXPECTED_MESSAGE) RSA_CLIENT_HELLO CHANGE_CIPHER_SPEC RSA_CLIENT_HELLO CHANGE_CIPHER_SPEC RSA_CLIENT_HELLO RSA_CLIENT_HELLO RSA_CLIENT_HELLO
Original output: HELLO_VERIFY_REQUEST,Alert(FATAL,UNEXPECTED_MESSAGE) TIMEOUT SOCKET_CLOSED SOCKET_CLOSED SOCKET_CLOSED SOCKET_CLOSED SOCKET_CLOSED SOCKET_CLOSED SOCKET_CLOSED SOCKET_CLOSED SOCKET_CLOSED SOCKET_CLOSED SOCKET_CLOSED SOCKET_CLOSED SOCKET_CLOSED SOCKET_CLOSED
New output: HELLO_VERIFY_REQUEST SERVER_HELLO,CERTIFICATE,CERTIFICATE_REQUEST,SERVER_HELLO_DONE Alert(FATAL,UNEXPECTED_MESSAGE) TIMEOUT SOCKET_CLOSED SOCKET_CLOSED SOCKET_CLOSED SOCKET_CLOSED SOCKET_CLOSED SOCKET_CLOSED SOCKET_CLOSED SOCKET_CLOSED SOCKET_CLOSED SOCKET_CLOSED SOCKET_CLOSED SOCKET_CLOSED
New CE status: not a CE
Output changed following CE verification
Input: CERTIFICATE CERTIFICATE_VERIFY RSA_CLIENT_HELLO RSA_CLIENT_HELLO Alert(FATAL,UNEXPECTED_MESSAGE) Alert(FATAL,UNEXPECTED_MESSAGE) Alert(WARNING,CLOSE_NOTIFY) APPLICATION Alert(WARNING,CLOSE_NOTIFY) RSA_CLIENT_HELLO RSA_CLIENT_HELLO
Original output: TIMEOUT TIMEOUT TIMEOUT TIMEOUT TIMEOUT TIMEOUT TIMEOUT TIMEOUT TIMEOUT HELLO_VERIFY_REQUEST Alert(FATAL,HANDSHAKE_FAILURE)
New output: TIMEOUT TIMEOUT TIMEOUT TIMEOUT TIMEOUT TIMEOUT SOCKET_CLOSED SOCKET_CLOSED SOCKET_CLOSED SOCKET_CLOSED SOCKET_CLOSED
New CE status: not a CE
Output changed following CE verification
Input: RSA_CLIENT_HELLO RSA_CLIENT_HELLO RSA_CLIENT_KEY_EXCHANGE CHANGE_CIPHER_SPEC CERTIFICATE FINISHED CHANGE_CIPHER_SPEC RSA_CLIENT_KEY_EXCHANGE RSA_CLIENT_KEY_EXCHANGE APPLICATION FINISHED Alert(FATAL,UNEXPECTED_MESSAGE) RSA_CLIENT_HELLO
Original output: HELLO_VERIFY_REQUEST SERVER_HELLO,CERTIFICATE,CERTIFICATE_REQUEST,SERVER_HELLO_DONE TIMEOUT TIMEOUT TIMEOUT TIMEOUT TIMEOUT CHANGE_CIPHER_SPEC+,UNKNOWN_MESSAGE TIMEOUT TIMEOUT TIMEOUT TIMEOUT TIMEOUT
New output: HELLO_VERIFY_REQUEST SERVER_HELLO,CERTIFICATE,CERTIFICATE_REQUEST,SERVER_HELLO_DONE TIMEOUT TIMEOUT TIMEOUT TIMEOUT TIMEOUT CHANGE_CIPHER_SPEC,UNKNOWN_MESSAGE,CHANGE_CIPHER_SPEC,UNKNOWN_MESSAGE TIMEOUT TIMEOUT TIMEOUT TIMEOUT TIMEOUT
New CE status: not a CE
