Non determinism when running test multiple times
Test: PSK_CLIENT_HELLO PSK_CLIENT_HELLO PSK_CLIENT_HELLO Alert(FATAL,UNEXPECTED_MESSAGE) Alert(FATAL,UNEXPECTED_MESSAGE) APPLICATION PSK_CLIENT_HELLO APPLICATION PSK_CLIENT_KEY_EXCHANGE Alert(FATAL,UNEXPECTED_MESSAGE) PSK_CLIENT_KEY_EXCHANGE CHANGE_CIPHER_SPEC APPLICATION FINISHED PSK_CLIENT_KEY_EXCHANGE CHANGE_CIPHER_SPEC PSK_CLIENT_HELLO PSK_CLIENT_HELLO
2 times outputs: TIMEOUT SOCKET_CLOSED SOCKET_CLOSED SOCKET_CLOSED SOCKET_CLOSED SOCKET_CLOSED SOCKET_CLOSED SOCKET_CLOSED SOCKET_CLOSED SOCKET_CLOSED SOCKET_CLOSED SOCKET_CLOSED SOCKET_CLOSED SOCKET_CLOSED SOCKET_CLOSED SOCKET_CLOSED SOCKET_CLOSED SOCKET_CLOSED
1 times outputs: HELLO_VERIFY_REQUEST SERVER_HELLO,SERVER_HELLO_DONE Alert(FATAL,UNEXPECTED_MESSAGE) TIMEOUT TIMEOUT TIMEOUT SERVER_HELLO,SERVER_HELLO_DONE TIMEOUT TIMEOUT TIMEOUT TIMEOUT TIMEOUT SOCKET_CLOSED SOCKET_CLOSED SOCKET_CLOSED SOCKET_CLOSED SOCKET_CLOSED SOCKET_CLOSED
Performing probabilistic sanitization
Most likely answer has likelyhood 1.0 after 7 runs
Answer deemed to be in acceptable range, returning answer
Output changed following CE verification
Input: PSK_CLIENT_HELLO PSK_CLIENT_HELLO PSK_CLIENT_HELLO Alert(FATAL,UNEXPECTED_MESSAGE) Alert(FATAL,UNEXPECTED_MESSAGE) APPLICATION PSK_CLIENT_HELLO APPLICATION PSK_CLIENT_KEY_EXCHANGE Alert(FATAL,UNEXPECTED_MESSAGE) PSK_CLIENT_KEY_EXCHANGE CHANGE_CIPHER_SPEC APPLICATION FINISHED PSK_CLIENT_KEY_EXCHANGE CHANGE_CIPHER_SPEC PSK_CLIENT_HELLO PSK_CLIENT_HELLO
Original output: TIMEOUT SOCKET_CLOSED SOCKET_CLOSED SOCKET_CLOSED SOCKET_CLOSED SOCKET_CLOSED SOCKET_CLOSED SOCKET_CLOSED SOCKET_CLOSED SOCKET_CLOSED SOCKET_CLOSED SOCKET_CLOSED SOCKET_CLOSED SOCKET_CLOSED SOCKET_CLOSED SOCKET_CLOSED SOCKET_CLOSED SOCKET_CLOSED
New output: HELLO_VERIFY_REQUEST SERVER_HELLO,SERVER_HELLO_DONE Alert(FATAL,UNEXPECTED_MESSAGE) TIMEOUT TIMEOUT TIMEOUT SERVER_HELLO,SERVER_HELLO_DONE TIMEOUT TIMEOUT TIMEOUT TIMEOUT TIMEOUT SOCKET_CLOSED SOCKET_CLOSED SOCKET_CLOSED SOCKET_CLOSED SOCKET_CLOSED SOCKET_CLOSED
New CE status: not a CE
Output changed following CE verification
Input: PSK_CLIENT_HELLO PSK_CLIENT_KEY_EXCHANGE Alert(WARNING,CLOSE_NOTIFY) Alert(FATAL,UNEXPECTED_MESSAGE) Alert(FATAL,UNEXPECTED_MESSAGE) FINISHED APPLICATION PSK_CLIENT_KEY_EXCHANGE
Original output: CLIENT_HELLO SOCKET_CLOSED SOCKET_CLOSED SOCKET_CLOSED SOCKET_CLOSED SOCKET_CLOSED SOCKET_CLOSED SOCKET_CLOSED
New output: HELLO_VERIFY_REQUEST TIMEOUT TIMEOUT TIMEOUT TIMEOUT TIMEOUT TIMEOUT TIMEOUT
New CE status: not a CE
Output inconsistent with cache, discarding it and returning automaton output
Input: PSK_CLIENT_HELLO PSK_CLIENT_HELLO CHANGE_CIPHER_SPEC PSK_CLIENT_KEY_EXCHANGE PSK_CLIENT_HELLO PSK_CLIENT_KEY_EXCHANGE PSK_CLIENT_HELLO
Spurious output: TIMEOUT SOCKET_CLOSED SOCKET_CLOSED SOCKET_CLOSED SOCKET_CLOSED SOCKET_CLOSED SOCKET_CLOSED SOCKET_CLOSED SOCKET_CLOSED SOCKET_CLOSED SOCKET_CLOSED SOCKET_CLOSED SOCKET_CLOSED SOCKET_CLOSED SOCKET_CLOSED SOCKET_CLOSED SOCKET_CLOSED SOCKET_CLOSED SOCKET_CLOSED SOCKET_CLOSED
Cached output: HELLO_VERIFY_REQUEST SERVER_HELLO,SERVER_HELLO_DONE TIMEOUT Alert(FATAL,DECRYPT_ERROR) SERVER_HELLO,SERVER_HELLO_DONE Alert(FATAL,DECRYPT_ERROR) SERVER_HELLO,SERVER_HELLO_DONE
Output inconsistent with cache, discarding it and returning automaton output
Input: PSK_CLIENT_KEY_EXCHANGE PSK_CLIENT_HELLO PSK_CLIENT_HELLO CHANGE_CIPHER_SPEC CHANGE_CIPHER_SPEC PSK_CLIENT_HELLO
Spurious output: TIMEOUT SOCKET_CLOSED SOCKET_CLOSED SOCKET_CLOSED SOCKET_CLOSED SOCKET_CLOSED SOCKET_CLOSED SOCKET_CLOSED SOCKET_CLOSED SOCKET_CLOSED SOCKET_CLOSED SOCKET_CLOSED SOCKET_CLOSED SOCKET_CLOSED SOCKET_CLOSED SOCKET_CLOSED SOCKET_CLOSED SOCKET_CLOSED SOCKET_CLOSED SOCKET_CLOSED SOCKET_CLOSED SOCKET_CLOSED SOCKET_CLOSED SOCKET_CLOSED SOCKET_CLOSED SOCKET_CLOSED SOCKET_CLOSED SOCKET_CLOSED SOCKET_CLOSED SOCKET_CLOSED SOCKET_CLOSED SOCKET_CLOSED SOCKET_CLOSED SOCKET_CLOSED SOCKET_CLOSED SOCKET_CLOSED SOCKET_CLOSED SOCKET_CLOSED SOCKET_CLOSED SOCKET_CLOSED SOCKET_CLOSED SOCKET_CLOSED SOCKET_CLOSED
Cached output: TIMEOUT HELLO_VERIFY_REQUEST SERVER_HELLO,SERVER_HELLO_DONE TIMEOUT Alert(FATAL,DECRYPT_ERROR) TIMEOUT
Output changed following CE verification
Input: PSK_CLIENT_HELLO PSK_CLIENT_KEY_EXCHANGE PSK_CLIENT_HELLO CHANGE_CIPHER_SPEC Alert(FATAL,UNEXPECTED_MESSAGE) APPLICATION CHANGE_CIPHER_SPEC PSK_CLIENT_HELLO CHANGE_CIPHER_SPEC PSK_CLIENT_KEY_EXCHANGE Alert(FATAL,UNEXPECTED_MESSAGE) FINISHED Alert(WARNING,CLOSE_NOTIFY) PSK_CLIENT_HELLO Alert(FATAL,UNEXPECTED_MESSAGE) FINISHED FINISHED Alert(WARNING,CLOSE_NOTIFY) PSK_CLIENT_KEY_EXCHANGE APPLICATION APPLICATION CHANGE_CIPHER_SPEC APPLICATION CHANGE_CIPHER_SPEC Alert(FATAL,UNEXPECTED_MESSAGE) Alert(WARNING,CLOSE_NOTIFY) FINISHED PSK_CLIENT_HELLO
Original output: TIMEOUT SOCKET_CLOSED SOCKET_CLOSED SOCKET_CLOSED SOCKET_CLOSED SOCKET_CLOSED SOCKET_CLOSED SOCKET_CLOSED SOCKET_CLOSED SOCKET_CLOSED SOCKET_CLOSED SOCKET_CLOSED SOCKET_CLOSED SOCKET_CLOSED SOCKET_CLOSED SOCKET_CLOSED SOCKET_CLOSED SOCKET_CLOSED SOCKET_CLOSED SOCKET_CLOSED SOCKET_CLOSED SOCKET_CLOSED SOCKET_CLOSED SOCKET_CLOSED SOCKET_CLOSED SOCKET_CLOSED SOCKET_CLOSED SOCKET_CLOSED
New output: HELLO_VERIFY_REQUEST TIMEOUT SERVER_HELLO,SERVER_HELLO_DONE TIMEOUT Alert(FATAL,DECRYPT_ERROR) TIMEOUT TIMEOUT SOCKET_CLOSED SOCKET_CLOSED SOCKET_CLOSED SOCKET_CLOSED SOCKET_CLOSED SOCKET_CLOSED SOCKET_CLOSED SOCKET_CLOSED SOCKET_CLOSED SOCKET_CLOSED SOCKET_CLOSED SOCKET_CLOSED SOCKET_CLOSED SOCKET_CLOSED SOCKET_CLOSED SOCKET_CLOSED SOCKET_CLOSED SOCKET_CLOSED SOCKET_CLOSED SOCKET_CLOSED SOCKET_CLOSED
New CE status: not a CE
Output inconsistent with cache, discarding it and returning automaton output
Input: PSK_CLIENT_HELLO PSK_CLIENT_HELLO CHANGE_CIPHER_SPEC CHANGE_CIPHER_SPEC PSK_CLIENT_HELLO
Spurious output: TIMEOUT SOCKET_CLOSED SOCKET_CLOSED SOCKET_CLOSED SOCKET_CLOSED SOCKET_CLOSED SOCKET_CLOSED SOCKET_CLOSED SOCKET_CLOSED SOCKET_CLOSED SOCKET_CLOSED SOCKET_CLOSED SOCKET_CLOSED SOCKET_CLOSED SOCKET_CLOSED SOCKET_CLOSED SOCKET_CLOSED SOCKET_CLOSED SOCKET_CLOSED SOCKET_CLOSED SOCKET_CLOSED SOCKET_CLOSED SOCKET_CLOSED SOCKET_CLOSED SOCKET_CLOSED SOCKET_CLOSED
Cached output: HELLO_VERIFY_REQUEST SERVER_HELLO,SERVER_HELLO_DONE TIMEOUT Alert(FATAL,DECRYPT_ERROR) SERVER_HELLO,SERVER_HELLO_DONE
Output inconsistent with cache, discarding it and returning automaton output
Input: PSK_CLIENT_HELLO PSK_CLIENT_KEY_EXCHANGE PSK_CLIENT_HELLO CHANGE_CIPHER_SPEC
Spurious output: TIMEOUT SOCKET_CLOSED SOCKET_CLOSED SOCKET_CLOSED SOCKET_CLOSED SOCKET_CLOSED SOCKET_CLOSED SOCKET_CLOSED SOCKET_CLOSED SOCKET_CLOSED SOCKET_CLOSED SOCKET_CLOSED
Cached output: HELLO_VERIFY_REQUEST TIMEOUT SERVER_HELLO,SERVER_HELLO_DONE TIMEOUT
Output changed following CE verification
Input: PSK_CLIENT_HELLO PSK_CLIENT_HELLO CHANGE_CIPHER_SPEC PSK_CLIENT_KEY_EXCHANGE PSK_CLIENT_HELLO Alert(FATAL,UNEXPECTED_MESSAGE) APPLICATION Alert(FATAL,UNEXPECTED_MESSAGE) FINISHED Alert(FATAL,UNEXPECTED_MESSAGE) Alert(WARNING,CLOSE_NOTIFY) PSK_CLIENT_KEY_EXCHANGE FINISHED APPLICATION PSK_CLIENT_KEY_EXCHANGE PSK_CLIENT_HELLO FINISHED APPLICATION PSK_CLIENT_HELLO
Original output: TIMEOUT SOCKET_CLOSED SOCKET_CLOSED SOCKET_CLOSED SOCKET_CLOSED SOCKET_CLOSED SOCKET_CLOSED SOCKET_CLOSED SOCKET_CLOSED SOCKET_CLOSED SOCKET_CLOSED SOCKET_CLOSED SOCKET_CLOSED SOCKET_CLOSED SOCKET_CLOSED SOCKET_CLOSED SOCKET_CLOSED SOCKET_CLOSED SOCKET_CLOSED
New output: HELLO_VERIFY_REQUEST SERVER_HELLO,SERVER_HELLO_DONE TIMEOUT Alert(FATAL,DECRYPT_ERROR) SERVER_HELLO,SERVER_HELLO_DONE Alert(FATAL,DECRYPT_ERROR) TIMEOUT TIMEOUT TIMEOUT TIMEOUT TIMEOUT TIMEOUT TIMEOUT TIMEOUT TIMEOUT SERVER_HELLO,SERVER_HELLO_DONE Alert(FATAL,DECRYPT_ERROR) TIMEOUT SERVER_HELLO,SERVER_HELLO_DONE
New CE status: not a CE
Output inconsistent with cache, discarding it and returning automaton output
Input: PSK_CLIENT_HELLO PSK_CLIENT_HELLO PSK_CLIENT_KEY_EXCHANGE CHANGE_CIPHER_SPEC FINISHED PSK_CLIENT_HELLO Alert(FATAL,UNEXPECTED_MESSAGE) Alert(WARNING,CLOSE_NOTIFY)
Spurious output: TIMEOUT SOCKET_CLOSED SOCKET_CLOSED SOCKET_CLOSED SOCKET_CLOSED SOCKET_CLOSED SOCKET_CLOSED SOCKET_CLOSED SOCKET_CLOSED SOCKET_CLOSED SOCKET_CLOSED SOCKET_CLOSED SOCKET_CLOSED SOCKET_CLOSED SOCKET_CLOSED SOCKET_CLOSED SOCKET_CLOSED SOCKET_CLOSED SOCKET_CLOSED
Cached output: HELLO_VERIFY_REQUEST SERVER_HELLO,SERVER_HELLO_DONE TIMEOUT TIMEOUT CHANGE_CIPHER_SPEC,FINISHED SERVER_HELLO,SERVER_HELLO_DONE TIMEOUT TIMEOUT
Output inconsistent with cache, discarding it and returning automaton output
Input: PSK_CLIENT_HELLO PSK_CLIENT_KEY_EXCHANGE Alert(WARNING,CLOSE_NOTIFY)
Spurious output: TIMEOUT SOCKET_CLOSED SOCKET_CLOSED SOCKET_CLOSED SOCKET_CLOSED SOCKET_CLOSED SOCKET_CLOSED SOCKET_CLOSED SOCKET_CLOSED SOCKET_CLOSED SOCKET_CLOSED SOCKET_CLOSED SOCKET_CLOSED SOCKET_CLOSED SOCKET_CLOSED SOCKET_CLOSED SOCKET_CLOSED SOCKET_CLOSED SOCKET_CLOSED SOCKET_CLOSED SOCKET_CLOSED SOCKET_CLOSED SOCKET_CLOSED SOCKET_CLOSED SOCKET_CLOSED SOCKET_CLOSED SOCKET_CLOSED SOCKET_CLOSED SOCKET_CLOSED SOCKET_CLOSED SOCKET_CLOSED SOCKET_CLOSED SOCKET_CLOSED SOCKET_CLOSED SOCKET_CLOSED SOCKET_CLOSED SOCKET_CLOSED SOCKET_CLOSED SOCKET_CLOSED SOCKET_CLOSED SOCKET_CLOSED
Cached output: HELLO_VERIFY_REQUEST TIMEOUT TIMEOUT
Output changed following CE verification
Input: PSK_CLIENT_KEY_EXCHANGE PSK_CLIENT_HELLO PSK_CLIENT_HELLO FINISHED Alert(WARNING,CLOSE_NOTIFY) PSK_CLIENT_KEY_EXCHANGE Alert(WARNING,CLOSE_NOTIFY) PSK_CLIENT_KEY_EXCHANGE FINISHED FINISHED APPLICATION FINISHED Alert(FATAL,UNEXPECTED_MESSAGE) APPLICATION Alert(FATAL,UNEXPECTED_MESSAGE) PSK_CLIENT_KEY_EXCHANGE CHANGE_CIPHER_SPEC APPLICATION PSK_CLIENT_HELLO Alert(FATAL,UNEXPECTED_MESSAGE) Alert(WARNING,CLOSE_NOTIFY) Alert(FATAL,UNEXPECTED_MESSAGE) PSK_CLIENT_HELLO PSK_CLIENT_KEY_EXCHANGE
Original output: TIMEOUT SOCKET_CLOSED SOCKET_CLOSED SOCKET_CLOSED SOCKET_CLOSED SOCKET_CLOSED SOCKET_CLOSED SOCKET_CLOSED SOCKET_CLOSED SOCKET_CLOSED SOCKET_CLOSED SOCKET_CLOSED SOCKET_CLOSED SOCKET_CLOSED SOCKET_CLOSED SOCKET_CLOSED SOCKET_CLOSED SOCKET_CLOSED SOCKET_CLOSED SOCKET_CLOSED SOCKET_CLOSED SOCKET_CLOSED SOCKET_CLOSED SOCKET_CLOSED
New output: TIMEOUT HELLO_VERIFY_REQUEST SERVER_HELLO,SERVER_HELLO_DONE Alert(FATAL,UNEXPECTED_MESSAGE) TIMEOUT TIMEOUT TIMEOUT TIMEOUT TIMEOUT TIMEOUT TIMEOUT TIMEOUT TIMEOUT TIMEOUT TIMEOUT TIMEOUT TIMEOUT SOCKET_CLOSED SOCKET_CLOSED SOCKET_CLOSED SOCKET_CLOSED SOCKET_CLOSED SOCKET_CLOSED SOCKET_CLOSED
New CE status: not a CE
Output changed following CE verification
Input: PSK_CLIENT_HELLO PSK_CLIENT_HELLO CHANGE_CIPHER_SPEC APPLICATION FINISHED CHANGE_CIPHER_SPEC CHANGE_CIPHER_SPEC FINISHED PSK_CLIENT_KEY_EXCHANGE PSK_CLIENT_KEY_EXCHANGE FINISHED PSK_CLIENT_HELLO Alert(WARNING,CLOSE_NOTIFY) PSK_CLIENT_HELLO
Original output: CLIENT_HELLO SOCKET_CLOSED SOCKET_CLOSED SOCKET_CLOSED SOCKET_CLOSED SOCKET_CLOSED SOCKET_CLOSED SOCKET_CLOSED SOCKET_CLOSED SOCKET_CLOSED SOCKET_CLOSED SOCKET_CLOSED SOCKET_CLOSED SOCKET_CLOSED
New output: HELLO_VERIFY_REQUEST SERVER_HELLO,SERVER_HELLO_DONE TIMEOUT Alert(FATAL,DECRYPT_ERROR) TIMEOUT TIMEOUT SOCKET_CLOSED SOCKET_CLOSED SOCKET_CLOSED SOCKET_CLOSED SOCKET_CLOSED SOCKET_CLOSED SOCKET_CLOSED SOCKET_CLOSED
New CE status: not a CE
Output changed following CE verification
Input: PSK_CLIENT_HELLO PSK_CLIENT_HELLO PSK_CLIENT_KEY_EXCHANGE CHANGE_CIPHER_SPEC FINISHED PSK_CLIENT_HELLO CHANGE_CIPHER_SPEC PSK_CLIENT_KEY_EXCHANGE Alert(WARNING,CLOSE_NOTIFY) Alert(FATAL,UNEXPECTED_MESSAGE) Alert(WARNING,CLOSE_NOTIFY) CHANGE_CIPHER_SPEC FINISHED Alert(WARNING,CLOSE_NOTIFY) Alert(WARNING,CLOSE_NOTIFY) Alert(WARNING,CLOSE_NOTIFY) PSK_CLIENT_HELLO CHANGE_CIPHER_SPEC FINISHED Alert(FATAL,UNEXPECTED_MESSAGE) PSK_CLIENT_KEY_EXCHANGE APPLICATION CHANGE_CIPHER_SPEC APPLICATION Alert(FATAL,UNEXPECTED_MESSAGE) PSK_CLIENT_HELLO APPLICATION Alert(FATAL,UNEXPECTED_MESSAGE) APPLICATION PSK_CLIENT_KEY_EXCHANGE PSK_CLIENT_KEY_EXCHANGE Alert(FATAL,UNEXPECTED_MESSAGE) PSK_CLIENT_HELLO Alert(WARNING,CLOSE_NOTIFY) Alert(WARNING,CLOSE_NOTIFY) FINISHED PSK_CLIENT_KEY_EXCHANGE Alert(WARNING,CLOSE_NOTIFY) PSK_CLIENT_KEY_EXCHANGE PSK_CLIENT_HELLO CHANGE_CIPHER_SPEC Alert(FATAL,UNEXPECTED_MESSAGE) PSK_CLIENT_HELLO PSK_CLIENT_KEY_EXCHANGE CHANGE_CIPHER_SPEC PSK_CLIENT_HELLO FINISHED APPLICATION APPLICATION Alert(FATAL,UNEXPECTED_MESSAGE) CHANGE_CIPHER_SPEC CHANGE_CIPHER_SPEC Alert(WARNING,CLOSE_NOTIFY) Alert(FATAL,UNEXPECTED_MESSAGE) APPLICATION PSK_CLIENT_HELLO FINISHED FINISHED PSK_CLIENT_KEY_EXCHANGE Alert(WARNING,CLOSE_NOTIFY) Alert(FATAL,UNEXPECTED_MESSAGE) APPLICATION PSK_CLIENT_KEY_EXCHANGE Alert(WARNING,CLOSE_NOTIFY) PSK_CLIENT_HELLO FINISHED FINISHED
Original output: CLIENT_HELLO SOCKET_CLOSED SOCKET_CLOSED SOCKET_CLOSED SOCKET_CLOSED SOCKET_CLOSED SOCKET_CLOSED SOCKET_CLOSED SOCKET_CLOSED SOCKET_CLOSED SOCKET_CLOSED SOCKET_CLOSED SOCKET_CLOSED SOCKET_CLOSED SOCKET_CLOSED SOCKET_CLOSED SOCKET_CLOSED SOCKET_CLOSED SOCKET_CLOSED SOCKET_CLOSED SOCKET_CLOSED SOCKET_CLOSED SOCKET_CLOSED SOCKET_CLOSED SOCKET_CLOSED SOCKET_CLOSED SOCKET_CLOSED SOCKET_CLOSED SOCKET_CLOSED SOCKET_CLOSED SOCKET_CLOSED SOCKET_CLOSED SOCKET_CLOSED SOCKET_CLOSED SOCKET_CLOSED SOCKET_CLOSED SOCKET_CLOSED SOCKET_CLOSED SOCKET_CLOSED SOCKET_CLOSED SOCKET_CLOSED SOCKET_CLOSED SOCKET_CLOSED SOCKET_CLOSED SOCKET_CLOSED SOCKET_CLOSED SOCKET_CLOSED SOCKET_CLOSED SOCKET_CLOSED SOCKET_CLOSED SOCKET_CLOSED SOCKET_CLOSED SOCKET_CLOSED SOCKET_CLOSED SOCKET_CLOSED SOCKET_CLOSED SOCKET_CLOSED SOCKET_CLOSED SOCKET_CLOSED SOCKET_CLOSED SOCKET_CLOSED SOCKET_CLOSED SOCKET_CLOSED SOCKET_CLOSED SOCKET_CLOSED SOCKET_CLOSED SOCKET_CLOSED
New output: HELLO_VERIFY_REQUEST SERVER_HELLO,SERVER_HELLO_DONE TIMEOUT TIMEOUT CHANGE_CIPHER_SPEC,FINISHED SERVER_HELLO,SERVER_HELLO_DONE TIMEOUT Alert(FATAL,DECRYPT_ERROR) TIMEOUT TIMEOUT TIMEOUT TIMEOUT SOCKET_CLOSED SOCKET_CLOSED SOCKET_CLOSED SOCKET_CLOSED SOCKET_CLOSED SOCKET_CLOSED SOCKET_CLOSED SOCKET_CLOSED SOCKET_CLOSED SOCKET_CLOSED SOCKET_CLOSED SOCKET_CLOSED SOCKET_CLOSED SOCKET_CLOSED SOCKET_CLOSED SOCKET_CLOSED SOCKET_CLOSED SOCKET_CLOSED SOCKET_CLOSED SOCKET_CLOSED SOCKET_CLOSED SOCKET_CLOSED SOCKET_CLOSED SOCKET_CLOSED SOCKET_CLOSED SOCKET_CLOSED SOCKET_CLOSED SOCKET_CLOSED SOCKET_CLOSED SOCKET_CLOSED SOCKET_CLOSED SOCKET_CLOSED SOCKET_CLOSED SOCKET_CLOSED SOCKET_CLOSED SOCKET_CLOSED SOCKET_CLOSED SOCKET_CLOSED SOCKET_CLOSED SOCKET_CLOSED SOCKET_CLOSED SOCKET_CLOSED SOCKET_CLOSED SOCKET_CLOSED SOCKET_CLOSED SOCKET_CLOSED SOCKET_CLOSED SOCKET_CLOSED SOCKET_CLOSED SOCKET_CLOSED SOCKET_CLOSED SOCKET_CLOSED SOCKET_CLOSED SOCKET_CLOSED SOCKET_CLOSED
New CE status: not a CE
Output changed following CE verification
Input: PSK_CLIENT_HELLO PSK_CLIENT_HELLO PSK_CLIENT_KEY_EXCHANGE CHANGE_CIPHER_SPEC FINISHED PSK_CLIENT_HELLO PSK_CLIENT_KEY_EXCHANGE PSK_CLIENT_HELLO PSK_CLIENT_KEY_EXCHANGE PSK_CLIENT_HELLO
Original output: CLIENT_HELLO SOCKET_CLOSED SOCKET_CLOSED SOCKET_CLOSED SOCKET_CLOSED SOCKET_CLOSED SOCKET_CLOSED SOCKET_CLOSED SOCKET_CLOSED SOCKET_CLOSED
New output: HELLO_VERIFY_REQUEST SERVER_HELLO,SERVER_HELLO_DONE TIMEOUT TIMEOUT CHANGE_CIPHER_SPEC,FINISHED SERVER_HELLO,SERVER_HELLO_DONE TIMEOUT Alert(FATAL,UNEXPECTED_MESSAGE) TIMEOUT TIMEOUT
New CE status: not a CE
