Non determinism when running test multiple times
Test: PSK_CLIENT_HELLO PSK_CLIENT_HELLO PSK_CLIENT_KEY_EXCHANGE FINISHED PSK_CLIENT_HELLO CHANGE_CIPHER_SPEC Alert(WARNING,CLOSE_NOTIFY) CHANGE_CIPHER_SPEC APPLICATION Alert(WARNING,CLOSE_NOTIFY) CHANGE_CIPHER_SPEC PSK_CLIENT_HELLO
1 times outputs: TIMEOUT SOCKET_CLOSED SOCKET_CLOSED SOCKET_CLOSED SOCKET_CLOSED SOCKET_CLOSED SOCKET_CLOSED SOCKET_CLOSED SOCKET_CLOSED SOCKET_CLOSED SOCKET_CLOSED SOCKET_CLOSED
2 times outputs: HELLO_VERIFY_REQUEST SERVER_HELLO,SERVER_HELLO_DONE TIMEOUT CHANGE_CIPHER_SPEC,FINISHED HELLO_VERIFY_REQUEST CHANGE_CIPHER_SPEC,UNKNOWN_MESSAGE TIMEOUT TIMEOUT TIMEOUT TIMEOUT TIMEOUT TIMEOUT
Performing probabilistic sanitization
Most likely answer has likelyhood 1.0 after 7 runs
Answer deemed to be in acceptable range, returning answer
Output changed following CE verification
Input: PSK_CLIENT_HELLO PSK_CLIENT_HELLO PSK_CLIENT_KEY_EXCHANGE FINISHED PSK_CLIENT_HELLO CHANGE_CIPHER_SPEC Alert(WARNING,CLOSE_NOTIFY) CHANGE_CIPHER_SPEC APPLICATION Alert(WARNING,CLOSE_NOTIFY) CHANGE_CIPHER_SPEC PSK_CLIENT_HELLO
Original output: TIMEOUT SOCKET_CLOSED SOCKET_CLOSED SOCKET_CLOSED SOCKET_CLOSED SOCKET_CLOSED SOCKET_CLOSED SOCKET_CLOSED SOCKET_CLOSED SOCKET_CLOSED SOCKET_CLOSED SOCKET_CLOSED
New output: HELLO_VERIFY_REQUEST SERVER_HELLO,SERVER_HELLO_DONE TIMEOUT CHANGE_CIPHER_SPEC,FINISHED HELLO_VERIFY_REQUEST CHANGE_CIPHER_SPEC,UNKNOWN_MESSAGE TIMEOUT TIMEOUT TIMEOUT TIMEOUT TIMEOUT TIMEOUT
New CE status: not a CE
Non determinism when running test multiple times
Test: PSK_CLIENT_HELLO PSK_CLIENT_HELLO PSK_CLIENT_KEY_EXCHANGE PSK_CLIENT_HELLO CHANGE_CIPHER_SPEC Alert(WARNING,CLOSE_NOTIFY) Alert(WARNING,CLOSE_NOTIFY) Alert(WARNING,CLOSE_NOTIFY) CHANGE_CIPHER_SPEC CHANGE_CIPHER_SPEC PSK_CLIENT_KEY_EXCHANGE PSK_CLIENT_KEY_EXCHANGE FINISHED Alert(WARNING,CLOSE_NOTIFY) Alert(FATAL,UNEXPECTED_MESSAGE) FINISHED PSK_CLIENT_KEY_EXCHANGE FINISHED APPLICATION
1 times outputs: TIMEOUT SOCKET_CLOSED SOCKET_CLOSED SOCKET_CLOSED SOCKET_CLOSED SOCKET_CLOSED SOCKET_CLOSED SOCKET_CLOSED SOCKET_CLOSED SOCKET_CLOSED SOCKET_CLOSED SOCKET_CLOSED SOCKET_CLOSED SOCKET_CLOSED SOCKET_CLOSED SOCKET_CLOSED SOCKET_CLOSED SOCKET_CLOSED SOCKET_CLOSED
2 times outputs: HELLO_VERIFY_REQUEST SERVER_HELLO,SERVER_HELLO_DONE TIMEOUT HELLO_VERIFY_REQUEST TIMEOUT Alert(WARNING,CLOSE_NOTIFY) TIMEOUT TIMEOUT TIMEOUT TIMEOUT TIMEOUT TIMEOUT TIMEOUT TIMEOUT TIMEOUT TIMEOUT TIMEOUT TIMEOUT TIMEOUT
Performing probabilistic sanitization
Most likely answer has likelyhood 1.0 after 7 runs
Answer deemed to be in acceptable range, returning answer
Output changed following CE verification
Input: PSK_CLIENT_HELLO PSK_CLIENT_HELLO PSK_CLIENT_KEY_EXCHANGE PSK_CLIENT_HELLO CHANGE_CIPHER_SPEC Alert(WARNING,CLOSE_NOTIFY) Alert(WARNING,CLOSE_NOTIFY) Alert(WARNING,CLOSE_NOTIFY) CHANGE_CIPHER_SPEC CHANGE_CIPHER_SPEC PSK_CLIENT_KEY_EXCHANGE PSK_CLIENT_KEY_EXCHANGE FINISHED Alert(WARNING,CLOSE_NOTIFY) Alert(FATAL,UNEXPECTED_MESSAGE) FINISHED PSK_CLIENT_KEY_EXCHANGE FINISHED APPLICATION
Original output: TIMEOUT SOCKET_CLOSED SOCKET_CLOSED SOCKET_CLOSED SOCKET_CLOSED SOCKET_CLOSED SOCKET_CLOSED SOCKET_CLOSED SOCKET_CLOSED SOCKET_CLOSED SOCKET_CLOSED SOCKET_CLOSED SOCKET_CLOSED SOCKET_CLOSED SOCKET_CLOSED SOCKET_CLOSED SOCKET_CLOSED SOCKET_CLOSED SOCKET_CLOSED
New output: HELLO_VERIFY_REQUEST SERVER_HELLO,SERVER_HELLO_DONE TIMEOUT HELLO_VERIFY_REQUEST TIMEOUT Alert(WARNING,CLOSE_NOTIFY) TIMEOUT TIMEOUT TIMEOUT TIMEOUT TIMEOUT TIMEOUT TIMEOUT TIMEOUT TIMEOUT TIMEOUT TIMEOUT TIMEOUT TIMEOUT
New CE status: not a CE
Non determinism when running test multiple times
Test: PSK_CLIENT_HELLO PSK_CLIENT_HELLO PSK_CLIENT_HELLO PSK_CLIENT_KEY_EXCHANGE Alert(FATAL,UNEXPECTED_MESSAGE) Alert(WARNING,CLOSE_NOTIFY) Alert(FATAL,UNEXPECTED_MESSAGE) APPLICATION Alert(WARNING,CLOSE_NOTIFY) PSK_CLIENT_KEY_EXCHANGE Alert(FATAL,UNEXPECTED_MESSAGE) APPLICATION Alert(FATAL,UNEXPECTED_MESSAGE) PSK_CLIENT_HELLO
2 times outputs: TIMEOUT SOCKET_CLOSED SOCKET_CLOSED SOCKET_CLOSED SOCKET_CLOSED SOCKET_CLOSED SOCKET_CLOSED SOCKET_CLOSED SOCKET_CLOSED SOCKET_CLOSED SOCKET_CLOSED SOCKET_CLOSED SOCKET_CLOSED SOCKET_CLOSED
1 times outputs: HELLO_VERIFY_REQUEST SERVER_HELLO,SERVER_HELLO_DONE HELLO_VERIFY_REQUEST TIMEOUT TIMEOUT TIMEOUT TIMEOUT TIMEOUT TIMEOUT TIMEOUT TIMEOUT TIMEOUT TIMEOUT SERVER_HELLO,SERVER_HELLO_DONE
Performing probabilistic sanitization
Most likely answer has likelyhood 1.0 after 7 runs
Answer deemed to be in acceptable range, returning answer
Output changed following CE verification
Input: PSK_CLIENT_HELLO PSK_CLIENT_HELLO PSK_CLIENT_HELLO PSK_CLIENT_KEY_EXCHANGE Alert(FATAL,UNEXPECTED_MESSAGE) Alert(WARNING,CLOSE_NOTIFY) Alert(FATAL,UNEXPECTED_MESSAGE) APPLICATION Alert(WARNING,CLOSE_NOTIFY) PSK_CLIENT_KEY_EXCHANGE Alert(FATAL,UNEXPECTED_MESSAGE) APPLICATION Alert(FATAL,UNEXPECTED_MESSAGE) PSK_CLIENT_HELLO
Original output: TIMEOUT SOCKET_CLOSED SOCKET_CLOSED SOCKET_CLOSED SOCKET_CLOSED SOCKET_CLOSED SOCKET_CLOSED SOCKET_CLOSED SOCKET_CLOSED SOCKET_CLOSED SOCKET_CLOSED SOCKET_CLOSED SOCKET_CLOSED SOCKET_CLOSED
New output: HELLO_VERIFY_REQUEST SERVER_HELLO,SERVER_HELLO_DONE HELLO_VERIFY_REQUEST TIMEOUT TIMEOUT TIMEOUT TIMEOUT TIMEOUT TIMEOUT TIMEOUT TIMEOUT TIMEOUT TIMEOUT SERVER_HELLO,SERVER_HELLO_DONE
New CE status: not a CE
Output inconsistent with cache, discarding it and returning automaton output
Input: PSK_CLIENT_HELLO PSK_CLIENT_HELLO PSK_CLIENT_KEY_EXCHANGE CHANGE_CIPHER_SPEC APPLICATION FINISHED PSK_CLIENT_HELLO
Spurious output: TIMEOUT SOCKET_CLOSED SOCKET_CLOSED SOCKET_CLOSED SOCKET_CLOSED SOCKET_CLOSED SOCKET_CLOSED SOCKET_CLOSED SOCKET_CLOSED SOCKET_CLOSED SOCKET_CLOSED SOCKET_CLOSED SOCKET_CLOSED SOCKET_CLOSED SOCKET_CLOSED SOCKET_CLOSED SOCKET_CLOSED
Cached output: HELLO_VERIFY_REQUEST SERVER_HELLO,SERVER_HELLO_DONE TIMEOUT TIMEOUT TIMEOUT CHANGE_CIPHER_SPEC,FINISHED,APPLICATION Alert(WARNING,NO_RENEGOTIATION)
Non determinism when running test multiple times
Test: PSK_CLIENT_HELLO PSK_CLIENT_HELLO PSK_CLIENT_HELLO PSK_CLIENT_KEY_EXCHANGE PSK_CLIENT_HELLO Alert(WARNING,CLOSE_NOTIFY) PSK_CLIENT_KEY_EXCHANGE PSK_CLIENT_KEY_EXCHANGE Alert(FATAL,UNEXPECTED_MESSAGE) FINISHED PSK_CLIENT_KEY_EXCHANGE FINISHED FINISHED PSK_CLIENT_HELLO APPLICATION Alert(WARNING,CLOSE_NOTIFY) Alert(FATAL,UNEXPECTED_MESSAGE) FINISHED FINISHED FINISHED APPLICATION PSK_CLIENT_HELLO Alert(FATAL,UNEXPECTED_MESSAGE) Alert(WARNING,CLOSE_NOTIFY) Alert(FATAL,UNEXPECTED_MESSAGE) Alert(FATAL,UNEXPECTED_MESSAGE) PSK_CLIENT_KEY_EXCHANGE PSK_CLIENT_HELLO Alert(WARNING,CLOSE_NOTIFY) CHANGE_CIPHER_SPEC Alert(FATAL,UNEXPECTED_MESSAGE) APPLICATION PSK_CLIENT_HELLO FINISHED FINISHED Alert(WARNING,CLOSE_NOTIFY) Alert(FATAL,UNEXPECTED_MESSAGE) CHANGE_CIPHER_SPEC FINISHED PSK_CLIENT_KEY_EXCHANGE PSK_CLIENT_HELLO Alert(WARNING,CLOSE_NOTIFY) PSK_CLIENT_HELLO CHANGE_CIPHER_SPEC PSK_CLIENT_KEY_EXCHANGE PSK_CLIENT_HELLO
1 times outputs: TIMEOUT SOCKET_CLOSED SOCKET_CLOSED SOCKET_CLOSED SOCKET_CLOSED SOCKET_CLOSED SOCKET_CLOSED SOCKET_CLOSED SOCKET_CLOSED SOCKET_CLOSED SOCKET_CLOSED SOCKET_CLOSED SOCKET_CLOSED SOCKET_CLOSED SOCKET_CLOSED SOCKET_CLOSED SOCKET_CLOSED SOCKET_CLOSED SOCKET_CLOSED SOCKET_CLOSED SOCKET_CLOSED SOCKET_CLOSED SOCKET_CLOSED SOCKET_CLOSED SOCKET_CLOSED SOCKET_CLOSED SOCKET_CLOSED SOCKET_CLOSED SOCKET_CLOSED SOCKET_CLOSED SOCKET_CLOSED SOCKET_CLOSED SOCKET_CLOSED SOCKET_CLOSED SOCKET_CLOSED SOCKET_CLOSED SOCKET_CLOSED SOCKET_CLOSED SOCKET_CLOSED SOCKET_CLOSED SOCKET_CLOSED SOCKET_CLOSED SOCKET_CLOSED SOCKET_CLOSED SOCKET_CLOSED SOCKET_CLOSED
2 times outputs: HELLO_VERIFY_REQUEST SERVER_HELLO,SERVER_HELLO_DONE HELLO_VERIFY_REQUEST TIMEOUT TIMEOUT Alert(WARNING,CLOSE_NOTIFY) TIMEOUT TIMEOUT TIMEOUT TIMEOUT TIMEOUT TIMEOUT TIMEOUT SERVER_HELLO,SERVER_HELLO_DONE TIMEOUT Alert(WARNING,CLOSE_NOTIFY) TIMEOUT TIMEOUT TIMEOUT TIMEOUT TIMEOUT HELLO_VERIFY_REQUEST TIMEOUT TIMEOUT TIMEOUT TIMEOUT TIMEOUT SERVER_HELLO,SERVER_HELLO_DONE Alert(WARNING,CLOSE_NOTIFY) TIMEOUT TIMEOUT TIMEOUT TIMEOUT TIMEOUT TIMEOUT TIMEOUT TIMEOUT TIMEOUT TIMEOUT TIMEOUT TIMEOUT TIMEOUT TIMEOUT TIMEOUT TIMEOUT TIMEOUT
Performing probabilistic sanitization
Most likely answer has likelyhood 1.0 after 7 runs
Answer deemed to be in acceptable range, returning answer
Output changed following CE verification
Input: PSK_CLIENT_HELLO PSK_CLIENT_HELLO PSK_CLIENT_HELLO PSK_CLIENT_KEY_EXCHANGE PSK_CLIENT_HELLO Alert(WARNING,CLOSE_NOTIFY) PSK_CLIENT_KEY_EXCHANGE PSK_CLIENT_KEY_EXCHANGE Alert(FATAL,UNEXPECTED_MESSAGE) FINISHED PSK_CLIENT_KEY_EXCHANGE FINISHED FINISHED PSK_CLIENT_HELLO APPLICATION Alert(WARNING,CLOSE_NOTIFY) Alert(FATAL,UNEXPECTED_MESSAGE) FINISHED FINISHED FINISHED APPLICATION PSK_CLIENT_HELLO Alert(FATAL,UNEXPECTED_MESSAGE) Alert(WARNING,CLOSE_NOTIFY) Alert(FATAL,UNEXPECTED_MESSAGE) Alert(FATAL,UNEXPECTED_MESSAGE) PSK_CLIENT_KEY_EXCHANGE PSK_CLIENT_HELLO Alert(WARNING,CLOSE_NOTIFY) CHANGE_CIPHER_SPEC Alert(FATAL,UNEXPECTED_MESSAGE) APPLICATION PSK_CLIENT_HELLO FINISHED FINISHED Alert(WARNING,CLOSE_NOTIFY) Alert(FATAL,UNEXPECTED_MESSAGE) CHANGE_CIPHER_SPEC FINISHED PSK_CLIENT_KEY_EXCHANGE PSK_CLIENT_HELLO Alert(WARNING,CLOSE_NOTIFY) PSK_CLIENT_HELLO CHANGE_CIPHER_SPEC PSK_CLIENT_KEY_EXCHANGE PSK_CLIENT_HELLO
Original output: TIMEOUT SOCKET_CLOSED SOCKET_CLOSED SOCKET_CLOSED SOCKET_CLOSED SOCKET_CLOSED SOCKET_CLOSED SOCKET_CLOSED SOCKET_CLOSED SOCKET_CLOSED SOCKET_CLOSED SOCKET_CLOSED SOCKET_CLOSED SOCKET_CLOSED SOCKET_CLOSED SOCKET_CLOSED SOCKET_CLOSED SOCKET_CLOSED SOCKET_CLOSED SOCKET_CLOSED SOCKET_CLOSED SOCKET_CLOSED SOCKET_CLOSED SOCKET_CLOSED SOCKET_CLOSED SOCKET_CLOSED SOCKET_CLOSED SOCKET_CLOSED SOCKET_CLOSED SOCKET_CLOSED SOCKET_CLOSED SOCKET_CLOSED SOCKET_CLOSED SOCKET_CLOSED SOCKET_CLOSED SOCKET_CLOSED SOCKET_CLOSED SOCKET_CLOSED SOCKET_CLOSED SOCKET_CLOSED SOCKET_CLOSED SOCKET_CLOSED SOCKET_CLOSED SOCKET_CLOSED SOCKET_CLOSED SOCKET_CLOSED
New output: HELLO_VERIFY_REQUEST SERVER_HELLO,SERVER_HELLO_DONE HELLO_VERIFY_REQUEST TIMEOUT TIMEOUT Alert(WARNING,CLOSE_NOTIFY) TIMEOUT TIMEOUT TIMEOUT TIMEOUT TIMEOUT TIMEOUT TIMEOUT SERVER_HELLO,SERVER_HELLO_DONE TIMEOUT Alert(WARNING,CLOSE_NOTIFY) TIMEOUT TIMEOUT TIMEOUT TIMEOUT TIMEOUT HELLO_VERIFY_REQUEST TIMEOUT TIMEOUT TIMEOUT TIMEOUT TIMEOUT SERVER_HELLO,SERVER_HELLO_DONE Alert(WARNING,CLOSE_NOTIFY) TIMEOUT TIMEOUT TIMEOUT TIMEOUT TIMEOUT TIMEOUT TIMEOUT TIMEOUT TIMEOUT TIMEOUT TIMEOUT TIMEOUT TIMEOUT TIMEOUT TIMEOUT TIMEOUT TIMEOUT
New CE status: not a CE
Non determinism when running test multiple times
Test: PSK_CLIENT_HELLO PSK_CLIENT_HELLO PSK_CLIENT_KEY_EXCHANGE APPLICATION FINISHED PSK_CLIENT_HELLO PSK_CLIENT_HELLO APPLICATION PSK_CLIENT_HELLO Alert(FATAL,UNEXPECTED_MESSAGE) Alert(FATAL,UNEXPECTED_MESSAGE) APPLICATION Alert(FATAL,UNEXPECTED_MESSAGE) PSK_CLIENT_KEY_EXCHANGE
2 times outputs: TIMEOUT SOCKET_CLOSED SOCKET_CLOSED SOCKET_CLOSED SOCKET_CLOSED SOCKET_CLOSED SOCKET_CLOSED SOCKET_CLOSED SOCKET_CLOSED SOCKET_CLOSED SOCKET_CLOSED SOCKET_CLOSED SOCKET_CLOSED SOCKET_CLOSED
1 times outputs: HELLO_VERIFY_REQUEST SERVER_HELLO,SERVER_HELLO_DONE TIMEOUT TIMEOUT CHANGE_CIPHER_SPEC,FINISHED,APPLICATION HELLO_VERIFY_REQUEST SERVER_HELLO,CHANGE_CIPHER_SPEC,FINISHED TIMEOUT SERVER_HELLO,CHANGE_CIPHER_SPEC,FINISHED TIMEOUT TIMEOUT TIMEOUT TIMEOUT TIMEOUT
Performing probabilistic sanitization
Most likely answer has likelyhood 1.0 after 7 runs
Answer deemed to be in acceptable range, returning answer
Output changed following CE verification
Input: PSK_CLIENT_HELLO PSK_CLIENT_HELLO PSK_CLIENT_KEY_EXCHANGE APPLICATION FINISHED PSK_CLIENT_HELLO PSK_CLIENT_HELLO APPLICATION PSK_CLIENT_HELLO Alert(FATAL,UNEXPECTED_MESSAGE) Alert(FATAL,UNEXPECTED_MESSAGE) APPLICATION Alert(FATAL,UNEXPECTED_MESSAGE) PSK_CLIENT_KEY_EXCHANGE
Original output: TIMEOUT SOCKET_CLOSED SOCKET_CLOSED SOCKET_CLOSED SOCKET_CLOSED SOCKET_CLOSED SOCKET_CLOSED SOCKET_CLOSED SOCKET_CLOSED SOCKET_CLOSED SOCKET_CLOSED SOCKET_CLOSED SOCKET_CLOSED SOCKET_CLOSED
New output: HELLO_VERIFY_REQUEST SERVER_HELLO,SERVER_HELLO_DONE TIMEOUT TIMEOUT CHANGE_CIPHER_SPEC,FINISHED,APPLICATION HELLO_VERIFY_REQUEST SERVER_HELLO,CHANGE_CIPHER_SPEC,FINISHED TIMEOUT SERVER_HELLO,CHANGE_CIPHER_SPEC,FINISHED TIMEOUT TIMEOUT TIMEOUT TIMEOUT TIMEOUT
New CE status: not a CE
Non determinism when running test multiple times
Test: PSK_CLIENT_HELLO PSK_CLIENT_HELLO PSK_CLIENT_KEY_EXCHANGE APPLICATION FINISHED PSK_CLIENT_HELLO APPLICATION Alert(WARNING,CLOSE_NOTIFY) Alert(WARNING,CLOSE_NOTIFY) FINISHED CHANGE_CIPHER_SPEC Alert(FATAL,UNEXPECTED_MESSAGE) PSK_CLIENT_KEY_EXCHANGE
2 times outputs: TIMEOUT SOCKET_CLOSED SOCKET_CLOSED SOCKET_CLOSED SOCKET_CLOSED SOCKET_CLOSED SOCKET_CLOSED SOCKET_CLOSED SOCKET_CLOSED SOCKET_CLOSED SOCKET_CLOSED SOCKET_CLOSED SOCKET_CLOSED
1 times outputs: HELLO_VERIFY_REQUEST SERVER_HELLO,SERVER_HELLO_DONE TIMEOUT TIMEOUT CHANGE_CIPHER_SPEC,FINISHED,APPLICATION HELLO_VERIFY_REQUEST APPLICATION UNKNOWN_MESSAGE TIMEOUT TIMEOUT TIMEOUT TIMEOUT TIMEOUT
Performing probabilistic sanitization
Most likely answer has likelyhood 1.0 after 7 runs
Answer deemed to be in acceptable range, returning answer
Output changed following CE verification
Input: PSK_CLIENT_HELLO PSK_CLIENT_HELLO PSK_CLIENT_KEY_EXCHANGE APPLICATION FINISHED PSK_CLIENT_HELLO APPLICATION Alert(WARNING,CLOSE_NOTIFY) Alert(WARNING,CLOSE_NOTIFY) FINISHED CHANGE_CIPHER_SPEC Alert(FATAL,UNEXPECTED_MESSAGE) PSK_CLIENT_KEY_EXCHANGE
Original output: TIMEOUT SOCKET_CLOSED SOCKET_CLOSED SOCKET_CLOSED SOCKET_CLOSED SOCKET_CLOSED SOCKET_CLOSED SOCKET_CLOSED SOCKET_CLOSED SOCKET_CLOSED SOCKET_CLOSED SOCKET_CLOSED SOCKET_CLOSED
New output: HELLO_VERIFY_REQUEST SERVER_HELLO,SERVER_HELLO_DONE TIMEOUT TIMEOUT CHANGE_CIPHER_SPEC,FINISHED,APPLICATION HELLO_VERIFY_REQUEST APPLICATION UNKNOWN_MESSAGE TIMEOUT TIMEOUT TIMEOUT TIMEOUT TIMEOUT
New CE status: not a CE
Output inconsistent with cache, discarding it and returning automaton output
Input: PSK_CLIENT_HELLO PSK_CLIENT_HELLO PSK_CLIENT_KEY_EXCHANGE FINISHED APPLICATION PSK_CLIENT_HELLO PSK_CLIENT_HELLO
Spurious output: TIMEOUT SOCKET_CLOSED SOCKET_CLOSED SOCKET_CLOSED SOCKET_CLOSED SOCKET_CLOSED SOCKET_CLOSED SOCKET_CLOSED SOCKET_CLOSED SOCKET_CLOSED SOCKET_CLOSED SOCKET_CLOSED SOCKET_CLOSED SOCKET_CLOSED SOCKET_CLOSED SOCKET_CLOSED SOCKET_CLOSED SOCKET_CLOSED SOCKET_CLOSED SOCKET_CLOSED
Cached output: HELLO_VERIFY_REQUEST SERVER_HELLO,SERVER_HELLO_DONE TIMEOUT CHANGE_CIPHER_SPEC,FINISHED APPLICATION HELLO_VERIFY_REQUEST SERVER_HELLO,CHANGE_CIPHER_SPEC,FINISHED
Output changed following CE verification
Input: PSK_CLIENT_HELLO PSK_CLIENT_HELLO PSK_CLIENT_KEY_EXCHANGE FINISHED Alert(WARNING,CLOSE_NOTIFY) PSK_CLIENT_HELLO Alert(FATAL,UNEXPECTED_MESSAGE) CHANGE_CIPHER_SPEC PSK_CLIENT_HELLO Alert(FATAL,UNEXPECTED_MESSAGE) PSK_CLIENT_HELLO CHANGE_CIPHER_SPEC APPLICATION Alert(WARNING,CLOSE_NOTIFY)
Original output: CLIENT_HELLO SOCKET_CLOSED SOCKET_CLOSED SOCKET_CLOSED SOCKET_CLOSED SOCKET_CLOSED SOCKET_CLOSED SOCKET_CLOSED SOCKET_CLOSED SOCKET_CLOSED SOCKET_CLOSED SOCKET_CLOSED SOCKET_CLOSED SOCKET_CLOSED
New output: HELLO_VERIFY_REQUEST SERVER_HELLO,SERVER_HELLO_DONE TIMEOUT CHANGE_CIPHER_SPEC,FINISHED Alert(WARNING,CLOSE_NOTIFY) HELLO_VERIFY_REQUEST TIMEOUT TIMEOUT TIMEOUT TIMEOUT TIMEOUT TIMEOUT TIMEOUT TIMEOUT
New CE status: not a CE
Output inconsistent with cache, discarding it and returning automaton output
Input: PSK_CLIENT_HELLO PSK_CLIENT_HELLO PSK_CLIENT_KEY_EXCHANGE Alert(FATAL,UNEXPECTED_MESSAGE) FINISHED
Spurious output: TIMEOUT SOCKET_CLOSED SOCKET_CLOSED SOCKET_CLOSED SOCKET_CLOSED SOCKET_CLOSED SOCKET_CLOSED SOCKET_CLOSED SOCKET_CLOSED SOCKET_CLOSED SOCKET_CLOSED SOCKET_CLOSED
Cached output: HELLO_VERIFY_REQUEST SERVER_HELLO,SERVER_HELLO_DONE TIMEOUT TIMEOUT TIMEOUT
Output changed following CE verification
Input: PSK_CLIENT_HELLO PSK_CLIENT_HELLO PSK_CLIENT_KEY_EXCHANGE CHANGE_CIPHER_SPEC FINISHED Alert(WARNING,CLOSE_NOTIFY) FINISHED PSK_CLIENT_HELLO
Original output: CLIENT_HELLO SOCKET_CLOSED SOCKET_CLOSED SOCKET_CLOSED SOCKET_CLOSED SOCKET_CLOSED SOCKET_CLOSED SOCKET_CLOSED
New output: HELLO_VERIFY_REQUEST SERVER_HELLO,SERVER_HELLO_DONE TIMEOUT TIMEOUT CHANGE_CIPHER_SPEC,FINISHED Alert(WARNING,CLOSE_NOTIFY) TIMEOUT TIMEOUT
New CE status: not a CE
Output changed following CE verification
Input: PSK_CLIENT_HELLO PSK_CLIENT_HELLO PSK_CLIENT_KEY_EXCHANGE APPLICATION FINISHED Alert(WARNING,CLOSE_NOTIFY) CHANGE_CIPHER_SPEC
Original output: CLIENT_HELLO SOCKET_CLOSED SOCKET_CLOSED SOCKET_CLOSED SOCKET_CLOSED SOCKET_CLOSED SOCKET_CLOSED
New output: HELLO_VERIFY_REQUEST SERVER_HELLO,SERVER_HELLO_DONE TIMEOUT TIMEOUT CHANGE_CIPHER_SPEC,FINISHED,APPLICATION Alert(WARNING,CLOSE_NOTIFY) TIMEOUT
New CE status: not a CE
