Non determinism when running test multiple times
Test: Alert(WARNING,CLOSE_NOTIFY) FINISHED APPLICATION CERTIFICATE_VERIFY CERTIFICATE ECDH_CLIENT_KEY_EXCHANGE ECDH_CLIENT_KEY_EXCHANGE CERTIFICATE EMPTY_CERTIFICATE Alert(WARNING,CLOSE_NOTIFY) CHANGE_CIPHER_SPEC APPLICATION APPLICATION Alert(WARNING,CLOSE_NOTIFY) APPLICATION Alert(WARNING,CLOSE_NOTIFY) ECDH_CLIENT_KEY_EXCHANGE ECDH_CLIENT_HELLO ECDH_CLIENT_HELLO APPLICATION ECDH_CLIENT_HELLO CERTIFICATE Alert(WARNING,CLOSE_NOTIFY) CHANGE_CIPHER_SPEC
2 times outputs: TIMEOUT SOCKET_CLOSED SOCKET_CLOSED SOCKET_CLOSED SOCKET_CLOSED SOCKET_CLOSED SOCKET_CLOSED SOCKET_CLOSED SOCKET_CLOSED SOCKET_CLOSED SOCKET_CLOSED SOCKET_CLOSED SOCKET_CLOSED SOCKET_CLOSED SOCKET_CLOSED SOCKET_CLOSED SOCKET_CLOSED SOCKET_CLOSED SOCKET_CLOSED SOCKET_CLOSED SOCKET_CLOSED SOCKET_CLOSED SOCKET_CLOSED SOCKET_CLOSED
1 times outputs: TIMEOUT TIMEOUT TIMEOUT TIMEOUT TIMEOUT TIMEOUT TIMEOUT TIMEOUT TIMEOUT TIMEOUT TIMEOUT TIMEOUT TIMEOUT TIMEOUT TIMEOUT TIMEOUT TIMEOUT TIMEOUT TIMEOUT TIMEOUT TIMEOUT TIMEOUT TIMEOUT TIMEOUT
Performing probabilistic sanitization
Most likely answer has likelyhood 1.0 after 7 runs
Answer deemed to be in acceptable range, returning answer
Output changed following CE verification
Input: Alert(WARNING,CLOSE_NOTIFY) FINISHED APPLICATION CERTIFICATE_VERIFY CERTIFICATE ECDH_CLIENT_KEY_EXCHANGE ECDH_CLIENT_KEY_EXCHANGE CERTIFICATE EMPTY_CERTIFICATE Alert(WARNING,CLOSE_NOTIFY) CHANGE_CIPHER_SPEC APPLICATION APPLICATION Alert(WARNING,CLOSE_NOTIFY) APPLICATION Alert(WARNING,CLOSE_NOTIFY) ECDH_CLIENT_KEY_EXCHANGE ECDH_CLIENT_HELLO ECDH_CLIENT_HELLO APPLICATION ECDH_CLIENT_HELLO CERTIFICATE Alert(WARNING,CLOSE_NOTIFY) CHANGE_CIPHER_SPEC
Original output: TIMEOUT SOCKET_CLOSED SOCKET_CLOSED SOCKET_CLOSED SOCKET_CLOSED SOCKET_CLOSED SOCKET_CLOSED SOCKET_CLOSED SOCKET_CLOSED SOCKET_CLOSED SOCKET_CLOSED SOCKET_CLOSED SOCKET_CLOSED SOCKET_CLOSED SOCKET_CLOSED SOCKET_CLOSED SOCKET_CLOSED SOCKET_CLOSED SOCKET_CLOSED SOCKET_CLOSED SOCKET_CLOSED SOCKET_CLOSED SOCKET_CLOSED SOCKET_CLOSED
New output: TIMEOUT TIMEOUT TIMEOUT TIMEOUT TIMEOUT TIMEOUT TIMEOUT TIMEOUT TIMEOUT TIMEOUT TIMEOUT TIMEOUT TIMEOUT TIMEOUT TIMEOUT TIMEOUT TIMEOUT TIMEOUT TIMEOUT TIMEOUT TIMEOUT TIMEOUT TIMEOUT TIMEOUT
New CE status: not a CE
Output changed following CE verification
Input: ECDH_CLIENT_HELLO ECDH_CLIENT_HELLO ECDH_CLIENT_KEY_EXCHANGE Alert(WARNING,CLOSE_NOTIFY) CERTIFICATE CHANGE_CIPHER_SPEC ECDH_CLIENT_KEY_EXCHANGE ECDH_CLIENT_HELLO Alert(FATAL,UNEXPECTED_MESSAGE) CHANGE_CIPHER_SPEC CERTIFICATE_VERIFY CHANGE_CIPHER_SPEC Alert(WARNING,CLOSE_NOTIFY) EMPTY_CERTIFICATE FINISHED Alert(WARNING,CLOSE_NOTIFY) ECDH_CLIENT_KEY_EXCHANGE ECDH_CLIENT_HELLO
Original output: CLIENT_HELLO SOCKET_CLOSED SOCKET_CLOSED SOCKET_CLOSED SOCKET_CLOSED SOCKET_CLOSED SOCKET_CLOSED SOCKET_CLOSED SOCKET_CLOSED SOCKET_CLOSED SOCKET_CLOSED SOCKET_CLOSED SOCKET_CLOSED SOCKET_CLOSED SOCKET_CLOSED SOCKET_CLOSED SOCKET_CLOSED SOCKET_CLOSED
New output: HELLO_VERIFY_REQUEST SERVER_HELLO,CERTIFICATE,ECDHE_SERVER_KEY_EXCHANGE,CERTIFICATE_REQUEST,SERVER_HELLO_DONE TIMEOUT Alert(WARNING,CLOSE_NOTIFY) TIMEOUT TIMEOUT TIMEOUT TIMEOUT TIMEOUT TIMEOUT TIMEOUT TIMEOUT TIMEOUT TIMEOUT TIMEOUT TIMEOUT TIMEOUT TIMEOUT
New CE status: not a CE
Output inconsistent with cache, discarding it and returning automaton output
Input: ECDH_CLIENT_HELLO ECDH_CLIENT_HELLO FINISHED
Spurious output: TIMEOUT SOCKET_CLOSED SOCKET_CLOSED SOCKET_CLOSED SOCKET_CLOSED SOCKET_CLOSED SOCKET_CLOSED SOCKET_CLOSED SOCKET_CLOSED SOCKET_CLOSED SOCKET_CLOSED SOCKET_CLOSED SOCKET_CLOSED SOCKET_CLOSED SOCKET_CLOSED SOCKET_CLOSED SOCKET_CLOSED SOCKET_CLOSED SOCKET_CLOSED SOCKET_CLOSED SOCKET_CLOSED SOCKET_CLOSED
Cached output: HELLO_VERIFY_REQUEST SERVER_HELLO,CERTIFICATE,ECDHE_SERVER_KEY_EXCHANGE,CERTIFICATE_REQUEST,SERVER_HELLO_DONE Alert(FATAL,HANDSHAKE_FAILURE)
Output changed following CE verification
Input: ECDH_CLIENT_HELLO ECDH_CLIENT_HELLO CERTIFICATE ECDH_CLIENT_KEY_EXCHANGE CERTIFICATE_VERIFY FINISHED APPLICATION ECDH_CLIENT_HELLO ECDH_CLIENT_HELLO Alert(WARNING,CLOSE_NOTIFY) APPLICATION APPLICATION Alert(WARNING,CLOSE_NOTIFY) CHANGE_CIPHER_SPEC CERTIFICATE_VERIFY Alert(FATAL,UNEXPECTED_MESSAGE) CHANGE_CIPHER_SPEC CHANGE_CIPHER_SPEC
Original output: TIMEOUT SOCKET_CLOSED SOCKET_CLOSED SOCKET_CLOSED SOCKET_CLOSED SOCKET_CLOSED SOCKET_CLOSED SOCKET_CLOSED SOCKET_CLOSED SOCKET_CLOSED SOCKET_CLOSED SOCKET_CLOSED SOCKET_CLOSED SOCKET_CLOSED SOCKET_CLOSED SOCKET_CLOSED SOCKET_CLOSED SOCKET_CLOSED
New output: HELLO_VERIFY_REQUEST SERVER_HELLO,CERTIFICATE,ECDHE_SERVER_KEY_EXCHANGE,CERTIFICATE_REQUEST,SERVER_HELLO_DONE TIMEOUT TIMEOUT TIMEOUT CHANGE_CIPHER_SPEC,FINISHED APPLICATION HELLO_VERIFY_REQUEST SERVER_HELLO,CHANGE_CIPHER_SPEC,FINISHED Alert(WARNING,CLOSE_NOTIFY) TIMEOUT TIMEOUT TIMEOUT TIMEOUT TIMEOUT TIMEOUT TIMEOUT TIMEOUT
New CE status: not a CE
Output changed following CE verification
Input: ECDH_CLIENT_HELLO ECDH_CLIENT_HELLO CERTIFICATE ECDH_CLIENT_KEY_EXCHANGE CERTIFICATE_VERIFY CHANGE_CIPHER_SPEC FINISHED CHANGE_CIPHER_SPEC CERTIFICATE_VERIFY Alert(WARNING,CLOSE_NOTIFY) ECDH_CLIENT_HELLO CERTIFICATE_VERIFY ECDH_CLIENT_KEY_EXCHANGE ECDH_CLIENT_HELLO ECDH_CLIENT_KEY_EXCHANGE
Original output: TIMEOUT SOCKET_CLOSED SOCKET_CLOSED SOCKET_CLOSED SOCKET_CLOSED SOCKET_CLOSED SOCKET_CLOSED SOCKET_CLOSED SOCKET_CLOSED SOCKET_CLOSED SOCKET_CLOSED SOCKET_CLOSED SOCKET_CLOSED SOCKET_CLOSED SOCKET_CLOSED
New output: HELLO_VERIFY_REQUEST SERVER_HELLO,CERTIFICATE,ECDHE_SERVER_KEY_EXCHANGE,CERTIFICATE_REQUEST,SERVER_HELLO_DONE TIMEOUT TIMEOUT TIMEOUT TIMEOUT CHANGE_CIPHER_SPEC,FINISHED CHANGE_CIPHER_SPEC,FINISHED TIMEOUT TIMEOUT TIMEOUT TIMEOUT TIMEOUT TIMEOUT TIMEOUT
New CE status: not a CE
Output changed following CE verification
Input: ECDH_CLIENT_HELLO CERTIFICATE ECDH_CLIENT_HELLO APPLICATION ECDH_CLIENT_KEY_EXCHANGE CERTIFICATE CERTIFICATE_VERIFY CERTIFICATE_VERIFY ECDH_CLIENT_HELLO FINISHED Alert(FATAL,UNEXPECTED_MESSAGE) Alert(WARNING,CLOSE_NOTIFY) Alert(FATAL,UNEXPECTED_MESSAGE) Alert(WARNING,CLOSE_NOTIFY) CERTIFICATE_VERIFY Alert(WARNING,CLOSE_NOTIFY) EMPTY_CERTIFICATE Alert(WARNING,CLOSE_NOTIFY) CERTIFICATE_VERIFY ECDH_CLIENT_HELLO ECDH_CLIENT_KEY_EXCHANGE CERTIFICATE CERTIFICATE_VERIFY ECDH_CLIENT_HELLO ECDH_CLIENT_KEY_EXCHANGE CHANGE_CIPHER_SPEC ECDH_CLIENT_HELLO
Original output: CLIENT_HELLO SOCKET_CLOSED SOCKET_CLOSED SOCKET_CLOSED SOCKET_CLOSED SOCKET_CLOSED SOCKET_CLOSED SOCKET_CLOSED SOCKET_CLOSED SOCKET_CLOSED SOCKET_CLOSED SOCKET_CLOSED SOCKET_CLOSED SOCKET_CLOSED SOCKET_CLOSED SOCKET_CLOSED SOCKET_CLOSED SOCKET_CLOSED SOCKET_CLOSED SOCKET_CLOSED SOCKET_CLOSED SOCKET_CLOSED SOCKET_CLOSED SOCKET_CLOSED SOCKET_CLOSED SOCKET_CLOSED SOCKET_CLOSED
New output: HELLO_VERIFY_REQUEST TIMEOUT SERVER_HELLO,CERTIFICATE,ECDHE_SERVER_KEY_EXCHANGE,CERTIFICATE_REQUEST,SERVER_HELLO_DONE TIMEOUT TIMEOUT TIMEOUT TIMEOUT Alert(FATAL,HANDSHAKE_FAILURE) HELLO_VERIFY_REQUEST TIMEOUT TIMEOUT TIMEOUT TIMEOUT TIMEOUT TIMEOUT TIMEOUT TIMEOUT TIMEOUT TIMEOUT SERVER_HELLO,CERTIFICATE,ECDHE_SERVER_KEY_EXCHANGE,CERTIFICATE_REQUEST,SERVER_HELLO_DONE TIMEOUT TIMEOUT TIMEOUT HELLO_VERIFY_REQUEST TIMEOUT TIMEOUT Alert(FATAL,INTERNAL_ERROR)
New CE status: not a CE
Output inconsistent with cache, discarding it and returning automaton output
Input: ECDH_CLIENT_HELLO ECDH_CLIENT_HELLO ECDH_CLIENT_KEY_EXCHANGE CERTIFICATE CERTIFICATE_VERIFY ECDH_CLIENT_HELLO CHANGE_CIPHER_SPEC FINISHED
Spurious output: TIMEOUT SOCKET_CLOSED SOCKET_CLOSED SOCKET_CLOSED SOCKET_CLOSED SOCKET_CLOSED SOCKET_CLOSED SOCKET_CLOSED SOCKET_CLOSED SOCKET_CLOSED SOCKET_CLOSED SOCKET_CLOSED SOCKET_CLOSED SOCKET_CLOSED SOCKET_CLOSED SOCKET_CLOSED SOCKET_CLOSED SOCKET_CLOSED SOCKET_CLOSED
Cached output: HELLO_VERIFY_REQUEST SERVER_HELLO,CERTIFICATE,ECDHE_SERVER_KEY_EXCHANGE,CERTIFICATE_REQUEST,SERVER_HELLO_DONE TIMEOUT TIMEOUT TIMEOUT HELLO_VERIFY_REQUEST TIMEOUT TIMEOUT
Output changed following CE verification
Input: ECDH_CLIENT_HELLO ECDH_CLIENT_HELLO CERTIFICATE CERTIFICATE_VERIFY ECDH_CLIENT_KEY_EXCHANGE APPLICATION APPLICATION ECDH_CLIENT_HELLO ECDH_CLIENT_KEY_EXCHANGE CHANGE_CIPHER_SPEC ECDH_CLIENT_HELLO
Original output: CLIENT_HELLO SOCKET_CLOSED SOCKET_CLOSED SOCKET_CLOSED SOCKET_CLOSED SOCKET_CLOSED SOCKET_CLOSED SOCKET_CLOSED SOCKET_CLOSED SOCKET_CLOSED SOCKET_CLOSED
New output: HELLO_VERIFY_REQUEST SERVER_HELLO,CERTIFICATE,ECDHE_SERVER_KEY_EXCHANGE,CERTIFICATE_REQUEST,SERVER_HELLO_DONE TIMEOUT TIMEOUT TIMEOUT TIMEOUT TIMEOUT HELLO_VERIFY_REQUEST TIMEOUT TIMEOUT Alert(FATAL,INTERNAL_ERROR)
New CE status: not a CE
