Output inconsistent with cache, rerunning membership query
Input: RSA_CLIENT_HELLO RSA_CLIENT_HELLO RSA_CLIENT_KEY_EXCHANGE CHANGE_CIPHER_SPEC CERTIFICATE FINISHED CHANGE_CIPHER_SPEC RSA_CLIENT_KEY_EXCHANGE
Unexpected output: HELLO_VERIFY_REQUEST SERVER_HELLO,CERTIFICATE,CERTIFICATE_REQUEST,SERVER_HELLO_DONE TIMEOUT TIMEOUT TIMEOUT TIMEOUT TIMEOUT CHANGE_CIPHER_SPEC,UNKNOWN_MESSAGE,CHANGE_CIPHER_SPEC TIMEOUT TIMEOUT TIMEOUT
Cached output: HELLO_VERIFY_REQUEST SERVER_HELLO,CERTIFICATE,CERTIFICATE_REQUEST,SERVER_HELLO_DONE TIMEOUT TIMEOUT TIMEOUT TIMEOUT TIMEOUT CHANGE_CIPHER_SPEC,UNKNOWN_MESSAGE,CHANGE_CIPHER_SPEC,UNKNOWN_MESSAGE
Output changed following rerun
Input: RSA_CLIENT_HELLO RSA_CLIENT_HELLO RSA_CLIENT_KEY_EXCHANGE CHANGE_CIPHER_SPEC CERTIFICATE FINISHED CHANGE_CIPHER_SPEC RSA_CLIENT_KEY_EXCHANGE Alert(WARNING,CLOSE_NOTIFY) RSA_CLIENT_HELLO RSA_CLIENT_HELLO
Original output: HELLO_VERIFY_REQUEST SERVER_HELLO,CERTIFICATE,CERTIFICATE_REQUEST,SERVER_HELLO_DONE TIMEOUT TIMEOUT TIMEOUT TIMEOUT TIMEOUT CHANGE_CIPHER_SPEC,UNKNOWN_MESSAGE,CHANGE_CIPHER_SPEC TIMEOUT TIMEOUT TIMEOUT
New output: HELLO_VERIFY_REQUEST SERVER_HELLO,CERTIFICATE,CERTIFICATE_REQUEST,SERVER_HELLO_DONE TIMEOUT TIMEOUT TIMEOUT TIMEOUT TIMEOUT CHANGE_CIPHER_SPEC,UNKNOWN_MESSAGE,CHANGE_CIPHER_SPEC,UNKNOWN_MESSAGE TIMEOUT TIMEOUT TIMEOUT
Output changed following CE verification
Input: EMPTY_CERTIFICATE CHANGE_CIPHER_SPEC EMPTY_CERTIFICATE RSA_CLIENT_HELLO RSA_CLIENT_HELLO Alert(FATAL,UNEXPECTED_MESSAGE) Alert(FATAL,UNEXPECTED_MESSAGE) FINISHED FINISHED CHANGE_CIPHER_SPEC CHANGE_CIPHER_SPEC CHANGE_CIPHER_SPEC CERTIFICATE_VERIFY APPLICATION CERTIFICATE CHANGE_CIPHER_SPEC Alert(FATAL,UNEXPECTED_MESSAGE) CERTIFICATE_VERIFY FINISHED Alert(WARNING,CLOSE_NOTIFY) RSA_CLIENT_HELLO
Original output: TIMEOUT TIMEOUT TIMEOUT TIMEOUT TIMEOUT TIMEOUT TIMEOUT TIMEOUT SOCKET_CLOSED SOCKET_CLOSED SOCKET_CLOSED SOCKET_CLOSED SOCKET_CLOSED SOCKET_CLOSED SOCKET_CLOSED SOCKET_CLOSED SOCKET_CLOSED SOCKET_CLOSED SOCKET_CLOSED SOCKET_CLOSED SOCKET_CLOSED
New output: TIMEOUT TIMEOUT TIMEOUT TIMEOUT SOCKET_CLOSED SOCKET_CLOSED SOCKET_CLOSED SOCKET_CLOSED SOCKET_CLOSED SOCKET_CLOSED SOCKET_CLOSED SOCKET_CLOSED SOCKET_CLOSED SOCKET_CLOSED SOCKET_CLOSED SOCKET_CLOSED SOCKET_CLOSED SOCKET_CLOSED SOCKET_CLOSED SOCKET_CLOSED SOCKET_CLOSED
New CE status: not a CE
Output changed following CE verification
Input: RSA_CLIENT_HELLO RSA_CLIENT_HELLO RSA_CLIENT_KEY_EXCHANGE CHANGE_CIPHER_SPEC CERTIFICATE FINISHED CERTIFICATE_VERIFY EMPTY_CERTIFICATE FINISHED Alert(FATAL,UNEXPECTED_MESSAGE) CHANGE_CIPHER_SPEC EMPTY_CERTIFICATE RSA_CLIENT_KEY_EXCHANGE CERTIFICATE_VERIFY CERTIFICATE Alert(FATAL,UNEXPECTED_MESSAGE) FINISHED EMPTY_CERTIFICATE Alert(FATAL,UNEXPECTED_MESSAGE) Alert(WARNING,CLOSE_NOTIFY) CERTIFICATE RSA_CLIENT_HELLO
Original output: TIMEOUT TIMEOUT TIMEOUT TIMEOUT TIMEOUT TIMEOUT TIMEOUT TIMEOUT TIMEOUT TIMEOUT TIMEOUT TIMEOUT TIMEOUT TIMEOUT TIMEOUT TIMEOUT TIMEOUT TIMEOUT TIMEOUT TIMEOUT TIMEOUT TIMEOUT
New output: HELLO_VERIFY_REQUEST SERVER_HELLO,CERTIFICATE,CERTIFICATE_REQUEST,SERVER_HELLO_DONE TIMEOUT TIMEOUT TIMEOUT TIMEOUT TIMEOUT TIMEOUT TIMEOUT TIMEOUT TIMEOUT SOCKET_CLOSED SOCKET_CLOSED SOCKET_CLOSED SOCKET_CLOSED SOCKET_CLOSED SOCKET_CLOSED SOCKET_CLOSED SOCKET_CLOSED SOCKET_CLOSED SOCKET_CLOSED SOCKET_CLOSED
New CE status: not a CE
Output changed following CE verification
Input: RSA_CLIENT_HELLO RSA_CLIENT_HELLO RSA_CLIENT_KEY_EXCHANGE CHANGE_CIPHER_SPEC CERTIFICATE FINISHED CHANGE_CIPHER_SPEC RSA_CLIENT_KEY_EXCHANGE FINISHED RSA_CLIENT_HELLO FINISHED RSA_CLIENT_HELLO FINISHED EMPTY_CERTIFICATE CHANGE_CIPHER_SPEC RSA_CLIENT_KEY_EXCHANGE RSA_CLIENT_HELLO CERTIFICATE_VERIFY RSA_CLIENT_HELLO EMPTY_CERTIFICATE APPLICATION RSA_CLIENT_KEY_EXCHANGE
Original output: HELLO_VERIFY_REQUEST SERVER_HELLO,CERTIFICATE,CERTIFICATE_REQUEST,SERVER_HELLO_DONE TIMEOUT TIMEOUT TIMEOUT TIMEOUT TIMEOUT CHANGE_CIPHER_SPEC+,UNKNOWN_MESSAGE TIMEOUT TIMEOUT TIMEOUT TIMEOUT TIMEOUT TIMEOUT TIMEOUT TIMEOUT TIMEOUT TIMEOUT TIMEOUT TIMEOUT TIMEOUT TIMEOUT
New output: HELLO_VERIFY_REQUEST SERVER_HELLO,CERTIFICATE,CERTIFICATE_REQUEST,SERVER_HELLO_DONE TIMEOUT TIMEOUT TIMEOUT TIMEOUT TIMEOUT CHANGE_CIPHER_SPEC,UNKNOWN_MESSAGE,CHANGE_CIPHER_SPEC,UNKNOWN_MESSAGE TIMEOUT TIMEOUT TIMEOUT TIMEOUT TIMEOUT TIMEOUT TIMEOUT TIMEOUT TIMEOUT TIMEOUT TIMEOUT TIMEOUT TIMEOUT TIMEOUT
New CE status: not a CE
