Output changed following CE verification
Input: ECDH_CLIENT_KEY_EXCHANGE DH_CLIENT_HELLO ECDH_CLIENT_KEY_EXCHANGE APPLICATION RSA_CLIENT_KEY_EXCHANGE CERTIFICATE APPLICATION RSA_CLIENT_KEY_EXCHANGE CHANGE_CIPHER_SPEC RSA_CLIENT_KEY_EXCHANGE EMPTY_CERTIFICATE ECDH_CLIENT_KEY_EXCHANGE ECDH_CLIENT_KEY_EXCHANGE RSA_CLIENT_KEY_EXCHANGE CERTIFICATE_VERIFY Alert(WARNING,CLOSE_NOTIFY) FINISHED CERTIFICATE_VERIFY Alert(WARNING,CLOSE_NOTIFY) Alert(FATAL,UNEXPECTED_MESSAGE) ECDH_CLIENT_KEY_EXCHANGE ECDH_CLIENT_HELLO
Original output: UNKNOWN SOCKET_CLOSED SOCKET_CLOSED SOCKET_CLOSED SOCKET_CLOSED SOCKET_CLOSED SOCKET_CLOSED SOCKET_CLOSED SOCKET_CLOSED SOCKET_CLOSED SOCKET_CLOSED SOCKET_CLOSED SOCKET_CLOSED SOCKET_CLOSED SOCKET_CLOSED SOCKET_CLOSED SOCKET_CLOSED SOCKET_CLOSED SOCKET_CLOSED SOCKET_CLOSED SOCKET_CLOSED SOCKET_CLOSED
New output: TIMEOUT HELLO_VERIFY_REQUEST TIMEOUT Alert(FATAL,UNEXPECTED_MESSAGE) TIMEOUT TIMEOUT Alert(FATAL,UNEXPECTED_MESSAGE) TIMEOUT TIMEOUT TIMEOUT TIMEOUT TIMEOUT TIMEOUT TIMEOUT TIMEOUT TIMEOUT TIMEOUT TIMEOUT TIMEOUT TIMEOUT TIMEOUT TIMEOUT
New CE status: not a CE
Output changed following CE verification
Input: ECDH_CLIENT_HELLO DH_CLIENT_HELLO RSA_CLIENT_KEY_EXCHANGE ECDH_CLIENT_KEY_EXCHANGE RSA_CLIENT_HELLO DH_CLIENT_KEY_EXCHANGE Alert(WARNING,CLOSE_NOTIFY) Alert(WARNING,CLOSE_NOTIFY) ECDH_CLIENT_HELLO ECDH_CLIENT_KEY_EXCHANGE ECDH_CLIENT_HELLO
Original output: CLIENT_HELLO SOCKET_CLOSED SOCKET_CLOSED SOCKET_CLOSED SOCKET_CLOSED SOCKET_CLOSED SOCKET_CLOSED SOCKET_CLOSED SOCKET_CLOSED SOCKET_CLOSED SOCKET_CLOSED
New output: HELLO_VERIFY_REQUEST HELLO_VERIFY_REQUEST TIMEOUT TIMEOUT HELLO_VERIFY_REQUEST TIMEOUT TIMEOUT TIMEOUT HELLO_VERIFY_REQUEST TIMEOUT HELLO_VERIFY_REQUEST
New CE status: not a CE
Output changed following CE verification
Input: ECDH_CLIENT_HELLO ECDH_CLIENT_HELLO Alert(FATAL,UNEXPECTED_MESSAGE) APPLICATION DH_CLIENT_HELLO DH_CLIENT_HELLO EMPTY_CERTIFICATE RSA_CLIENT_KEY_EXCHANGE Alert(FATAL,UNEXPECTED_MESSAGE) RSA_CLIENT_KEY_EXCHANGE ECDH_CLIENT_HELLO ECDH_CLIENT_KEY_EXCHANGE APPLICATION DH_CLIENT_HELLO CERTIFICATE_VERIFY RSA_CLIENT_KEY_EXCHANGE ECDH_CLIENT_HELLO CHANGE_CIPHER_SPEC CERTIFICATE_VERIFY APPLICATION RSA_CLIENT_KEY_EXCHANGE DH_CLIENT_HELLO EMPTY_CERTIFICATE CHANGE_CIPHER_SPEC CERTIFICATE_VERIFY CHANGE_CIPHER_SPEC FINISHED
Original output: CLIENT_HELLO SOCKET_CLOSED SOCKET_CLOSED SOCKET_CLOSED SOCKET_CLOSED SOCKET_CLOSED SOCKET_CLOSED SOCKET_CLOSED SOCKET_CLOSED SOCKET_CLOSED SOCKET_CLOSED SOCKET_CLOSED SOCKET_CLOSED SOCKET_CLOSED SOCKET_CLOSED SOCKET_CLOSED SOCKET_CLOSED SOCKET_CLOSED SOCKET_CLOSED SOCKET_CLOSED SOCKET_CLOSED SOCKET_CLOSED SOCKET_CLOSED SOCKET_CLOSED SOCKET_CLOSED SOCKET_CLOSED SOCKET_CLOSED
New output: HELLO_VERIFY_REQUEST SERVER_HELLO,CERTIFICATE,ECDHE_SERVER_KEY_EXCHANGE,CERTIFICATE_REQUEST,SERVER_HELLO_DONE TIMEOUT Alert(FATAL,UNEXPECTED_MESSAGE) HELLO_VERIFY_REQUEST SERVER_HELLO,CERTIFICATE,DHE_SERVER_KEY_EXCHANGE,CERTIFICATE_REQUEST,SERVER_HELLO_DONE TIMEOUT TIMEOUT TIMEOUT TIMEOUT HELLO_VERIFY_REQUEST TIMEOUT Alert(FATAL,UNEXPECTED_MESSAGE) HELLO_VERIFY_REQUEST TIMEOUT TIMEOUT HELLO_VERIFY_REQUEST TIMEOUT TIMEOUT TIMEOUT TIMEOUT TIMEOUT TIMEOUT TIMEOUT TIMEOUT TIMEOUT TIMEOUT
New CE status: not a CE
Output changed following CE verification
Input: ECDH_CLIENT_KEY_EXCHANGE CERTIFICATE CHANGE_CIPHER_SPEC RSA_CLIENT_HELLO RSA_CLIENT_HELLO ECDH_CLIENT_HELLO Alert(FATAL,UNEXPECTED_MESSAGE) DH_CLIENT_KEY_EXCHANGE RSA_CLIENT_KEY_EXCHANGE DH_CLIENT_HELLO RSA_CLIENT_HELLO Alert(FATAL,UNEXPECTED_MESSAGE) RSA_CLIENT_KEY_EXCHANGE EMPTY_CERTIFICATE ECDH_CLIENT_HELLO
Original output: UNKNOWN SOCKET_CLOSED SOCKET_CLOSED SOCKET_CLOSED SOCKET_CLOSED SOCKET_CLOSED SOCKET_CLOSED SOCKET_CLOSED SOCKET_CLOSED SOCKET_CLOSED SOCKET_CLOSED SOCKET_CLOSED SOCKET_CLOSED SOCKET_CLOSED SOCKET_CLOSED
New output: TIMEOUT TIMEOUT TIMEOUT TIMEOUT TIMEOUT TIMEOUT TIMEOUT TIMEOUT TIMEOUT TIMEOUT TIMEOUT TIMEOUT TIMEOUT TIMEOUT TIMEOUT
New CE status: not a CE
Output changed following CE verification
Input: RSA_CLIENT_HELLO RSA_CLIENT_HELLO CERTIFICATE_VERIFY RSA_CLIENT_HELLO Alert(WARNING,CLOSE_NOTIFY) CHANGE_CIPHER_SPEC ECDH_CLIENT_HELLO DH_CLIENT_KEY_EXCHANGE Alert(WARNING,CLOSE_NOTIFY) RSA_CLIENT_KEY_EXCHANGE DH_CLIENT_KEY_EXCHANGE DH_CLIENT_HELLO Alert(FATAL,UNEXPECTED_MESSAGE) Alert(FATAL,UNEXPECTED_MESSAGE) ECDH_CLIENT_KEY_EXCHANGE ECDH_CLIENT_HELLO
Original output: CLIENT_HELLO SOCKET_CLOSED SOCKET_CLOSED SOCKET_CLOSED SOCKET_CLOSED SOCKET_CLOSED SOCKET_CLOSED SOCKET_CLOSED SOCKET_CLOSED SOCKET_CLOSED SOCKET_CLOSED SOCKET_CLOSED SOCKET_CLOSED SOCKET_CLOSED SOCKET_CLOSED SOCKET_CLOSED
New output: HELLO_VERIFY_REQUEST SERVER_HELLO,CERTIFICATE,CERTIFICATE_REQUEST,SERVER_HELLO_DONE TIMEOUT HELLO_VERIFY_REQUEST TIMEOUT TIMEOUT TIMEOUT TIMEOUT TIMEOUT TIMEOUT TIMEOUT TIMEOUT TIMEOUT TIMEOUT TIMEOUT TIMEOUT
New CE status: not a CE
Output changed following CE verification
Input: RSA_CLIENT_HELLO RSA_CLIENT_HELLO CERTIFICATE ECDH_CLIENT_KEY_EXCHANGE RSA_CLIENT_KEY_EXCHANGE ECDH_CLIENT_KEY_EXCHANGE EMPTY_CERTIFICATE FINISHED EMPTY_CERTIFICATE CERTIFICATE_VERIFY ECDH_CLIENT_KEY_EXCHANGE RSA_CLIENT_HELLO CERTIFICATE_VERIFY ECDH_CLIENT_KEY_EXCHANGE RSA_CLIENT_HELLO DH_CLIENT_HELLO CHANGE_CIPHER_SPEC CERTIFICATE_VERIFY CERTIFICATE CHANGE_CIPHER_SPEC ECDH_CLIENT_HELLO RSA_CLIENT_HELLO EMPTY_CERTIFICATE CERTIFICATE CERTIFICATE_VERIFY CERTIFICATE_VERIFY EMPTY_CERTIFICATE RSA_CLIENT_HELLO DH_CLIENT_KEY_EXCHANGE ECDH_CLIENT_HELLO ECDH_CLIENT_KEY_EXCHANGE ECDH_CLIENT_HELLO
Original output: CLIENT_HELLO SOCKET_CLOSED SOCKET_CLOSED SOCKET_CLOSED SOCKET_CLOSED SOCKET_CLOSED SOCKET_CLOSED SOCKET_CLOSED SOCKET_CLOSED SOCKET_CLOSED SOCKET_CLOSED SOCKET_CLOSED SOCKET_CLOSED SOCKET_CLOSED SOCKET_CLOSED SOCKET_CLOSED SOCKET_CLOSED SOCKET_CLOSED SOCKET_CLOSED SOCKET_CLOSED SOCKET_CLOSED SOCKET_CLOSED SOCKET_CLOSED SOCKET_CLOSED SOCKET_CLOSED SOCKET_CLOSED SOCKET_CLOSED SOCKET_CLOSED SOCKET_CLOSED SOCKET_CLOSED SOCKET_CLOSED SOCKET_CLOSED
New output: HELLO_VERIFY_REQUEST SERVER_HELLO,CERTIFICATE,CERTIFICATE_REQUEST,SERVER_HELLO_DONE TIMEOUT TIMEOUT TIMEOUT TIMEOUT TIMEOUT TIMEOUT TIMEOUT TIMEOUT TIMEOUT HELLO_VERIFY_REQUEST TIMEOUT TIMEOUT HELLO_VERIFY_REQUEST HELLO_VERIFY_REQUEST TIMEOUT TIMEOUT TIMEOUT TIMEOUT TIMEOUT TIMEOUT TIMEOUT TIMEOUT TIMEOUT TIMEOUT TIMEOUT TIMEOUT TIMEOUT TIMEOUT TIMEOUT TIMEOUT
New CE status: not a CE
Output changed following CE verification
Input: ECDH_CLIENT_HELLO ECDH_CLIENT_HELLO CERTIFICATE ECDH_CLIENT_KEY_EXCHANGE Alert(WARNING,CLOSE_NOTIFY) CERTIFICATE_VERIFY CHANGE_CIPHER_SPEC
Original output: CLIENT_HELLO SOCKET_CLOSED SOCKET_CLOSED SOCKET_CLOSED SOCKET_CLOSED SOCKET_CLOSED SOCKET_CLOSED
New output: HELLO_VERIFY_REQUEST SERVER_HELLO,CERTIFICATE,ECDHE_SERVER_KEY_EXCHANGE,CERTIFICATE_REQUEST,SERVER_HELLO_DONE TIMEOUT TIMEOUT TIMEOUT TIMEOUT TIMEOUT
New CE status: not a CE
Output changed following CE verification
Input: ECDH_CLIENT_HELLO ECDH_CLIENT_HELLO CERTIFICATE ECDH_CLIENT_KEY_EXCHANGE CERTIFICATE_VERIFY CHANGE_CIPHER_SPEC FINISHED FINISHED CHANGE_CIPHER_SPEC CHANGE_CIPHER_SPEC
Original output: CLIENT_HELLO SOCKET_CLOSED SOCKET_CLOSED SOCKET_CLOSED SOCKET_CLOSED SOCKET_CLOSED SOCKET_CLOSED SOCKET_CLOSED SOCKET_CLOSED SOCKET_CLOSED
New output: HELLO_VERIFY_REQUEST SERVER_HELLO,CERTIFICATE,ECDHE_SERVER_KEY_EXCHANGE,CERTIFICATE_REQUEST,SERVER_HELLO_DONE TIMEOUT TIMEOUT TIMEOUT TIMEOUT CHANGE_CIPHER_SPEC,FINISHED APPLICATION TIMEOUT TIMEOUT
New CE status: not a CE
