Output changed following CE verification
Input: ECDH_CLIENT_HELLO ECDH_CLIENT_HELLO CERTIFICATE ECDH_CLIENT_KEY_EXCHANGE CERTIFICATE_VERIFY CHANGE_CIPHER_SPEC ECDH_CLIENT_KEY_EXCHANGE CERTIFICATE APPLICATION Alert(WARNING,CLOSE_NOTIFY) EMPTY_CERTIFICATE CERTIFICATE_VERIFY APPLICATION CHANGE_CIPHER_SPEC CERTIFICATE ECDH_CLIENT_HELLO EMPTY_CERTIFICATE APPLICATION ECDH_CLIENT_KEY_EXCHANGE APPLICATION APPLICATION Alert(WARNING,CLOSE_NOTIFY) EMPTY_CERTIFICATE CERTIFICATE Alert(FATAL,UNEXPECTED_MESSAGE) FINISHED FINISHED ECDH_CLIENT_HELLO EMPTY_CERTIFICATE APPLICATION CHANGE_CIPHER_SPEC FINISHED Alert(WARNING,CLOSE_NOTIFY) CHANGE_CIPHER_SPEC ECDH_CLIENT_HELLO Alert(FATAL,UNEXPECTED_MESSAGE) APPLICATION Alert(FATAL,UNEXPECTED_MESSAGE) APPLICATION ECDH_CLIENT_HELLO ECDH_CLIENT_KEY_EXCHANGE FINISHED Alert(FATAL,UNEXPECTED_MESSAGE) CERTIFICATE ECDH_CLIENT_HELLO ECDH_CLIENT_KEY_EXCHANGE ECDH_CLIENT_HELLO Alert(WARNING,CLOSE_NOTIFY) CHANGE_CIPHER_SPEC ECDH_CLIENT_HELLO ECDH_CLIENT_HELLO
Original output: HELLO_VERIFY_REQUEST SERVER_HELLO,CERTIFICATE,ECDHE_SERVER_KEY_EXCHANGE,CERTIFICATE_REQUEST,SERVER_HELLO_DONE TIMEOUT TIMEOUT Alert(FATAL,DECODE_ERROR) TIMEOUT TIMEOUT TIMEOUT TIMEOUT TIMEOUT TIMEOUT TIMEOUT TIMEOUT TIMEOUT TIMEOUT TIMEOUT TIMEOUT TIMEOUT TIMEOUT TIMEOUT TIMEOUT TIMEOUT TIMEOUT TIMEOUT TIMEOUT TIMEOUT TIMEOUT TIMEOUT TIMEOUT TIMEOUT TIMEOUT TIMEOUT TIMEOUT TIMEOUT TIMEOUT TIMEOUT TIMEOUT TIMEOUT TIMEOUT TIMEOUT TIMEOUT TIMEOUT TIMEOUT TIMEOUT TIMEOUT TIMEOUT TIMEOUT TIMEOUT TIMEOUT TIMEOUT TIMEOUT
New output: HELLO_VERIFY_REQUEST SERVER_HELLO,CERTIFICATE,ECDHE_SERVER_KEY_EXCHANGE,CERTIFICATE_REQUEST,SERVER_HELLO_DONE TIMEOUT TIMEOUT TIMEOUT TIMEOUT Alert(FATAL,UNEXPECTED_MESSAGE) TIMEOUT TIMEOUT TIMEOUT TIMEOUT TIMEOUT TIMEOUT TIMEOUT TIMEOUT TIMEOUT TIMEOUT TIMEOUT TIMEOUT TIMEOUT TIMEOUT TIMEOUT TIMEOUT TIMEOUT TIMEOUT TIMEOUT TIMEOUT TIMEOUT TIMEOUT TIMEOUT TIMEOUT TIMEOUT TIMEOUT TIMEOUT TIMEOUT TIMEOUT TIMEOUT TIMEOUT TIMEOUT TIMEOUT TIMEOUT TIMEOUT TIMEOUT TIMEOUT TIMEOUT TIMEOUT TIMEOUT TIMEOUT TIMEOUT TIMEOUT TIMEOUT
New CE status: not a CE
Output changed following CE verification
Input: ECDH_CLIENT_HELLO ECDH_CLIENT_HELLO CERTIFICATE ECDH_CLIENT_KEY_EXCHANGE CERTIFICATE_VERIFY CHANGE_CIPHER_SPEC FINISHED ECDH_CLIENT_HELLO ECDH_CLIENT_HELLO ECDH_CLIENT_HELLO CERTIFICATE_VERIFY Alert(WARNING,CLOSE_NOTIFY) APPLICATION Alert(FATAL,UNEXPECTED_MESSAGE) Alert(FATAL,UNEXPECTED_MESSAGE) APPLICATION CERTIFICATE APPLICATION CERTIFICATE_VERIFY CERTIFICATE_VERIFY CHANGE_CIPHER_SPEC EMPTY_CERTIFICATE APPLICATION Alert(FATAL,UNEXPECTED_MESSAGE) ECDH_CLIENT_HELLO
Original output: HELLO_VERIFY_REQUEST SERVER_HELLO,CERTIFICATE,ECDHE_SERVER_KEY_EXCHANGE,CERTIFICATE_REQUEST,SERVER_HELLO_DONE TIMEOUT TIMEOUT Alert(FATAL,DECODE_ERROR) TIMEOUT TIMEOUT TIMEOUT TIMEOUT TIMEOUT TIMEOUT TIMEOUT TIMEOUT TIMEOUT TIMEOUT TIMEOUT TIMEOUT TIMEOUT TIMEOUT TIMEOUT TIMEOUT TIMEOUT TIMEOUT TIMEOUT TIMEOUT
New output: HELLO_VERIFY_REQUEST SERVER_HELLO,CERTIFICATE,ECDHE_SERVER_KEY_EXCHANGE,CERTIFICATE_REQUEST,SERVER_HELLO_DONE TIMEOUT TIMEOUT TIMEOUT TIMEOUT CHANGE_CIPHER_SPEC,FINISHED SERVER_HELLO,CERTIFICATE,ECDHE_SERVER_KEY_EXCHANGE,CERTIFICATE_REQUEST,SERVER_HELLO_DONE Alert(FATAL,UNEXPECTED_MESSAGE) TIMEOUT TIMEOUT TIMEOUT TIMEOUT TIMEOUT TIMEOUT TIMEOUT TIMEOUT TIMEOUT TIMEOUT TIMEOUT TIMEOUT TIMEOUT TIMEOUT TIMEOUT TIMEOUT
New CE status: not a CE
Output changed following CE verification
Input: ECDH_CLIENT_HELLO ECDH_CLIENT_HELLO CERTIFICATE ECDH_CLIENT_KEY_EXCHANGE CERTIFICATE_VERIFY CHANGE_CIPHER_SPEC Alert(FATAL,UNEXPECTED_MESSAGE) CERTIFICATE_VERIFY APPLICATION Alert(FATAL,UNEXPECTED_MESSAGE) FINISHED ECDH_CLIENT_KEY_EXCHANGE EMPTY_CERTIFICATE FINISHED ECDH_CLIENT_HELLO FINISHED APPLICATION ECDH_CLIENT_KEY_EXCHANGE CERTIFICATE_VERIFY CHANGE_CIPHER_SPEC CHANGE_CIPHER_SPEC ECDH_CLIENT_KEY_EXCHANGE FINISHED EMPTY_CERTIFICATE EMPTY_CERTIFICATE FINISHED Alert(WARNING,CLOSE_NOTIFY) ECDH_CLIENT_HELLO
Original output: HELLO_VERIFY_REQUEST SERVER_HELLO,CERTIFICATE,ECDHE_SERVER_KEY_EXCHANGE,CERTIFICATE_REQUEST,SERVER_HELLO_DONE TIMEOUT TIMEOUT Alert(FATAL,DECODE_ERROR) TIMEOUT TIMEOUT TIMEOUT TIMEOUT TIMEOUT TIMEOUT TIMEOUT TIMEOUT TIMEOUT TIMEOUT TIMEOUT TIMEOUT TIMEOUT TIMEOUT TIMEOUT TIMEOUT TIMEOUT TIMEOUT TIMEOUT TIMEOUT TIMEOUT TIMEOUT TIMEOUT
New output: HELLO_VERIFY_REQUEST SERVER_HELLO,CERTIFICATE,ECDHE_SERVER_KEY_EXCHANGE,CERTIFICATE_REQUEST,SERVER_HELLO_DONE TIMEOUT TIMEOUT TIMEOUT TIMEOUT TIMEOUT TIMEOUT TIMEOUT TIMEOUT TIMEOUT TIMEOUT TIMEOUT TIMEOUT TIMEOUT TIMEOUT TIMEOUT TIMEOUT TIMEOUT TIMEOUT TIMEOUT TIMEOUT TIMEOUT TIMEOUT TIMEOUT TIMEOUT TIMEOUT TIMEOUT
New CE status: not a CE
Output changed following CE verification
Input: ECDH_CLIENT_HELLO ECDH_CLIENT_HELLO CERTIFICATE ECDH_CLIENT_KEY_EXCHANGE CERTIFICATE_VERIFY CHANGE_CIPHER_SPEC FINISHED ECDH_CLIENT_HELLO CERTIFICATE ECDH_CLIENT_KEY_EXCHANGE CERTIFICATE_VERIFY CERTIFICATE_VERIFY EMPTY_CERTIFICATE ECDH_CLIENT_KEY_EXCHANGE Alert(FATAL,UNEXPECTED_MESSAGE) APPLICATION CERTIFICATE ECDH_CLIENT_HELLO ECDH_CLIENT_HELLO ECDH_CLIENT_HELLO
Original output: HELLO_VERIFY_REQUEST SERVER_HELLO,CERTIFICATE,ECDHE_SERVER_KEY_EXCHANGE,CERTIFICATE_REQUEST,SERVER_HELLO_DONE TIMEOUT TIMEOUT Alert(FATAL,DECODE_ERROR) TIMEOUT TIMEOUT TIMEOUT TIMEOUT TIMEOUT TIMEOUT TIMEOUT TIMEOUT TIMEOUT TIMEOUT TIMEOUT TIMEOUT TIMEOUT TIMEOUT TIMEOUT
New output: HELLO_VERIFY_REQUEST SERVER_HELLO,CERTIFICATE,ECDHE_SERVER_KEY_EXCHANGE,CERTIFICATE_REQUEST,SERVER_HELLO_DONE TIMEOUT TIMEOUT TIMEOUT TIMEOUT CHANGE_CIPHER_SPEC,FINISHED SERVER_HELLO,CERTIFICATE,ECDHE_SERVER_KEY_EXCHANGE,CERTIFICATE_REQUEST,SERVER_HELLO_DONE TIMEOUT TIMEOUT TIMEOUT Alert(FATAL,UNEXPECTED_MESSAGE) TIMEOUT TIMEOUT TIMEOUT TIMEOUT TIMEOUT TIMEOUT TIMEOUT TIMEOUT
New CE status: not a CE
Output changed following CE verification
Input: ECDH_CLIENT_HELLO ECDH_CLIENT_HELLO CERTIFICATE ECDH_CLIENT_KEY_EXCHANGE CERTIFICATE_VERIFY CERTIFICATE_VERIFY FINISHED ECDH_CLIENT_KEY_EXCHANGE ECDH_CLIENT_KEY_EXCHANGE APPLICATION Alert(WARNING,CLOSE_NOTIFY) Alert(FATAL,UNEXPECTED_MESSAGE) ECDH_CLIENT_HELLO ECDH_CLIENT_HELLO Alert(WARNING,CLOSE_NOTIFY) ECDH_CLIENT_HELLO
Original output: HELLO_VERIFY_REQUEST SERVER_HELLO,CERTIFICATE,ECDHE_SERVER_KEY_EXCHANGE,CERTIFICATE_REQUEST,SERVER_HELLO_DONE TIMEOUT TIMEOUT Alert(FATAL,DECODE_ERROR) TIMEOUT TIMEOUT TIMEOUT TIMEOUT TIMEOUT TIMEOUT TIMEOUT SERVER_HELLO,CERTIFICATE,ECDHE_SERVER_KEY_EXCHANGE,CERTIFICATE_REQUEST,SERVER_HELLO_DONE Alert(FATAL,UNEXPECTED_MESSAGE) TIMEOUT SERVER_HELLO,CERTIFICATE,ECDHE_SERVER_KEY_EXCHANGE,CERTIFICATE_REQUEST,SERVER_HELLO_DONE
New output: HELLO_VERIFY_REQUEST SERVER_HELLO,CERTIFICATE,ECDHE_SERVER_KEY_EXCHANGE,CERTIFICATE_REQUEST,SERVER_HELLO_DONE TIMEOUT TIMEOUT TIMEOUT Alert(FATAL,UNEXPECTED_MESSAGE) TIMEOUT TIMEOUT TIMEOUT TIMEOUT TIMEOUT TIMEOUT SERVER_HELLO,CERTIFICATE,ECDHE_SERVER_KEY_EXCHANGE,CERTIFICATE_REQUEST,SERVER_HELLO_DONE Alert(FATAL,UNEXPECTED_MESSAGE) TIMEOUT SERVER_HELLO,CERTIFICATE,ECDHE_SERVER_KEY_EXCHANGE,CERTIFICATE_REQUEST,SERVER_HELLO_DONE
New CE status: not a CE
Output changed following CE verification
Input: ECDH_CLIENT_HELLO ECDH_CLIENT_HELLO CERTIFICATE ECDH_CLIENT_KEY_EXCHANGE CERTIFICATE_VERIFY CHANGE_CIPHER_SPEC FINISHED ECDH_CLIENT_HELLO CERTIFICATE ECDH_CLIENT_KEY_EXCHANGE CERTIFICATE_VERIFY APPLICATION CHANGE_CIPHER_SPEC ECDH_CLIENT_KEY_EXCHANGE Alert(FATAL,UNEXPECTED_MESSAGE) CERTIFICATE EMPTY_CERTIFICATE EMPTY_CERTIFICATE EMPTY_CERTIFICATE FINISHED CERTIFICATE_VERIFY CERTIFICATE ECDH_CLIENT_HELLO ECDH_CLIENT_HELLO EMPTY_CERTIFICATE Alert(WARNING,CLOSE_NOTIFY) ECDH_CLIENT_HELLO
Original output: HELLO_VERIFY_REQUEST SERVER_HELLO,CERTIFICATE,ECDHE_SERVER_KEY_EXCHANGE,CERTIFICATE_REQUEST,SERVER_HELLO_DONE TIMEOUT TIMEOUT Alert(FATAL,DECODE_ERROR) TIMEOUT TIMEOUT TIMEOUT TIMEOUT TIMEOUT TIMEOUT TIMEOUT TIMEOUT TIMEOUT TIMEOUT TIMEOUT TIMEOUT TIMEOUT TIMEOUT TIMEOUT TIMEOUT TIMEOUT TIMEOUT TIMEOUT TIMEOUT TIMEOUT TIMEOUT
New output: HELLO_VERIFY_REQUEST SERVER_HELLO,CERTIFICATE,ECDHE_SERVER_KEY_EXCHANGE,CERTIFICATE_REQUEST,SERVER_HELLO_DONE TIMEOUT TIMEOUT TIMEOUT TIMEOUT CHANGE_CIPHER_SPEC,FINISHED SERVER_HELLO,CERTIFICATE,ECDHE_SERVER_KEY_EXCHANGE,CERTIFICATE_REQUEST,SERVER_HELLO_DONE TIMEOUT TIMEOUT TIMEOUT TIMEOUT TIMEOUT Alert(FATAL,UNEXPECTED_MESSAGE) TIMEOUT TIMEOUT TIMEOUT TIMEOUT TIMEOUT TIMEOUT TIMEOUT TIMEOUT TIMEOUT TIMEOUT TIMEOUT TIMEOUT TIMEOUT
New CE status: not a CE
Output changed following CE verification
Input: ECDH_CLIENT_HELLO ECDH_CLIENT_HELLO CERTIFICATE ECDH_CLIENT_KEY_EXCHANGE CERTIFICATE_VERIFY CHANGE_CIPHER_SPEC FINISHED ECDH_CLIENT_HELLO ECDH_CLIENT_HELLO Alert(FATAL,UNEXPECTED_MESSAGE) EMPTY_CERTIFICATE CERTIFICATE_VERIFY Alert(FATAL,UNEXPECTED_MESSAGE) CERTIFICATE CERTIFICATE APPLICATION
Original output: HELLO_VERIFY_REQUEST SERVER_HELLO,CERTIFICATE,ECDHE_SERVER_KEY_EXCHANGE,CERTIFICATE_REQUEST,SERVER_HELLO_DONE TIMEOUT TIMEOUT Alert(FATAL,DECODE_ERROR) TIMEOUT TIMEOUT TIMEOUT TIMEOUT TIMEOUT TIMEOUT TIMEOUT TIMEOUT TIMEOUT TIMEOUT TIMEOUT
New output: HELLO_VERIFY_REQUEST SERVER_HELLO,CERTIFICATE,ECDHE_SERVER_KEY_EXCHANGE,CERTIFICATE_REQUEST,SERVER_HELLO_DONE TIMEOUT TIMEOUT TIMEOUT TIMEOUT CHANGE_CIPHER_SPEC,FINISHED SERVER_HELLO,CERTIFICATE,ECDHE_SERVER_KEY_EXCHANGE,CERTIFICATE_REQUEST,SERVER_HELLO_DONE Alert(FATAL,UNEXPECTED_MESSAGE) TIMEOUT TIMEOUT TIMEOUT TIMEOUT TIMEOUT TIMEOUT TIMEOUT
New CE status: not a CE
Output changed following CE verification
Input: ECDH_CLIENT_HELLO ECDH_CLIENT_HELLO CERTIFICATE ECDH_CLIENT_KEY_EXCHANGE CERTIFICATE_VERIFY CHANGE_CIPHER_SPEC FINISHED ECDH_CLIENT_HELLO CERTIFICATE ECDH_CLIENT_KEY_EXCHANGE Alert(WARNING,CLOSE_NOTIFY) CERTIFICATE CERTIFICATE_VERIFY ECDH_CLIENT_HELLO FINISHED ECDH_CLIENT_KEY_EXCHANGE FINISHED EMPTY_CERTIFICATE ECDH_CLIENT_HELLO CHANGE_CIPHER_SPEC ECDH_CLIENT_HELLO ECDH_CLIENT_HELLO
Original output: HELLO_VERIFY_REQUEST SERVER_HELLO,CERTIFICATE,ECDHE_SERVER_KEY_EXCHANGE,CERTIFICATE_REQUEST,SERVER_HELLO_DONE TIMEOUT TIMEOUT Alert(FATAL,DECODE_ERROR) TIMEOUT TIMEOUT TIMEOUT TIMEOUT TIMEOUT TIMEOUT TIMEOUT TIMEOUT TIMEOUT TIMEOUT TIMEOUT TIMEOUT TIMEOUT TIMEOUT TIMEOUT TIMEOUT TIMEOUT
New output: HELLO_VERIFY_REQUEST SERVER_HELLO,CERTIFICATE,ECDHE_SERVER_KEY_EXCHANGE,CERTIFICATE_REQUEST,SERVER_HELLO_DONE TIMEOUT TIMEOUT TIMEOUT TIMEOUT CHANGE_CIPHER_SPEC,FINISHED SERVER_HELLO,CERTIFICATE,ECDHE_SERVER_KEY_EXCHANGE,CERTIFICATE_REQUEST,SERVER_HELLO_DONE TIMEOUT TIMEOUT Alert(FATAL,CLOSE_NOTIFY) TIMEOUT TIMEOUT TIMEOUT TIMEOUT TIMEOUT TIMEOUT TIMEOUT TIMEOUT TIMEOUT TIMEOUT TIMEOUT
New CE status: not a CE
Output changed following CE verification
Input: ECDH_CLIENT_HELLO ECDH_CLIENT_HELLO CERTIFICATE ECDH_CLIENT_KEY_EXCHANGE CERTIFICATE_VERIFY APPLICATION Alert(FATAL,UNEXPECTED_MESSAGE) ECDH_CLIENT_HELLO Alert(WARNING,CLOSE_NOTIFY) EMPTY_CERTIFICATE CHANGE_CIPHER_SPEC ECDH_CLIENT_KEY_EXCHANGE APPLICATION CERTIFICATE Alert(WARNING,CLOSE_NOTIFY) FINISHED
Original output: HELLO_VERIFY_REQUEST SERVER_HELLO,CERTIFICATE,ECDHE_SERVER_KEY_EXCHANGE,CERTIFICATE_REQUEST,SERVER_HELLO_DONE TIMEOUT TIMEOUT Alert(FATAL,DECODE_ERROR) TIMEOUT TIMEOUT SERVER_HELLO,CERTIFICATE,ECDHE_SERVER_KEY_EXCHANGE,CERTIFICATE_REQUEST,SERVER_HELLO_DONE Alert(FATAL,CLOSE_NOTIFY) TIMEOUT TIMEOUT TIMEOUT TIMEOUT TIMEOUT TIMEOUT TIMEOUT
New output: HELLO_VERIFY_REQUEST SERVER_HELLO,CERTIFICATE,ECDHE_SERVER_KEY_EXCHANGE,CERTIFICATE_REQUEST,SERVER_HELLO_DONE TIMEOUT TIMEOUT TIMEOUT TIMEOUT TIMEOUT SERVER_HELLO,CERTIFICATE,ECDHE_SERVER_KEY_EXCHANGE,CERTIFICATE_REQUEST,SERVER_HELLO_DONE Alert(FATAL,CLOSE_NOTIFY) TIMEOUT TIMEOUT TIMEOUT TIMEOUT TIMEOUT TIMEOUT TIMEOUT
New CE status: not a CE
Output changed following CE verification
Input: ECDH_CLIENT_HELLO ECDH_CLIENT_HELLO CERTIFICATE ECDH_CLIENT_KEY_EXCHANGE CERTIFICATE_VERIFY ECDH_CLIENT_HELLO APPLICATION EMPTY_CERTIFICATE Alert(FATAL,UNEXPECTED_MESSAGE) FINISHED CHANGE_CIPHER_SPEC EMPTY_CERTIFICATE CERTIFICATE_VERIFY ECDH_CLIENT_HELLO Alert(WARNING,CLOSE_NOTIFY) CHANGE_CIPHER_SPEC CHANGE_CIPHER_SPEC EMPTY_CERTIFICATE FINISHED ECDH_CLIENT_KEY_EXCHANGE CERTIFICATE EMPTY_CERTIFICATE CHANGE_CIPHER_SPEC CHANGE_CIPHER_SPEC CERTIFICATE_VERIFY CERTIFICATE CERTIFICATE CERTIFICATE_VERIFY ECDH_CLIENT_KEY_EXCHANGE CHANGE_CIPHER_SPEC FINISHED ECDH_CLIENT_HELLO
Original output: HELLO_VERIFY_REQUEST SERVER_HELLO,CERTIFICATE,ECDHE_SERVER_KEY_EXCHANGE,CERTIFICATE_REQUEST,SERVER_HELLO_DONE TIMEOUT TIMEOUT Alert(FATAL,DECODE_ERROR) TIMEOUT TIMEOUT TIMEOUT TIMEOUT TIMEOUT TIMEOUT TIMEOUT TIMEOUT TIMEOUT TIMEOUT TIMEOUT TIMEOUT TIMEOUT TIMEOUT TIMEOUT TIMEOUT TIMEOUT TIMEOUT TIMEOUT TIMEOUT TIMEOUT TIMEOUT TIMEOUT TIMEOUT TIMEOUT TIMEOUT TIMEOUT
New output: HELLO_VERIFY_REQUEST SERVER_HELLO,CERTIFICATE,ECDHE_SERVER_KEY_EXCHANGE,CERTIFICATE_REQUEST,SERVER_HELLO_DONE TIMEOUT TIMEOUT TIMEOUT Alert(FATAL,UNEXPECTED_MESSAGE) TIMEOUT TIMEOUT TIMEOUT TIMEOUT TIMEOUT TIMEOUT TIMEOUT TIMEOUT TIMEOUT TIMEOUT TIMEOUT TIMEOUT TIMEOUT TIMEOUT TIMEOUT TIMEOUT TIMEOUT TIMEOUT TIMEOUT TIMEOUT TIMEOUT TIMEOUT TIMEOUT TIMEOUT TIMEOUT TIMEOUT
New CE status: not a CE
Output changed following CE verification
Input: ECDH_CLIENT_HELLO ECDH_CLIENT_HELLO CERTIFICATE ECDH_CLIENT_KEY_EXCHANGE CERTIFICATE_VERIFY ECDH_CLIENT_KEY_EXCHANGE CHANGE_CIPHER_SPEC ECDH_CLIENT_HELLO EMPTY_CERTIFICATE EMPTY_CERTIFICATE ECDH_CLIENT_HELLO
Original output: HELLO_VERIFY_REQUEST SERVER_HELLO,CERTIFICATE,ECDHE_SERVER_KEY_EXCHANGE,CERTIFICATE_REQUEST,SERVER_HELLO_DONE TIMEOUT TIMEOUT Alert(FATAL,DECODE_ERROR) TIMEOUT TIMEOUT TIMEOUT TIMEOUT TIMEOUT TIMEOUT
New output: HELLO_VERIFY_REQUEST SERVER_HELLO,CERTIFICATE,ECDHE_SERVER_KEY_EXCHANGE,CERTIFICATE_REQUEST,SERVER_HELLO_DONE TIMEOUT TIMEOUT TIMEOUT Alert(FATAL,UNEXPECTED_MESSAGE) TIMEOUT TIMEOUT TIMEOUT TIMEOUT TIMEOUT
New CE status: not a CE
Output changed following CE verification
Input: ECDH_CLIENT_HELLO ECDH_CLIENT_HELLO CERTIFICATE ECDH_CLIENT_KEY_EXCHANGE CERTIFICATE_VERIFY CHANGE_CIPHER_SPEC FINISHED ECDH_CLIENT_HELLO CERTIFICATE FINISHED CHANGE_CIPHER_SPEC CERTIFICATE_VERIFY CERTIFICATE_VERIFY Alert(FATAL,UNEXPECTED_MESSAGE) CHANGE_CIPHER_SPEC ECDH_CLIENT_HELLO ECDH_CLIENT_HELLO
Original output: HELLO_VERIFY_REQUEST SERVER_HELLO,CERTIFICATE,ECDHE_SERVER_KEY_EXCHANGE,CERTIFICATE_REQUEST,SERVER_HELLO_DONE TIMEOUT TIMEOUT Alert(FATAL,DECODE_ERROR) TIMEOUT TIMEOUT TIMEOUT TIMEOUT TIMEOUT TIMEOUT TIMEOUT TIMEOUT TIMEOUT TIMEOUT TIMEOUT TIMEOUT
New output: HELLO_VERIFY_REQUEST SERVER_HELLO,CERTIFICATE,ECDHE_SERVER_KEY_EXCHANGE,CERTIFICATE_REQUEST,SERVER_HELLO_DONE TIMEOUT TIMEOUT TIMEOUT TIMEOUT CHANGE_CIPHER_SPEC,FINISHED SERVER_HELLO,CERTIFICATE,ECDHE_SERVER_KEY_EXCHANGE,CERTIFICATE_REQUEST,SERVER_HELLO_DONE TIMEOUT Alert(FATAL,UNEXPECTED_MESSAGE) TIMEOUT TIMEOUT TIMEOUT TIMEOUT TIMEOUT TIMEOUT TIMEOUT
New CE status: not a CE
Output changed following CE verification
Input: ECDH_CLIENT_HELLO ECDH_CLIENT_HELLO CERTIFICATE ECDH_CLIENT_KEY_EXCHANGE CERTIFICATE_VERIFY CHANGE_CIPHER_SPEC FINISHED EMPTY_CERTIFICATE CERTIFICATE Alert(WARNING,CLOSE_NOTIFY) CERTIFICATE CERTIFICATE ECDH_CLIENT_HELLO ECDH_CLIENT_KEY_EXCHANGE ECDH_CLIENT_KEY_EXCHANGE FINISHED ECDH_CLIENT_HELLO CHANGE_CIPHER_SPEC Alert(FATAL,UNEXPECTED_MESSAGE) FINISHED ECDH_CLIENT_HELLO ECDH_CLIENT_KEY_EXCHANGE CHANGE_CIPHER_SPEC CHANGE_CIPHER_SPEC CERTIFICATE ECDH_CLIENT_HELLO CERTIFICATE_VERIFY ECDH_CLIENT_HELLO CHANGE_CIPHER_SPEC EMPTY_CERTIFICATE CERTIFICATE ECDH_CLIENT_KEY_EXCHANGE APPLICATION APPLICATION CERTIFICATE_VERIFY CERTIFICATE Alert(WARNING,CLOSE_NOTIFY) ECDH_CLIENT_HELLO
Original output: HELLO_VERIFY_REQUEST SERVER_HELLO,CERTIFICATE,ECDHE_SERVER_KEY_EXCHANGE,CERTIFICATE_REQUEST,SERVER_HELLO_DONE TIMEOUT TIMEOUT Alert(FATAL,DECODE_ERROR) TIMEOUT TIMEOUT TIMEOUT TIMEOUT TIMEOUT TIMEOUT TIMEOUT TIMEOUT TIMEOUT TIMEOUT TIMEOUT TIMEOUT TIMEOUT TIMEOUT TIMEOUT TIMEOUT TIMEOUT TIMEOUT TIMEOUT TIMEOUT TIMEOUT TIMEOUT TIMEOUT TIMEOUT TIMEOUT TIMEOUT TIMEOUT TIMEOUT TIMEOUT TIMEOUT TIMEOUT TIMEOUT TIMEOUT
New output: HELLO_VERIFY_REQUEST SERVER_HELLO,CERTIFICATE,ECDHE_SERVER_KEY_EXCHANGE,CERTIFICATE_REQUEST,SERVER_HELLO_DONE TIMEOUT TIMEOUT TIMEOUT TIMEOUT CHANGE_CIPHER_SPEC,FINISHED TIMEOUT TIMEOUT Alert(FATAL,CLOSE_NOTIFY) TIMEOUT TIMEOUT TIMEOUT TIMEOUT TIMEOUT TIMEOUT TIMEOUT TIMEOUT TIMEOUT TIMEOUT TIMEOUT TIMEOUT TIMEOUT TIMEOUT TIMEOUT TIMEOUT TIMEOUT TIMEOUT TIMEOUT TIMEOUT TIMEOUT TIMEOUT TIMEOUT TIMEOUT TIMEOUT TIMEOUT TIMEOUT TIMEOUT
New CE status: not a CE
Output changed following CE verification
Input: ECDH_CLIENT_HELLO ECDH_CLIENT_HELLO CERTIFICATE ECDH_CLIENT_KEY_EXCHANGE CERTIFICATE_VERIFY CHANGE_CIPHER_SPEC FINISHED ECDH_CLIENT_HELLO CERTIFICATE ECDH_CLIENT_KEY_EXCHANGE Alert(WARNING,CLOSE_NOTIFY) ECDH_CLIENT_KEY_EXCHANGE CERTIFICATE EMPTY_CERTIFICATE EMPTY_CERTIFICATE FINISHED ECDH_CLIENT_KEY_EXCHANGE EMPTY_CERTIFICATE ECDH_CLIENT_HELLO CHANGE_CIPHER_SPEC APPLICATION ECDH_CLIENT_KEY_EXCHANGE CERTIFICATE_VERIFY CERTIFICATE Alert(FATAL,UNEXPECTED_MESSAGE) ECDH_CLIENT_HELLO CERTIFICATE_VERIFY Alert(WARNING,CLOSE_NOTIFY) CERTIFICATE_VERIFY CERTIFICATE Alert(WARNING,CLOSE_NOTIFY) ECDH_CLIENT_HELLO
Original output: HELLO_VERIFY_REQUEST SERVER_HELLO,CERTIFICATE,ECDHE_SERVER_KEY_EXCHANGE,CERTIFICATE_REQUEST,SERVER_HELLO_DONE TIMEOUT TIMEOUT Alert(FATAL,DECODE_ERROR) TIMEOUT TIMEOUT TIMEOUT TIMEOUT TIMEOUT TIMEOUT TIMEOUT TIMEOUT TIMEOUT TIMEOUT TIMEOUT TIMEOUT TIMEOUT TIMEOUT TIMEOUT TIMEOUT TIMEOUT TIMEOUT TIMEOUT TIMEOUT TIMEOUT TIMEOUT TIMEOUT TIMEOUT TIMEOUT TIMEOUT TIMEOUT
New output: HELLO_VERIFY_REQUEST SERVER_HELLO,CERTIFICATE,ECDHE_SERVER_KEY_EXCHANGE,CERTIFICATE_REQUEST,SERVER_HELLO_DONE TIMEOUT TIMEOUT TIMEOUT TIMEOUT CHANGE_CIPHER_SPEC,FINISHED SERVER_HELLO,CERTIFICATE,ECDHE_SERVER_KEY_EXCHANGE,CERTIFICATE_REQUEST,SERVER_HELLO_DONE TIMEOUT TIMEOUT Alert(FATAL,CLOSE_NOTIFY) TIMEOUT TIMEOUT TIMEOUT TIMEOUT TIMEOUT TIMEOUT TIMEOUT TIMEOUT TIMEOUT TIMEOUT TIMEOUT TIMEOUT TIMEOUT TIMEOUT TIMEOUT TIMEOUT TIMEOUT TIMEOUT TIMEOUT TIMEOUT TIMEOUT
New CE status: not a CE
Output changed following CE verification
Input: ECDH_CLIENT_HELLO ECDH_CLIENT_HELLO CERTIFICATE ECDH_CLIENT_KEY_EXCHANGE CERTIFICATE_VERIFY CHANGE_CIPHER_SPEC FINISHED EMPTY_CERTIFICATE Alert(WARNING,CLOSE_NOTIFY) ECDH_CLIENT_HELLO
Original output: HELLO_VERIFY_REQUEST SERVER_HELLO,CERTIFICATE,ECDHE_SERVER_KEY_EXCHANGE,CERTIFICATE_REQUEST,SERVER_HELLO_DONE TIMEOUT TIMEOUT Alert(FATAL,DECODE_ERROR) TIMEOUT TIMEOUT TIMEOUT TIMEOUT TIMEOUT
New output: HELLO_VERIFY_REQUEST SERVER_HELLO,CERTIFICATE,ECDHE_SERVER_KEY_EXCHANGE,CERTIFICATE_REQUEST,SERVER_HELLO_DONE TIMEOUT TIMEOUT TIMEOUT TIMEOUT CHANGE_CIPHER_SPEC,FINISHED TIMEOUT Alert(FATAL,CLOSE_NOTIFY) TIMEOUT
New CE status: not a CE
Output changed following CE verification
Input: ECDH_CLIENT_HELLO ECDH_CLIENT_HELLO CERTIFICATE ECDH_CLIENT_KEY_EXCHANGE CERTIFICATE_VERIFY CHANGE_CIPHER_SPEC FINISHED Alert(FATAL,UNEXPECTED_MESSAGE) ECDH_CLIENT_HELLO ECDH_CLIENT_HELLO
Original output: HELLO_VERIFY_REQUEST SERVER_HELLO,CERTIFICATE,ECDHE_SERVER_KEY_EXCHANGE,CERTIFICATE_REQUEST,SERVER_HELLO_DONE TIMEOUT TIMEOUT Alert(FATAL,DECODE_ERROR) TIMEOUT TIMEOUT TIMEOUT TIMEOUT TIMEOUT
New output: HELLO_VERIFY_REQUEST SERVER_HELLO,CERTIFICATE,ECDHE_SERVER_KEY_EXCHANGE,CERTIFICATE_REQUEST,SERVER_HELLO_DONE TIMEOUT TIMEOUT TIMEOUT TIMEOUT CHANGE_CIPHER_SPEC,FINISHED TIMEOUT TIMEOUT TIMEOUT
New CE status: not a CE
Output changed following CE verification
Input: ECDH_CLIENT_HELLO ECDH_CLIENT_HELLO CERTIFICATE ECDH_CLIENT_KEY_EXCHANGE CERTIFICATE_VERIFY CHANGE_CIPHER_SPEC FINISHED ECDH_CLIENT_HELLO CERTIFICATE ECDH_CLIENT_KEY_EXCHANGE CERTIFICATE_VERIFY ECDH_CLIENT_HELLO CERTIFICATE_VERIFY Alert(WARNING,CLOSE_NOTIFY) ECDH_CLIENT_HELLO
Original output: HELLO_VERIFY_REQUEST SERVER_HELLO,CERTIFICATE,ECDHE_SERVER_KEY_EXCHANGE,CERTIFICATE_REQUEST,SERVER_HELLO_DONE TIMEOUT TIMEOUT TIMEOUT TIMEOUT CHANGE_CIPHER_SPEC,FINISHED SERVER_HELLO,CERTIFICATE,ECDHE_SERVER_KEY_EXCHANGE,CERTIFICATE_REQUEST,SERVER_HELLO_DONE TIMEOUT TIMEOUT Alert(FATAL,DECODE_ERROR) TIMEOUT TIMEOUT TIMEOUT TIMEOUT
New output: HELLO_VERIFY_REQUEST SERVER_HELLO,CERTIFICATE,ECDHE_SERVER_KEY_EXCHANGE,CERTIFICATE_REQUEST,SERVER_HELLO_DONE TIMEOUT TIMEOUT TIMEOUT TIMEOUT CHANGE_CIPHER_SPEC,FINISHED SERVER_HELLO,CERTIFICATE,ECDHE_SERVER_KEY_EXCHANGE,CERTIFICATE_REQUEST,SERVER_HELLO_DONE TIMEOUT TIMEOUT TIMEOUT Alert(FATAL,UNEXPECTED_MESSAGE) TIMEOUT TIMEOUT TIMEOUT
New CE status: not a CE
