Output changed following CE verification
Input: DH_CLIENT_KEY_EXCHANGE RSA_CLIENT_HELLO CERTIFICATE_VERIFY CERTIFICATE RSA_CLIENT_KEY_EXCHANGE RSA_CLIENT_HELLO Alert(WARNING,CLOSE_NOTIFY) ECDH_CLIENT_KEY_EXCHANGE ECDH_CLIENT_HELLO ECDH_CLIENT_KEY_EXCHANGE ECDH_CLIENT_HELLO
Original output: UNKNOWN SOCKET_CLOSED SOCKET_CLOSED SOCKET_CLOSED SOCKET_CLOSED SOCKET_CLOSED SOCKET_CLOSED SOCKET_CLOSED SOCKET_CLOSED SOCKET_CLOSED SOCKET_CLOSED
New output: TIMEOUT HELLO_VERIFY_REQUEST TIMEOUT TIMEOUT TIMEOUT HELLO_VERIFY_REQUEST TIMEOUT TIMEOUT HELLO_VERIFY_REQUEST TIMEOUT HELLO_VERIFY_REQUEST
New CE status: not a CE
Output changed following CE verification
Input: DH_CLIENT_KEY_EXCHANGE ECDH_CLIENT_HELLO DH_CLIENT_KEY_EXCHANGE ECDH_CLIENT_HELLO EMPTY_CERTIFICATE Alert(FATAL,UNEXPECTED_MESSAGE) FINISHED DH_CLIENT_HELLO FINISHED DH_CLIENT_KEY_EXCHANGE Alert(WARNING,CLOSE_NOTIFY) RSA_CLIENT_HELLO CERTIFICATE_VERIFY ECDH_CLIENT_KEY_EXCHANGE DH_CLIENT_HELLO
Original output: UNKNOWN SOCKET_CLOSED SOCKET_CLOSED SOCKET_CLOSED SOCKET_CLOSED SOCKET_CLOSED SOCKET_CLOSED SOCKET_CLOSED SOCKET_CLOSED SOCKET_CLOSED SOCKET_CLOSED SOCKET_CLOSED SOCKET_CLOSED SOCKET_CLOSED SOCKET_CLOSED
New output: TIMEOUT HELLO_VERIFY_REQUEST TIMEOUT HELLO_VERIFY_REQUEST TIMEOUT TIMEOUT TIMEOUT HELLO_VERIFY_REQUEST TIMEOUT TIMEOUT TIMEOUT HELLO_VERIFY_REQUEST TIMEOUT TIMEOUT HELLO_VERIFY_REQUEST
New CE status: not a CE
Output changed following CE verification
Input: ECDH_CLIENT_HELLO DH_CLIENT_KEY_EXCHANGE FINISHED RSA_CLIENT_HELLO DH_CLIENT_HELLO RSA_CLIENT_HELLO RSA_CLIENT_KEY_EXCHANGE DH_CLIENT_HELLO ECDH_CLIENT_HELLO RSA_CLIENT_KEY_EXCHANGE FINISHED APPLICATION Alert(FATAL,UNEXPECTED_MESSAGE) ECDH_CLIENT_KEY_EXCHANGE CERTIFICATE_VERIFY CHANGE_CIPHER_SPEC FINISHED
Original output: CLIENT_HELLO SOCKET_CLOSED SOCKET_CLOSED SOCKET_CLOSED SOCKET_CLOSED SOCKET_CLOSED SOCKET_CLOSED SOCKET_CLOSED SOCKET_CLOSED SOCKET_CLOSED SOCKET_CLOSED SOCKET_CLOSED SOCKET_CLOSED SOCKET_CLOSED SOCKET_CLOSED SOCKET_CLOSED SOCKET_CLOSED
New output: HELLO_VERIFY_REQUEST TIMEOUT TIMEOUT HELLO_VERIFY_REQUEST HELLO_VERIFY_REQUEST HELLO_VERIFY_REQUEST TIMEOUT HELLO_VERIFY_REQUEST HELLO_VERIFY_REQUEST TIMEOUT TIMEOUT Alert(FATAL,UNEXPECTED_MESSAGE) TIMEOUT TIMEOUT TIMEOUT TIMEOUT TIMEOUT
New CE status: not a CE
Output inconsistent with cache, discarding it and returning automaton output
Input: RSA_CLIENT_HELLO RSA_CLIENT_HELLO CERTIFICATE CHANGE_CIPHER_SPEC ECDH_CLIENT_HELLO
Spurious output: TIMEOUT SOCKET_CLOSED SOCKET_CLOSED SOCKET_CLOSED SOCKET_CLOSED SOCKET_CLOSED SOCKET_CLOSED SOCKET_CLOSED SOCKET_CLOSED
Cached output: HELLO_VERIFY_REQUEST SERVER_HELLO,CERTIFICATE,CERTIFICATE_REQUEST,SERVER_HELLO_DONE TIMEOUT SERVER_HELLO TIMEOUT
Output inconsistent with cache, discarding it and returning automaton output
Input: RSA_CLIENT_HELLO RSA_CLIENT_HELLO CERTIFICATE CERTIFICATE DH_CLIENT_HELLO ECDH_CLIENT_KEY_EXCHANGE
Spurious output: TIMEOUT SOCKET_CLOSED SOCKET_CLOSED SOCKET_CLOSED SOCKET_CLOSED SOCKET_CLOSED SOCKET_CLOSED SOCKET_CLOSED SOCKET_CLOSED SOCKET_CLOSED SOCKET_CLOSED SOCKET_CLOSED SOCKET_CLOSED SOCKET_CLOSED SOCKET_CLOSED SOCKET_CLOSED SOCKET_CLOSED SOCKET_CLOSED SOCKET_CLOSED SOCKET_CLOSED SOCKET_CLOSED SOCKET_CLOSED SOCKET_CLOSED SOCKET_CLOSED SOCKET_CLOSED SOCKET_CLOSED SOCKET_CLOSED SOCKET_CLOSED SOCKET_CLOSED SOCKET_CLOSED SOCKET_CLOSED SOCKET_CLOSED SOCKET_CLOSED SOCKET_CLOSED SOCKET_CLOSED SOCKET_CLOSED SOCKET_CLOSED SOCKET_CLOSED SOCKET_CLOSED SOCKET_CLOSED SOCKET_CLOSED SOCKET_CLOSED SOCKET_CLOSED SOCKET_CLOSED SOCKET_CLOSED SOCKET_CLOSED SOCKET_CLOSED SOCKET_CLOSED SOCKET_CLOSED SOCKET_CLOSED SOCKET_CLOSED SOCKET_CLOSED
Cached output: HELLO_VERIFY_REQUEST SERVER_HELLO,CERTIFICATE,CERTIFICATE_REQUEST,SERVER_HELLO_DONE TIMEOUT TIMEOUT HELLO_VERIFY_REQUEST TIMEOUT
Output inconsistent with cache, discarding it and returning automaton output
Input: DH_CLIENT_HELLO DH_CLIENT_HELLO CERTIFICATE DH_CLIENT_HELLO
Spurious output: TIMEOUT SOCKET_CLOSED SOCKET_CLOSED SOCKET_CLOSED SOCKET_CLOSED SOCKET_CLOSED SOCKET_CLOSED SOCKET_CLOSED SOCKET_CLOSED SOCKET_CLOSED SOCKET_CLOSED SOCKET_CLOSED SOCKET_CLOSED SOCKET_CLOSED SOCKET_CLOSED SOCKET_CLOSED SOCKET_CLOSED SOCKET_CLOSED SOCKET_CLOSED SOCKET_CLOSED SOCKET_CLOSED SOCKET_CLOSED SOCKET_CLOSED SOCKET_CLOSED SOCKET_CLOSED SOCKET_CLOSED SOCKET_CLOSED SOCKET_CLOSED
Cached output: HELLO_VERIFY_REQUEST SERVER_HELLO,CERTIFICATE,DHE_SERVER_KEY_EXCHANGE,CERTIFICATE_REQUEST,SERVER_HELLO_DONE TIMEOUT TIMEOUT
Output inconsistent with cache, discarding it and returning automaton output
Input: DH_CLIENT_HELLO DH_CLIENT_HELLO CERTIFICATE RSA_CLIENT_KEY_EXCHANGE CERTIFICATE_VERIFY FINISHED
Spurious output: TIMEOUT SOCKET_CLOSED SOCKET_CLOSED SOCKET_CLOSED SOCKET_CLOSED SOCKET_CLOSED SOCKET_CLOSED SOCKET_CLOSED SOCKET_CLOSED SOCKET_CLOSED SOCKET_CLOSED SOCKET_CLOSED
Cached output: HELLO_VERIFY_REQUEST SERVER_HELLO,CERTIFICATE,DHE_SERVER_KEY_EXCHANGE,CERTIFICATE_REQUEST,SERVER_HELLO_DONE TIMEOUT TIMEOUT TIMEOUT TIMEOUT
Output inconsistent with cache, discarding it and returning automaton output
Input: RSA_CLIENT_HELLO RSA_CLIENT_HELLO CHANGE_CIPHER_SPEC
Spurious output: TIMEOUT SOCKET_CLOSED SOCKET_CLOSED SOCKET_CLOSED SOCKET_CLOSED SOCKET_CLOSED SOCKET_CLOSED SOCKET_CLOSED SOCKET_CLOSED SOCKET_CLOSED SOCKET_CLOSED SOCKET_CLOSED SOCKET_CLOSED SOCKET_CLOSED SOCKET_CLOSED SOCKET_CLOSED SOCKET_CLOSED SOCKET_CLOSED SOCKET_CLOSED SOCKET_CLOSED SOCKET_CLOSED SOCKET_CLOSED SOCKET_CLOSED SOCKET_CLOSED SOCKET_CLOSED SOCKET_CLOSED SOCKET_CLOSED SOCKET_CLOSED SOCKET_CLOSED SOCKET_CLOSED SOCKET_CLOSED SOCKET_CLOSED SOCKET_CLOSED SOCKET_CLOSED SOCKET_CLOSED SOCKET_CLOSED SOCKET_CLOSED SOCKET_CLOSED SOCKET_CLOSED
Cached output: HELLO_VERIFY_REQUEST SERVER_HELLO,CERTIFICATE,CERTIFICATE_REQUEST,SERVER_HELLO_DONE SERVER_HELLO
Output changed following CE verification
Input: CHANGE_CIPHER_SPEC CERTIFICATE FINISHED CHANGE_CIPHER_SPEC EMPTY_CERTIFICATE Alert(FATAL,UNEXPECTED_MESSAGE) ECDH_CLIENT_KEY_EXCHANGE RSA_CLIENT_HELLO ECDH_CLIENT_KEY_EXCHANGE ECDH_CLIENT_HELLO APPLICATION FINISHED ECDH_CLIENT_HELLO
Original output: TIMEOUT SOCKET_CLOSED SOCKET_CLOSED SOCKET_CLOSED SOCKET_CLOSED SOCKET_CLOSED SOCKET_CLOSED SOCKET_CLOSED SOCKET_CLOSED SOCKET_CLOSED SOCKET_CLOSED SOCKET_CLOSED SOCKET_CLOSED
New output: TIMEOUT TIMEOUT TIMEOUT TIMEOUT TIMEOUT TIMEOUT TIMEOUT TIMEOUT TIMEOUT TIMEOUT TIMEOUT TIMEOUT TIMEOUT
New CE status: not a CE
Output inconsistent with cache, discarding it and returning automaton output
Input: ECDH_CLIENT_HELLO RSA_CLIENT_KEY_EXCHANGE ECDH_CLIENT_HELLO
Spurious output: TIMEOUT SOCKET_CLOSED SOCKET_CLOSED SOCKET_CLOSED SOCKET_CLOSED
Cached output: HELLO_VERIFY_REQUEST TIMEOUT SERVER_HELLO,CERTIFICATE,ECDHE_SERVER_KEY_EXCHANGE,CERTIFICATE_REQUEST,SERVER_HELLO_DONE
Output inconsistent with cache, discarding it and returning automaton output
Input: ECDH_CLIENT_HELLO RSA_CLIENT_KEY_EXCHANGE
Spurious output: TIMEOUT SOCKET_CLOSED SOCKET_CLOSED
Cached output: HELLO_VERIFY_REQUEST TIMEOUT
Output inconsistent with cache, discarding it and returning automaton output
Input: ECDH_CLIENT_HELLO RSA_CLIENT_KEY_EXCHANGE
Spurious output: TIMEOUT SOCKET_CLOSED SOCKET_CLOSED SOCKET_CLOSED SOCKET_CLOSED
Cached output: HELLO_VERIFY_REQUEST TIMEOUT
Output changed following CE verification
Input: ECDH_CLIENT_HELLO RSA_CLIENT_KEY_EXCHANGE DH_CLIENT_KEY_EXCHANGE ECDH_CLIENT_HELLO
Original output: TIMEOUT SOCKET_CLOSED SOCKET_CLOSED SOCKET_CLOSED
New output: HELLO_VERIFY_REQUEST TIMEOUT TIMEOUT SERVER_HELLO,CERTIFICATE,ECDHE_SERVER_KEY_EXCHANGE,CERTIFICATE_REQUEST,SERVER_HELLO_DONE
New CE status: not a CE
