Non-determinism detected
full input:
ClientHelloWord{suite=TLS_RSA_WITH_AES_128_GCM_SHA256}
full new output:
ResponseFingerprint[Exception=true, Encrypted=false, #Records=0, #Messages=0, RecordClasses=[], MessageClasses=[], Messages=[], Reccords=[], NetworkState=null]
old output:
ResponseFingerprint[Exception=false, Encrypted=false, #Records=1, #Messages=1, RecordClasses=[Record,], MessageClasses=[HelloVerifyRequestMessage,], Messages=[HELLO_VERIFY_REQUEST,], Reccords=[Record{contentType=ModifiableByte{originalValue=22}, protocolVersion=Original byte value is: FE FF, length=ModifiableInteger{originalValue=31}},], NetworkState=null]
Retrying inputs 5 times to confirm non-determinism
Non-determinism could not be confirmed. Learning can continue
Non-determinism detected
full input:
ChangeCipherSpecWord{}
full new output:
ResponseFingerprint[Exception=true, Encrypted=false, #Records=0, #Messages=0, RecordClasses=[], MessageClasses=[], Messages=[], Reccords=[], NetworkState=null]
old output:
ResponseFingerprint[Exception=false, Encrypted=false, #Records=1, #Messages=1, RecordClasses=[Record,], MessageClasses=[HelloVerifyRequestMessage,], Messages=[HELLO_VERIFY_REQUEST,], Reccords=[Record{contentType=ModifiableByte{originalValue=22}, protocolVersion=Original byte value is: FE FF, length=ModifiableInteger{originalValue=31}},], NetworkState=null]
Retrying inputs 5 times to confirm non-determinism
Non-determinism could not be confirmed. Learning can continue
Non-determinism detected
full input:
ClientHelloWord{suite=TLS_RSA_WITH_AES_128_GCM_SHA256} ClientHelloWord{suite=TLS_RSA_WITH_AES_128_GCM_SHA256} ClientHelloWord{suite=TLS_RSA_WITH_AES_128_GCM_SHA256} ClientHelloWord{suite=TLS_RSA_WITH_AES_128_GCM_SHA256}
full new output:
ResponseFingerprint[Exception=false, Encrypted=false, #Records=1, #Messages=1, RecordClasses=[Record,], MessageClasses=[HelloVerifyRequestMessage,], Messages=[HELLO_VERIFY_REQUEST,], Reccords=[Record{contentType=ModifiableByte{originalValue=22}, protocolVersion=Original byte value is: FE FF, length=ModifiableInteger{originalValue=31}},], NetworkState=null] ResponseFingerprint[Exception=false, Encrypted=false, #Records=3, #Messages=3, RecordClasses=[Record,Record,Record,], MessageClasses=[ServerHelloMessage,CertificateMessage,ServerHelloDoneMessage,], Messages=[SERVER_HELLO,CERTIFICATE,SERVER_HELLO_DONE,], Reccords=[Record{contentType=ModifiableByte{originalValue=22}, protocolVersion=Original byte value is: FE FD, length=ModifiableInteger{originalValue=89}},Record{contentType=ModifiableByte{originalValue=22}, protocolVersion=Original byte value is: FE FD, length=ModifiableInteger{originalValue=857}},Record{contentType=ModifiableByte{originalValue=22}, protocolVersion=Original byte value is: FE FD, length=ModifiableInteger{originalValue=12}},], NetworkState=null] ResponseFingerprint[Exception=false, Encrypted=false, #Records=0, #Messages=0, RecordClasses=[], MessageClasses=[], Messages=[], Reccords=[], NetworkState=null] ResponseFingerprint[Exception=false, Encrypted=false, #Records=0, #Messages=0, RecordClasses=[], MessageClasses=[], Messages=[], Reccords=[], NetworkState=null]
old output:
ResponseFingerprint[Exception=false, Encrypted=false, #Records=1, #Messages=1, RecordClasses=[Record,], MessageClasses=[HelloVerifyRequestMessage,], Messages=[HELLO_VERIFY_REQUEST,], Reccords=[Record{contentType=ModifiableByte{originalValue=22}, protocolVersion=Original byte value is: FE FF, length=ModifiableInteger{originalValue=31}},], NetworkState=null] ResponseFingerprint[Exception=false, Encrypted=false, #Records=3, #Messages=3, RecordClasses=[Record,Record,Record,], MessageClasses=[ServerHelloMessage,CertificateMessage,ServerHelloDoneMessage,], Messages=[SERVER_HELLO,CERTIFICATE,SERVER_HELLO_DONE,], Reccords=[Record{contentType=ModifiableByte{originalValue=22}, protocolVersion=Original byte value is: FE FD, length=ModifiableInteger{originalValue=89}},Record{contentType=ModifiableByte{originalValue=22}, protocolVersion=Original byte value is: FE FD, length=ModifiableInteger{originalValue=857}},Record{contentType=ModifiableByte{originalValue=22}, protocolVersion=Original byte value is: FE FD, length=ModifiableInteger{originalValue=12}},], NetworkState=null] ResponseFingerprint[Exception=false, Encrypted=false, #Records=0, #Messages=0, RecordClasses=[], MessageClasses=[], Messages=[], Reccords=[], NetworkState=null] ResponseFingerprint[Exception=false, Encrypted=false, #Records=3, #Messages=3, RecordClasses=[Record,Record,Record,], MessageClasses=[ServerHelloMessage,CertificateMessage,ServerHelloDoneMessage,], Messages=[SERVER_HELLO,CERTIFICATE,SERVER_HELLO_DONE,], Reccords=[Record{contentType=ModifiableByte{originalValue=22}, protocolVersion=Original byte value is: FE FD, length=ModifiableInteger{originalValue=89}},Record{contentType=ModifiableByte{originalValue=22}, protocolVersion=Original byte value is: FE FD, length=ModifiableInteger{originalValue=857}},Record{contentType=ModifiableByte{originalValue=22}, protocolVersion=Original byte value is: FE FD, length=ModifiableInteger{originalValue=12}},], NetworkState=null]
Retrying inputs 5 times to confirm non-determinism
Non-determinism could not be confirmed. Learning can continue
Non-determinism detected
full input:
ChangeCipherSpecWord{}
full new output:
ResponseFingerprint[Exception=true, Encrypted=false, #Records=0, #Messages=0, RecordClasses=[], MessageClasses=[], Messages=[], Reccords=[], NetworkState=null]
old output:
ResponseFingerprint[Exception=false, Encrypted=false, #Records=1, #Messages=1, RecordClasses=[Record,], MessageClasses=[HelloVerifyRequestMessage,], Messages=[HELLO_VERIFY_REQUEST,], Reccords=[Record{contentType=ModifiableByte{originalValue=22}, protocolVersion=Original byte value is: FE FF, length=ModifiableInteger{originalValue=31}},], NetworkState=null]
Retrying inputs 5 times to confirm non-determinism
Non-determinism could not be confirmed. Learning can continue
Non-determinism detected
full input:
ClientHelloWord{suite=TLS_RSA_WITH_AES_128_GCM_SHA256}
full new output:
ResponseFingerprint[Exception=true, Encrypted=false, #Records=0, #Messages=0, RecordClasses=[], MessageClasses=[], Messages=[], Reccords=[], NetworkState=null]
old output:
ResponseFingerprint[Exception=false, Encrypted=false, #Records=1, #Messages=1, RecordClasses=[Record,], MessageClasses=[HelloVerifyRequestMessage,], Messages=[HELLO_VERIFY_REQUEST,], Reccords=[Record{contentType=ModifiableByte{originalValue=22}, protocolVersion=Original byte value is: FE FF, length=ModifiableInteger{originalValue=31}},], NetworkState=null]
Retrying inputs 5 times to confirm non-determinism
Non-determinism could not be confirmed. Learning can continue
Non-determinism detected
full input:
ClientHelloWord{suite=TLS_RSA_WITH_AES_128_GCM_SHA256} GenericMessageWord{message=RSA_CLIENT_KEY_EXCHANGE} FinishedWord{} ClientHelloWord{suite=TLS_RSA_WITH_AES_128_GCM_SHA256} FinishedWord{} ClientHelloWord{suite=TLS_RSA_WITH_AES_128_GCM_SHA256}
full new output:
ResponseFingerprint[Exception=false, Encrypted=false, #Records=1, #Messages=1, RecordClasses=[Record,], MessageClasses=[HelloVerifyRequestMessage,], Messages=[HELLO_VERIFY_REQUEST,], Reccords=[Record{contentType=ModifiableByte{originalValue=22}, protocolVersion=Original byte value is: FE FF, length=ModifiableInteger{originalValue=31}},], NetworkState=null] ResponseFingerprint[Exception=false, Encrypted=false, #Records=1, #Messages=1, RecordClasses=[Record,], MessageClasses=[HelloVerifyRequestMessage,], Messages=[HELLO_VERIFY_REQUEST,], Reccords=[Record{contentType=ModifiableByte{originalValue=22}, protocolVersion=Original byte value is: FE FF, length=ModifiableInteger{originalValue=31}},], NetworkState=null] ResponseFingerprint[Exception=false, Encrypted=false, #Records=1, #Messages=1, RecordClasses=[Record,], MessageClasses=[HelloVerifyRequestMessage,], Messages=[HELLO_VERIFY_REQUEST,], Reccords=[Record{contentType=ModifiableByte{originalValue=22}, protocolVersion=Original byte value is: FE FF, length=ModifiableInteger{originalValue=31}},], NetworkState=null] ResponseFingerprint[Exception=false, Encrypted=false, #Records=3, #Messages=3, RecordClasses=[Record,Record,Record,], MessageClasses=[ServerHelloMessage,CertificateMessage,ServerHelloDoneMessage,], Messages=[SERVER_HELLO,CERTIFICATE,SERVER_HELLO_DONE,], Reccords=[Record{contentType=ModifiableByte{originalValue=22}, protocolVersion=Original byte value is: FE FD, length=ModifiableInteger{originalValue=89}},Record{contentType=ModifiableByte{originalValue=22}, protocolVersion=Original byte value is: FE FD, length=ModifiableInteger{originalValue=857}},Record{contentType=ModifiableByte{originalValue=22}, protocolVersion=Original byte value is: FE FD, length=ModifiableInteger{originalValue=12}},], NetworkState=null] ResponseFingerprint[Exception=false, Encrypted=false, #Records=0, #Messages=0, RecordClasses=[], MessageClasses=[], Messages=[], Reccords=[], NetworkState=null] ResponseFingerprint[Exception=false, Encrypted=false, #Records=0, #Messages=0, RecordClasses=[], MessageClasses=[], Messages=[], Reccords=[], NetworkState=null]
old output:
ResponseFingerprint[Exception=false, Encrypted=false, #Records=1, #Messages=1, RecordClasses=[Record,], MessageClasses=[HelloVerifyRequestMessage,], Messages=[HELLO_VERIFY_REQUEST,], Reccords=[Record{contentType=ModifiableByte{originalValue=22}, protocolVersion=Original byte value is: FE FF, length=ModifiableInteger{originalValue=31}},], NetworkState=null] ResponseFingerprint[Exception=false, Encrypted=false, #Records=1, #Messages=1, RecordClasses=[Record,], MessageClasses=[HelloVerifyRequestMessage,], Messages=[HELLO_VERIFY_REQUEST,], Reccords=[Record{contentType=ModifiableByte{originalValue=22}, protocolVersion=Original byte value is: FE FF, length=ModifiableInteger{originalValue=31}},], NetworkState=null] ResponseFingerprint[Exception=false, Encrypted=false, #Records=1, #Messages=1, RecordClasses=[Record,], MessageClasses=[HelloVerifyRequestMessage,], Messages=[HELLO_VERIFY_REQUEST,], Reccords=[Record{contentType=ModifiableByte{originalValue=22}, protocolVersion=Original byte value is: FE FF, length=ModifiableInteger{originalValue=31}},], NetworkState=null] ResponseFingerprint[Exception=false, Encrypted=false, #Records=3, #Messages=3, RecordClasses=[Record,Record,Record,], MessageClasses=[ServerHelloMessage,CertificateMessage,ServerHelloDoneMessage,], Messages=[SERVER_HELLO,CERTIFICATE,SERVER_HELLO_DONE,], Reccords=[Record{contentType=ModifiableByte{originalValue=22}, protocolVersion=Original byte value is: FE FD, length=ModifiableInteger{originalValue=89}},Record{contentType=ModifiableByte{originalValue=22}, protocolVersion=Original byte value is: FE FD, length=ModifiableInteger{originalValue=857}},Record{contentType=ModifiableByte{originalValue=22}, protocolVersion=Original byte value is: FE FD, length=ModifiableInteger{originalValue=12}},], NetworkState=null] ResponseFingerprint[Exception=false, Encrypted=false, #Records=0, #Messages=0, RecordClasses=[], MessageClasses=[], Messages=[], Reccords=[], NetworkState=null] ResponseFingerprint[Exception=false, Encrypted=false, #Records=3, #Messages=3, RecordClasses=[Record,Record,Record,], MessageClasses=[ServerHelloMessage,CertificateMessage,ServerHelloDoneMessage,], Messages=[SERVER_HELLO,CERTIFICATE,SERVER_HELLO_DONE,], Reccords=[Record{contentType=ModifiableByte{originalValue=22}, protocolVersion=Original byte value is: FE FD, length=ModifiableInteger{originalValue=89}},Record{contentType=ModifiableByte{originalValue=22}, protocolVersion=Original byte value is: FE FD, length=ModifiableInteger{originalValue=857}},Record{contentType=ModifiableByte{originalValue=22}, protocolVersion=Original byte value is: FE FD, length=ModifiableInteger{originalValue=12}},], NetworkState=null]
Retrying inputs 5 times to confirm non-determinism
Non-determinism could not be confirmed. Learning can continue
Non-determinism detected
full input:
ClientHelloWord{suite=TLS_RSA_WITH_AES_128_GCM_SHA256} GenericMessageWord{message=RSA_CLIENT_KEY_EXCHANGE} FinishedWord{} ClientHelloWord{suite=TLS_RSA_WITH_AES_128_GCM_SHA256} FinishedWord{} GenericMessageWord{message=RSA_CLIENT_KEY_EXCHANGE} GenericMessageWord{message=RSA_CLIENT_KEY_EXCHANGE} ClientHelloWord{suite=TLS_RSA_WITH_AES_128_GCM_SHA256} ClientHelloWord{suite=TLS_RSA_WITH_AES_128_GCM_SHA256} ClientHelloWord{suite=TLS_RSA_WITH_AES_128_GCM_SHA256} ClientHelloWord{suite=TLS_RSA_WITH_AES_128_GCM_SHA256} ClientHelloWord{suite=TLS_RSA_WITH_AES_128_GCM_SHA256}
full new output:
ResponseFingerprint[Exception=false, Encrypted=false, #Records=1, #Messages=1, RecordClasses=[Record,], MessageClasses=[HelloVerifyRequestMessage,], Messages=[HELLO_VERIFY_REQUEST,], Reccords=[Record{contentType=ModifiableByte{originalValue=22}, protocolVersion=Original byte value is: FE FF, length=ModifiableInteger{originalValue=31}},], NetworkState=null] ResponseFingerprint[Exception=false, Encrypted=false, #Records=1, #Messages=1, RecordClasses=[Record,], MessageClasses=[HelloVerifyRequestMessage,], Messages=[HELLO_VERIFY_REQUEST,], Reccords=[Record{contentType=ModifiableByte{originalValue=22}, protocolVersion=Original byte value is: FE FF, length=ModifiableInteger{originalValue=31}},], NetworkState=null] ResponseFingerprint[Exception=false, Encrypted=false, #Records=1, #Messages=1, RecordClasses=[Record,], MessageClasses=[HelloVerifyRequestMessage,], Messages=[HELLO_VERIFY_REQUEST,], Reccords=[Record{contentType=ModifiableByte{originalValue=22}, protocolVersion=Original byte value is: FE FF, length=ModifiableInteger{originalValue=31}},], NetworkState=null] ResponseFingerprint[Exception=false, Encrypted=false, #Records=3, #Messages=3, RecordClasses=[Record,Record,Record,], MessageClasses=[ServerHelloMessage,CertificateMessage,ServerHelloDoneMessage,], Messages=[SERVER_HELLO,CERTIFICATE,SERVER_HELLO_DONE,], Reccords=[Record{contentType=ModifiableByte{originalValue=22}, protocolVersion=Original byte value is: FE FD, length=ModifiableInteger{originalValue=89}},Record{contentType=ModifiableByte{originalValue=22}, protocolVersion=Original byte value is: FE FD, length=ModifiableInteger{originalValue=857}},Record{contentType=ModifiableByte{originalValue=22}, protocolVersion=Original byte value is: FE FD, length=ModifiableInteger{originalValue=12}},], NetworkState=null] ResponseFingerprint[Exception=false, Encrypted=false, #Records=0, #Messages=0, RecordClasses=[], MessageClasses=[], Messages=[], Reccords=[], NetworkState=null] ResponseFingerprint[Exception=false, Encrypted=false, #Records=1, #Messages=1, RecordClasses=[Record,], MessageClasses=[HelloVerifyRequestMessage,], Messages=[HELLO_VERIFY_REQUEST,], Reccords=[Record{contentType=ModifiableByte{originalValue=22}, protocolVersion=Original byte value is: FE FF, length=ModifiableInteger{originalValue=31}},], NetworkState=null] ResponseFingerprint[Exception=false, Encrypted=false, #Records=1, #Messages=1, RecordClasses=[Record,], MessageClasses=[HelloVerifyRequestMessage,], Messages=[HELLO_VERIFY_REQUEST,], Reccords=[Record{contentType=ModifiableByte{originalValue=22}, protocolVersion=Original byte value is: FE FF, length=ModifiableInteger{originalValue=31}},], NetworkState=null] ResponseFingerprint[Exception=false, Encrypted=false, #Records=3, #Messages=3, RecordClasses=[Record,Record,Record,], MessageClasses=[ServerHelloMessage,CertificateMessage,ServerHelloDoneMessage,], Messages=[SERVER_HELLO,CERTIFICATE,SERVER_HELLO_DONE,], Reccords=[Record{contentType=ModifiableByte{originalValue=22}, protocolVersion=Original byte value is: FE FD, length=ModifiableInteger{originalValue=89}},Record{contentType=ModifiableByte{originalValue=22}, protocolVersion=Original byte value is: FE FD, length=ModifiableInteger{originalValue=857}},Record{contentType=ModifiableByte{originalValue=22}, protocolVersion=Original byte value is: FE FD, length=ModifiableInteger{originalValue=12}},], NetworkState=null] ResponseFingerprint[Exception=false, Encrypted=false, #Records=0, #Messages=0, RecordClasses=[], MessageClasses=[], Messages=[], Reccords=[], NetworkState=null] ResponseFingerprint[Exception=false, Encrypted=false, #Records=3, #Messages=3, RecordClasses=[Record,Record,Record,], MessageClasses=[ServerHelloMessage,CertificateMessage,ServerHelloDoneMessage,], Messages=[SERVER_HELLO,CERTIFICATE,SERVER_HELLO_DONE,], Reccords=[Record{contentT