Non determinism when running test multiple times
Test: RSA_CLIENT_HELLO RSA_CLIENT_HELLO EMPTY_CERTIFICATE CERTIFICATE_VERIFY CERTIFICATE_VERIFY Alert(WARNING,CLOSE_NOTIFY)
2 times outputs: HELLO_VERIFY_REQUEST SERVER_HELLO,CERTIFICATE,CERTIFICATE_REQUEST,SERVER_HELLO_DONE TIMEOUT TIMEOUT TIMEOUT Alert(WARNING,CLOSE_NOTIFY)
1 times outputs: TIMEOUT SOCKET_CLOSED SOCKET_CLOSED SOCKET_CLOSED SOCKET_CLOSED SOCKET_CLOSED
Performing probabilistic sanitization
Most likely answer has likelyhood 1.0 after 7 runs
Answer deemed to be in acceptable range, returning answer
Output inconsistent with cache, discarding it and returning automaton output
Input: RSA_CLIENT_HELLO RSA_CLIENT_HELLO RSA_CLIENT_KEY_EXCHANGE CERTIFICATE CERTIFICATE Alert(WARNING,CLOSE_NOTIFY)
Spurious output: TIMEOUT SOCKET_CLOSED SOCKET_CLOSED SOCKET_CLOSED SOCKET_CLOSED SOCKET_CLOSED SOCKET_CLOSED SOCKET_CLOSED SOCKET_CLOSED SOCKET_CLOSED SOCKET_CLOSED SOCKET_CLOSED SOCKET_CLOSED SOCKET_CLOSED SOCKET_CLOSED SOCKET_CLOSED SOCKET_CLOSED SOCKET_CLOSED SOCKET_CLOSED SOCKET_CLOSED SOCKET_CLOSED SOCKET_CLOSED SOCKET_CLOSED SOCKET_CLOSED SOCKET_CLOSED
Cached output: HELLO_VERIFY_REQUEST SERVER_HELLO,CERTIFICATE,CERTIFICATE_REQUEST,SERVER_HELLO_DONE TIMEOUT TIMEOUT TIMEOUT Alert(WARNING,CLOSE_NOTIFY)
Non determinism when running test multiple times
Test: RSA_CLIENT_HELLO RSA_CLIENT_HELLO RSA_CLIENT_KEY_EXCHANGE CHANGE_CIPHER_SPEC RSA_CLIENT_HELLO FINISHED CERTIFICATE_VERIFY EMPTY_CERTIFICATE APPLICATION Alert(WARNING,CLOSE_NOTIFY)
2 times outputs: HELLO_VERIFY_REQUEST SERVER_HELLO,CERTIFICATE,CERTIFICATE_REQUEST,SERVER_HELLO_DONE TIMEOUT TIMEOUT TIMEOUT TIMEOUT TIMEOUT TIMEOUT TIMEOUT Alert(WARNING,CLOSE_NOTIFY)
1 times outputs: TIMEOUT SOCKET_CLOSED SOCKET_CLOSED SOCKET_CLOSED SOCKET_CLOSED SOCKET_CLOSED SOCKET_CLOSED SOCKET_CLOSED SOCKET_CLOSED SOCKET_CLOSED
Performing probabilistic sanitization
Most likely answer has likelyhood 1.0 after 7 runs
Answer deemed to be in acceptable range, returning answer
Output inconsistent with cache, discarding it and returning automaton output
Input: EMPTY_CERTIFICATE CERTIFICATE_VERIFY EMPTY_CERTIFICATE
Spurious output: TIMEOUT SOCKET_CLOSED SOCKET_CLOSED SOCKET_CLOSED SOCKET_CLOSED SOCKET_CLOSED SOCKET_CLOSED SOCKET_CLOSED SOCKET_CLOSED SOCKET_CLOSED
Cached output: TIMEOUT TIMEOUT TIMEOUT
Output changed following CE verification
Input: RSA_CLIENT_HELLO EMPTY_CERTIFICATE FINISHED RSA_CLIENT_HELLO CERTIFICATE_VERIFY RSA_CLIENT_HELLO CERTIFICATE_VERIFY CERTIFICATE Alert(WARNING,CLOSE_NOTIFY) CERTIFICATE CERTIFICATE_VERIFY RSA_CLIENT_HELLO
Original output: TIMEOUT SOCKET_CLOSED SOCKET_CLOSED SOCKET_CLOSED SOCKET_CLOSED SOCKET_CLOSED SOCKET_CLOSED SOCKET_CLOSED SOCKET_CLOSED SOCKET_CLOSED SOCKET_CLOSED SOCKET_CLOSED
New output: HELLO_VERIFY_REQUEST TIMEOUT TIMEOUT TIMEOUT TIMEOUT TIMEOUT TIMEOUT TIMEOUT Alert(WARNING,CLOSE_NOTIFY) SOCKET_CLOSED SOCKET_CLOSED SOCKET_CLOSED
New CE status: not a CE
Output inconsistent with cache, discarding it and returning automaton output
Input: RSA_CLIENT_KEY_EXCHANGE CERTIFICATE RSA_CLIENT_HELLO CERTIFICATE
Spurious output: TIMEOUT SOCKET_CLOSED SOCKET_CLOSED SOCKET_CLOSED SOCKET_CLOSED SOCKET_CLOSED SOCKET_CLOSED SOCKET_CLOSED SOCKET_CLOSED SOCKET_CLOSED SOCKET_CLOSED SOCKET_CLOSED SOCKET_CLOSED SOCKET_CLOSED SOCKET_CLOSED SOCKET_CLOSED SOCKET_CLOSED SOCKET_CLOSED SOCKET_CLOSED SOCKET_CLOSED SOCKET_CLOSED SOCKET_CLOSED SOCKET_CLOSED SOCKET_CLOSED SOCKET_CLOSED SOCKET_CLOSED SOCKET_CLOSED SOCKET_CLOSED
Cached output: TIMEOUT TIMEOUT TIMEOUT TIMEOUT
Output changed following CE verification
Input: RSA_CLIENT_HELLO RSA_CLIENT_HELLO RSA_CLIENT_KEY_EXCHANGE CHANGE_CIPHER_SPEC EMPTY_CERTIFICATE CERTIFICATE_VERIFY RSA_CLIENT_HELLO CHANGE_CIPHER_SPEC Alert(WARNING,CLOSE_NOTIFY) CERTIFICATE_VERIFY CERTIFICATE CERTIFICATE FINISHED RSA_CLIENT_HELLO
Original output: TIMEOUT SOCKET_CLOSED SOCKET_CLOSED SOCKET_CLOSED SOCKET_CLOSED SOCKET_CLOSED SOCKET_CLOSED SOCKET_CLOSED SOCKET_CLOSED SOCKET_CLOSED SOCKET_CLOSED SOCKET_CLOSED SOCKET_CLOSED SOCKET_CLOSED
New output: HELLO_VERIFY_REQUEST SERVER_HELLO,CERTIFICATE,CERTIFICATE_REQUEST,SERVER_HELLO_DONE TIMEOUT TIMEOUT TIMEOUT TIMEOUT TIMEOUT TIMEOUT TIMEOUT Alert(FATAL,HANDSHAKE_FAILURE) SOCKET_CLOSED SOCKET_CLOSED SOCKET_CLOSED SOCKET_CLOSED
New CE status: not a CE
