Output inconsistent with cache, rerunning membership query
Input: DH_CLIENT_HELLO DH_CLIENT_HELLO EMPTY_CERTIFICATE CERTIFICATE_VERIFY DH_CLIENT_KEY_EXCHANGE DH_CLIENT_HELLO DH_CLIENT_HELLO ECDH_CLIENT_HELLO
Unexpected output: CLIENT_HELLO SOCKET_CLOSED SOCKET_CLOSED SOCKET_CLOSED SOCKET_CLOSED SOCKET_CLOSED SOCKET_CLOSED SOCKET_CLOSED SOCKET_CLOSED
Cached output: HELLO_VERIFY_REQUEST SERVER_HELLO,CERTIFICATE,DHE_SERVER_KEY_EXCHANGE,SERVER_HELLO_DONE TIMEOUT TIMEOUT TIMEOUT TIMEOUT HELLO_VERIFY_REQUEST HELLO_VERIFY_REQUEST
Output changed following rerun
Input: DH_CLIENT_HELLO DH_CLIENT_HELLO EMPTY_CERTIFICATE CERTIFICATE_VERIFY DH_CLIENT_KEY_EXCHANGE DH_CLIENT_HELLO DH_CLIENT_HELLO ECDH_CLIENT_HELLO CHANGE_CIPHER_SPEC
Original output: CLIENT_HELLO SOCKET_CLOSED SOCKET_CLOSED SOCKET_CLOSED SOCKET_CLOSED SOCKET_CLOSED SOCKET_CLOSED SOCKET_CLOSED SOCKET_CLOSED
New output: HELLO_VERIFY_REQUEST SERVER_HELLO,CERTIFICATE,DHE_SERVER_KEY_EXCHANGE,SERVER_HELLO_DONE TIMEOUT TIMEOUT TIMEOUT TIMEOUT HELLO_VERIFY_REQUEST HELLO_VERIFY_REQUEST TIMEOUT
Output changed following CE verification
Input: DH_CLIENT_HELLO DH_CLIENT_HELLO DH_CLIENT_KEY_EXCHANGE EMPTY_CERTIFICATE CERTIFICATE_VERIFY CHANGE_CIPHER_SPEC DH_CLIENT_KEY_EXCHANGE APPLICATION RSA_CLIENT_KEY_EXCHANGE ECDH_CLIENT_HELLO FINISHED RSA_CLIENT_HELLO RSA_CLIENT_KEY_EXCHANGE RSA_CLIENT_HELLO RSA_CLIENT_KEY_EXCHANGE CHANGE_CIPHER_SPEC APPLICATION
Original output: CLIENT_HELLO SOCKET_CLOSED SOCKET_CLOSED SOCKET_CLOSED SOCKET_CLOSED SOCKET_CLOSED SOCKET_CLOSED SOCKET_CLOSED SOCKET_CLOSED SOCKET_CLOSED SOCKET_CLOSED SOCKET_CLOSED SOCKET_CLOSED SOCKET_CLOSED SOCKET_CLOSED SOCKET_CLOSED SOCKET_CLOSED
New output: HELLO_VERIFY_REQUEST SERVER_HELLO,CERTIFICATE,DHE_SERVER_KEY_EXCHANGE,SERVER_HELLO_DONE TIMEOUT TIMEOUT TIMEOUT TIMEOUT TIMEOUT TIMEOUT TIMEOUT TIMEOUT TIMEOUT TIMEOUT TIMEOUT TIMEOUT TIMEOUT TIMEOUT TIMEOUT
New CE status: not a CE
Output changed following CE verification
Input: CHANGE_CIPHER_SPEC EMPTY_CERTIFICATE APPLICATION Alert(FATAL,UNEXPECTED_MESSAGE) DH_CLIENT_HELLO APPLICATION ECDH_CLIENT_HELLO RSA_CLIENT_HELLO FINISHED ECDH_CLIENT_KEY_EXCHANGE Alert(WARNING,CLOSE_NOTIFY) CERTIFICATE_VERIFY APPLICATION FINISHED ECDH_CLIENT_KEY_EXCHANGE DH_CLIENT_HELLO CERTIFICATE_VERIFY ECDH_CLIENT_KEY_EXCHANGE FINISHED
Original output: CHANGE_CIPHER_SPEC SOCKET_CLOSED SOCKET_CLOSED SOCKET_CLOSED SOCKET_CLOSED SOCKET_CLOSED SOCKET_CLOSED SOCKET_CLOSED SOCKET_CLOSED SOCKET_CLOSED SOCKET_CLOSED SOCKET_CLOSED SOCKET_CLOSED SOCKET_CLOSED SOCKET_CLOSED SOCKET_CLOSED SOCKET_CLOSED SOCKET_CLOSED SOCKET_CLOSED
New output: TIMEOUT TIMEOUT TIMEOUT TIMEOUT TIMEOUT TIMEOUT TIMEOUT TIMEOUT TIMEOUT TIMEOUT TIMEOUT TIMEOUT TIMEOUT TIMEOUT TIMEOUT TIMEOUT TIMEOUT TIMEOUT TIMEOUT
New CE status: not a CE
Output inconsistent with cache, discarding it and returning automaton output
Input: DH_CLIENT_HELLO DH_CLIENT_HELLO CERTIFICATE_VERIFY DH_CLIENT_HELLO ECDH_CLIENT_KEY_EXCHANGE
Spurious output: TIMEOUT SOCKET_CLOSED SOCKET_CLOSED SOCKET_CLOSED SOCKET_CLOSED SOCKET_CLOSED SOCKET_CLOSED SOCKET_CLOSED SOCKET_CLOSED SOCKET_CLOSED SOCKET_CLOSED SOCKET_CLOSED SOCKET_CLOSED SOCKET_CLOSED
Cached output: HELLO_VERIFY_REQUEST SERVER_HELLO,CERTIFICATE,DHE_SERVER_KEY_EXCHANGE,SERVER_HELLO_DONE TIMEOUT HELLO_VERIFY_REQUEST TIMEOUT
Output inconsistent with cache, discarding it and returning automaton output
Input: ECDH_CLIENT_HELLO ECDH_CLIENT_HELLO EMPTY_CERTIFICATE ECDH_CLIENT_HELLO
Spurious output: TIMEOUT SOCKET_CLOSED SOCKET_CLOSED SOCKET_CLOSED SOCKET_CLOSED SOCKET_CLOSED SOCKET_CLOSED SOCKET_CLOSED SOCKET_CLOSED SOCKET_CLOSED SOCKET_CLOSED SOCKET_CLOSED SOCKET_CLOSED SOCKET_CLOSED SOCKET_CLOSED SOCKET_CLOSED
Cached output: HELLO_VERIFY_REQUEST SERVER_HELLO,CERTIFICATE,ECDHE_SERVER_KEY_EXCHANGE,SERVER_HELLO_DONE TIMEOUT TIMEOUT
Output inconsistent with cache, discarding it and returning automaton output
Input: DH_CLIENT_HELLO DH_CLIENT_HELLO Alert(FATAL,UNEXPECTED_MESSAGE) DH_CLIENT_HELLO RSA_CLIENT_HELLO RSA_CLIENT_HELLO
Spurious output: TIMEOUT SOCKET_CLOSED SOCKET_CLOSED SOCKET_CLOSED SOCKET_CLOSED SOCKET_CLOSED SOCKET_CLOSED SOCKET_CLOSED SOCKET_CLOSED SOCKET_CLOSED SOCKET_CLOSED SOCKET_CLOSED SOCKET_CLOSED SOCKET_CLOSED SOCKET_CLOSED SOCKET_CLOSED SOCKET_CLOSED SOCKET_CLOSED SOCKET_CLOSED SOCKET_CLOSED SOCKET_CLOSED SOCKET_CLOSED
Cached output: HELLO_VERIFY_REQUEST SERVER_HELLO,CERTIFICATE,DHE_SERVER_KEY_EXCHANGE,SERVER_HELLO_DONE TIMEOUT HELLO_VERIFY_REQUEST HELLO_VERIFY_REQUEST SERVER_HELLO,CERTIFICATE,SERVER_HELLO_DONE
Output inconsistent with cache, discarding it and returning automaton output
Input: DH_CLIENT_HELLO DH_CLIENT_HELLO Alert(FATAL,UNEXPECTED_MESSAGE) RSA_CLIENT_HELLO
Spurious output: TIMEOUT SOCKET_CLOSED SOCKET_CLOSED SOCKET_CLOSED SOCKET_CLOSED SOCKET_CLOSED SOCKET_CLOSED SOCKET_CLOSED SOCKET_CLOSED SOCKET_CLOSED SOCKET_CLOSED SOCKET_CLOSED SOCKET_CLOSED SOCKET_CLOSED SOCKET_CLOSED SOCKET_CLOSED SOCKET_CLOSED SOCKET_CLOSED
Cached output: HELLO_VERIFY_REQUEST SERVER_HELLO,CERTIFICATE,DHE_SERVER_KEY_EXCHANGE,SERVER_HELLO_DONE TIMEOUT HELLO_VERIFY_REQUEST
Non determinism when running test multiple times
Test: DH_CLIENT_HELLO DH_CLIENT_HELLO APPLICATION APPLICATION FINISHED CERTIFICATE DH_CLIENT_HELLO FINISHED EMPTY_CERTIFICATE ECDH_CLIENT_KEY_EXCHANGE CHANGE_CIPHER_SPEC ECDH_CLIENT_KEY_EXCHANGE FINISHED FINISHED CERTIFICATE_VERIFY
2 times outputs: TIMEOUT SOCKET_CLOSED SOCKET_CLOSED SOCKET_CLOSED SOCKET_CLOSED SOCKET_CLOSED SOCKET_CLOSED SOCKET_CLOSED SOCKET_CLOSED SOCKET_CLOSED SOCKET_CLOSED SOCKET_CLOSED SOCKET_CLOSED SOCKET_CLOSED SOCKET_CLOSED
1 times outputs: HELLO_VERIFY_REQUEST SERVER_HELLO,CERTIFICATE,DHE_SERVER_KEY_EXCHANGE,SERVER_HELLO_DONE Alert(FATAL,UNEXPECTED_MESSAGE) Alert(FATAL,UNEXPECTED_MESSAGE) TIMEOUT TIMEOUT HELLO_VERIFY_REQUEST TIMEOUT TIMEOUT TIMEOUT TIMEOUT TIMEOUT TIMEOUT TIMEOUT TIMEOUT
Performing probabilistic sanitization
Most likely answer has likelyhood 1.0 after 7 runs
Answer deemed to be in acceptable range, returning answer
Output changed following CE verification
Input: DH_CLIENT_HELLO DH_CLIENT_HELLO APPLICATION APPLICATION FINISHED CERTIFICATE DH_CLIENT_HELLO FINISHED EMPTY_CERTIFICATE ECDH_CLIENT_KEY_EXCHANGE CHANGE_CIPHER_SPEC ECDH_CLIENT_KEY_EXCHANGE FINISHED FINISHED CERTIFICATE_VERIFY
Original output: TIMEOUT SOCKET_CLOSED SOCKET_CLOSED SOCKET_CLOSED SOCKET_CLOSED SOCKET_CLOSED SOCKET_CLOSED SOCKET_CLOSED SOCKET_CLOSED SOCKET_CLOSED SOCKET_CLOSED SOCKET_CLOSED SOCKET_CLOSED SOCKET_CLOSED SOCKET_CLOSED
New output: HELLO_VERIFY_REQUEST SERVER_HELLO,CERTIFICATE,DHE_SERVER_KEY_EXCHANGE,SERVER_HELLO_DONE Alert(FATAL,UNEXPECTED_MESSAGE) Alert(FATAL,UNEXPECTED_MESSAGE) TIMEOUT TIMEOUT HELLO_VERIFY_REQUEST TIMEOUT TIMEOUT TIMEOUT TIMEOUT TIMEOUT TIMEOUT TIMEOUT TIMEOUT
New CE status: not a CE
Output inconsistent with cache, rerunning membership query
Input: DH_CLIENT_HELLO DH_CLIENT_HELLO EMPTY_CERTIFICATE CERTIFICATE_VERIFY DH_CLIENT_KEY_EXCHANGE ECDH_CLIENT_KEY_EXCHANGE ECDH_CLIENT_KEY_EXCHANGE ECDH_CLIENT_KEY_EXCHANGE ECDH_CLIENT_KEY_EXCHANGE ECDH_CLIENT_KEY_EXCHANGE ECDH_CLIENT_KEY_EXCHANGE ECDH_CLIENT_KEY_EXCHANGE ECDH_CLIENT_KEY_EXCHANGE ECDH_CLIENT_KEY_EXCHANGE ECDH_CLIENT_KEY_EXCHANGE ECDH_CLIENT_KEY_EXCHANGE ECDH_CLIENT_KEY_EXCHANGE ECDH_CLIENT_KEY_EXCHANGE ECDH_CLIENT_KEY_EXCHANGE ECDH_CLIENT_KEY_EXCHANGE ECDH_CLIENT_KEY_EXCHANGE ECDH_CLIENT_KEY_EXCHANGE ECDH_CLIENT_KEY_EXCHANGE ECDH_CLIENT_KEY_EXCHANGE ECDH_CLIENT_KEY_EXCHANGE ECDH_CLIENT_KEY_EXCHANGE ECDH_CLIENT_KEY_EXCHANGE ECDH_CLIENT_KEY_EXCHANGE ECDH_CLIENT_KEY_EXCHANGE ECDH_CLIENT_KEY_EXCHANGE ECDH_CLIENT_KEY_EXCHANGE ECDH_CLIENT_KEY_EXCHANGE
Unexpected output: CLIENT_HELLO SOCKET_CLOSED SOCKET_CLOSED SOCKET_CLOSED SOCKET_CLOSED SOCKET_CLOSED SOCKET_CLOSED SOCKET_CLOSED SOCKET_CLOSED SOCKET_CLOSED SOCKET_CLOSED SOCKET_CLOSED SOCKET_CLOSED SOCKET_CLOSED SOCKET_CLOSED SOCKET_CLOSED SOCKET_CLOSED SOCKET_CLOSED SOCKET_CLOSED SOCKET_CLOSED SOCKET_CLOSED SOCKET_CLOSED SOCKET_CLOSED SOCKET_CLOSED SOCKET_CLOSED SOCKET_CLOSED SOCKET_CLOSED SOCKET_CLOSED SOCKET_CLOSED SOCKET_CLOSED SOCKET_CLOSED SOCKET_CLOSED SOCKET_CLOSED SOCKET_CLOSED SOCKET_CLOSED SOCKET_CLOSED SOCKET_CLOSED SOCKET_CLOSED SOCKET_CLOSED SOCKET_CLOSED SOCKET_CLOSED SOCKET_CLOSED SOCKET_CLOSED SOCKET_CLOSED SOCKET_CLOSED SOCKET_CLOSED SOCKET_CLOSED SOCKET_CLOSED SOCKET_CLOSED
Cached output: HELLO_VERIFY_REQUEST SERVER_HELLO,CERTIFICATE,DHE_SERVER_KEY_EXCHANGE,SERVER_HELLO_DONE TIMEOUT TIMEOUT TIMEOUT TIMEOUT TIMEOUT TIMEOUT TIMEOUT TIMEOUT TIMEOUT TIMEOUT TIMEOUT TIMEOUT TIMEOUT TIMEOUT TIMEOUT TIMEOUT TIMEOUT TIMEOUT TIMEOUT TIMEOUT TIMEOUT TIMEOUT TIMEOUT TIMEOUT TIMEOUT TIMEOUT TIMEOUT TIMEOUT TIMEOUT TIMEOUT
Output changed following rerun
Input: DH_CLIENT_HELLO DH_CLIENT_HELLO EMPTY_CERTIFICATE CERTIFICATE_VERIFY DH_CLIENT_KEY_EXCHANGE ECDH_CLIENT_KEY_EXCHANGE ECDH_CLIENT_KEY_EXCHANGE ECDH_CLIENT_KEY_EXCHANGE ECDH_CLIENT_KEY_EXCHANGE ECDH_CLIENT_KEY_EXCHANGE ECDH_CLIENT_KEY_EXCHANGE ECDH_CLIENT_KEY_EXCHANGE ECDH_CLIENT_KEY_EXCHANGE ECDH_CLIENT_KEY_EXCHANGE ECDH_CLIENT_KEY_EXCHANGE ECDH_CLIENT_KEY_EXCHANGE ECDH_CLIENT_KEY_EXCHANGE ECDH_CLIENT_KEY_EXCHANGE ECDH_CLIENT_KEY_EXCHANGE ECDH_CLIENT_KEY_EXCHANGE ECDH_CLIENT_KEY_EXCHANGE ECDH_CLIENT_KEY_EXCHANGE ECDH_CLIENT_KEY_EXCHANGE ECDH_CLIENT_KEY_EXCHANGE ECDH_CLIENT_KEY_EXCHANGE ECDH_CLIENT_KEY_EXCHANGE ECDH_CLIENT_KEY_EXCHANGE ECDH_CLIENT_KEY_EXCHANGE ECDH_CLIENT_KEY_EXCHANGE ECDH_CLIENT_KEY_EXCHANGE ECDH_CLIENT_KEY_EXCHANGE ECDH_CLIENT_KEY_EXCHANGE ECDH_CLIENT_KEY_EXCHANGE DH_CLIENT_HELLO ECDH_CLIENT_KEY_EXCHANGE ECDH_CLIENT_KEY_EXCHANGE ECDH_CLIENT_KEY_EXCHANGE ECDH_CLIENT_KEY_EXCHANGE ECDH_CLIENT_KEY_EXCHANGE ECDH_CLIENT_KEY_EXCHANGE ECDH_CLIENT_KEY_EXCHANGE ECDH_CLIENT_KEY_EXCHANGE ECDH_CLIENT_KEY_EXCHANGE ECDH_CLIENT_KEY_EXCHANGE ECDH_CLIENT_KEY_EXCHANGE ECDH_CLIENT_KEY_EXCHANGE DH_CLIENT_HELLO ECDH_CLIENT_KEY_EXCHANGE DH_CLIENT_HELLO
Original output: CLIENT_HELLO SOCKET_CLOSED SOCKET_CLOSED SOCKET_CLOSED SOCKET_CLOSED SOCKET_CLOSED SOCKET_CLOSED SOCKET_CLOSED SOCKET_CLOSED SOCKET_CLOSED SOCKET_CLOSED SOCKET_CLOSED SOCKET_CLOSED SOCKET_CLOSED SOCKET_CLOSED SOCKET_CLOSED SOCKET_CLOSED SOCKET_CLOSED SOCKET_CLOSED SOCKET_CLOSED SOCKET_CLOSED SOCKET_CLOSED SOCKET_CLOSED SOCKET_CLOSED SOCKET_CLOSED SOCKET_CLOSED SOCKET_CLOSED SOCKET_CLOSED SOCKET_CLOSED SOCKET_CLOSED SOCKET_CLOSED SOCKET_CLOSED SOCKET_CLOSED SOCKET_CLOSED SOCKET_CLOSED SOCKET_CLOSED SOCKET_CLOSED SOCKET_CLOSED SOCKET_CLOSED SOCKET_CLOSED SOCKET_CLOSED SOCKET_CLOSED SOCKET_CLOSED SOCKET_CLOSED SOCKET_CLOSED SOCKET_CLOSED SOCKET_CLOSED SOCKET_CLOSED SOCKET_CLOSED
New output: HELLO_VERIFY_REQUEST SERVER_HELLO,CERTIFICATE,DHE_SERVER_KEY_EXCHANGE,SERVER_HELLO_DONE TIMEOUT TIMEOUT TIMEOUT TIMEOUT TIMEOUT TIMEOUT TIMEOUT TIMEOUT TIMEOUT TIMEOUT TIMEOUT TIMEOUT TIMEOUT TIMEOUT TIMEOUT TIMEOUT TIMEOUT TIMEOUT TIMEOUT TIMEOUT TIMEOUT TIMEOUT TIMEOUT TIMEOUT TIMEOUT TIMEOUT TIMEOUT TIMEOUT TIMEOUT TIMEOUT TIMEOUT HELLO_VERIFY_REQUEST TIMEOUT TIMEOUT TIMEOUT TIMEOUT TIMEOUT TIMEOUT TIMEOUT TIMEOUT TIMEOUT TIMEOUT TIMEOUT TIMEOUT HELLO_VERIFY_REQUEST TIMEOUT HELLO_VERIFY_REQUEST
Output inconsistent with cache, rerunning membership query
Input: DH_CLIENT_HELLO DH_CLIENT_HELLO ECDH_CLIENT_KEY_EXCHANGE DH_CLIENT_HELLO Alert(WARNING,CLOSE_NOTIFY) ECDH_CLIENT_KEY_EXCHANGE
Unexpected output: TIMEOUT SOCKET_CLOSED SOCKET_CLOSED SOCKET_CLOSED SOCKET_CLOSED SOCKET_CLOSED SOCKET_CLOSED SOCKET_CLOSED SOCKET_CLOSED SOCKET_CLOSED
Cached output: HELLO_VERIFY_REQUEST SERVER_HELLO,CERTIFICATE,DHE_SERVER_KEY_EXCHANGE,SERVER_HELLO_DONE TIMEOUT HELLO_VERIFY_REQUEST TIMEOUT TIMEOUT
